sample.interval=20000
<<<<<<< HEAD
"any" "prettyNum" "format.default" "format" "format.fun" "paste" "nchar" "maybe_truncate" "formObj" "cat" "str.default" "str" "<Anonymous>" "do.call" "strSub" "str.default" "NextMethod" "str.data.frame" "str" "doTryCatch" "tryCatchOne" "tryCatchList" "tryCatch" "try" "eval" "eval" "withVisible" "evalVis" "capture.output" "eval" "doTryCatch" "tryCatchOne" "tryCatchList" "tryCatch" ".rs.withTimeLimit" ".rs.valueFromStr" "doTryCatch" "tryCatchOne" "tryCatchList" "tryCatch" ".rs.valueContents" "<Anonymous>" 
".Call" ".rs.getKnitParamsForDocument" ".rs.injectKnitrParamsObject" "<Anonymous>" 
"substring" ".rs.startsWith" ".rs.fuzzyMatches" ".rs.getCompletionsSearchPath" "Reduce" "<Anonymous>" 
"%in%" ".deparseOpts" "deparse" "mode" "%in%" "deparse" "mode" "%in%" "deparse" "value[[3]]" "tryCatchOne" "tryCatchList" "tryCatch" "base::try" 
"tryCatchList" "tryCatch" "base::try" 
"Ops.factor" "==" "[.data.frame" "[" "getEstimatesCPUElength" 
"eval" "match.arg" "sort.int" "Ops.factor" "==" "[.data.frame" "[" "calcmCPUEstatRec" "calcmCPUErfa" "getEstimatesCPUElength" 
"factor" "unique.default" "unique" "calcmCPUEstatRec" "calcmCPUErfa" "getEstimatesCPUElength" 
"NextMethod" "Ops.factor" "==" "[.data.frame" "[" "calcmCPUEstatRec" "calcmCPUErfa" "getEstimatesCPUElength" 
"attributes" "structure" "simpleError" "tryCatchOne" "tryCatchList" "tryCatch" "base::try" 
"unlist" "unique" "findLocalsList1" "FUN" "lapply" "unlist" "unique" "findLocalsList1" "unique" "FUN" "lapply" "unlist" "unique" "findLocalsList1" "FUN" "lapply" "unlist" "unique" "findLocalsList1" "FUN" "lapply" "unlist" "unique" "findLocalsList1" "FUN" "lapply" "unlist" "unique" "findLocalsList1" "FUN" "lapply" "unlist" "unique" "findLocalsList1" "findLocalsList" "funEnv" "make.functionContext" "cmpfun" "doTryCatch" "tryCatchOne" "tryCatchList" "tryCatch" "compiler:::tryCmpfun" "getEstimatesCPUEage" 
"findCenvVar" "getInlineInfo" "isBaseVar" "mayCallBrowser" "mayCallBrowserList" "mayCallBrowser" "mayCallBrowserList" "mayCallBrowser" "mayCallBrowserList" "mayCallBrowser" "mayCallBrowserList" "mayCallBrowser" "mayCallBrowserList" "mayCallBrowser" "cmpfun" "doTryCatch" "tryCatchOne" "tryCatchList" "tryCatch" "compiler:::tryCmpfun" "getEstimatesCPUEage" 
"findCenvVar" "getInlineInfo" "tryInline" "cmpCall" "cmp" "cmpPrim2" "h" "tryInline" "cmpCall" "cmp" "cmpPrim2" "h" "tryInline" "cmpCall" "cmp" "cmpPrim2" "h" "tryInline" "cmpCall" "cmp" "cmpBuiltinArgs" "cmpDispatch" "h" "tryInline" "cmpCall" "cmp" "cmpSymbolAssign" "h" "tryInline" "cmpCall" "cmp" "h" "tryInline" "cmpCall" "cmp" "genCode" "cmpfun" "doTryCatch" "tryCatchOne" "tryCatchList" "tryCatch" "compiler:::tryCmpfun" "getEstimatesCPUEage" 
"findCenvVar" "getInlineInfo" "tryInline" "cmpCall" "cmp" "cmpPrim2" "h" "tryInline" "cmpCall" "cmp" "cmpPrim2" "h" "tryInline" "cmpCall" "cmp" "cmpPrim2" "h" "tryInline" "cmpCall" "cmp" "cmpBuiltinArgs" "cmpDispatch" "h" "tryInline" "cmpCall" "cmp" "cmpSymbolAssign" "h" "tryInline" "cmpCall" "cmp" "h" "tryInline" "cmpCall" "cmp" "genCode" "cmpfun" "doTryCatch" "tryCatchOne" "tryCatchList" "tryCatch" "compiler:::tryCmpfun" "getEstimatesCPUEage" 
"findCenvVar" "getInlineInfo" "tryInline" "cmpCall" "cmp" "cmpPrim2" "h" "tryInline" "cmpCall" "cmp" "cmpPrim2" "h" "tryInline" "cmpCall" "cmp" "cmpPrim2" "h" "tryInline" "cmpCall" "cmp" "cmpBuiltinArgs" "cmpDispatch" "h" "tryInline" "cmpCall" "cmp" "cmpSymbolAssign" "h" "tryInline" "cmpCall" "cmp" "h" "tryInline" "cmpCall" "cmp" "genCode" "cmpfun" "doTryCatch" "tryCatchOne" "tryCatchList" "tryCatch" "compiler:::tryCmpfun" "getEstimatesCPUEage" 
"h" "tryInline" "cmpCall" "cmp" "h" "tryInline" "cmpCall" "cmp" "genCode" "cmpfun" "doTryCatch" "tryCatchOne" "tryCatchList" "tryCatch" "compiler:::tryCmpfun" "getEstimatesCPUEage" 
"cb$putcode" "cmpForBody" "h" "tryInline" "cmpCall" "cmp" "h" "tryInline" "cmpCall" "cmp" "h" "tryInline" "cmpCall" "cmp" "h" "tryInline" "cmpCall" "cmp" "genCode" "cmpfun" "doTryCatch" "tryCatchOne" "tryCatchList" "tryCatch" "compiler:::tryCmpfun" "getEstimatesCPUEage" 
"constantFold" "cmp" "genCode" "cb$putconst" "cmpCallArgs" "cmpCallSymFun" "cmpCall" "cmp" "cmpSymbolAssign" "h" "tryInline" "cmpCall" "cmp" "h" "tryInline" "cmpCall" "cmp" "h" "tryInline" "cmpCall" "cmp" "h" "tryInline" "cmpCall" "cmp" "h" "tryInline" "cmpCall" "cmp" "h" "tryInline" "cmpCall" "cmp" "h" "tryInline" "cmpCall" "cmp" "h" "tryInline" "cmpCall" "cmp" "cmpForBody" "h" "tryInline" "cmpCall" "cmp" "h" "tryInline" "cmpCall" "cmp" "genCode" "cmpfun" "doTryCatch" "tryCatchOne" "tryCatchList" "tryCatch" "compiler:::tryCmpfun" "getEstimatesCPUEage" 
"findCenvVar" "findVar" "cmpSym" "cmp" "genCode" "cb$putconst" "cmpCallArgs" "cmpCallSymFun" "cmpCall" "cmp" "cmpSymbolAssign" "h" "tryInline" "cmpCall" "cmp" "h" "tryInline" "cmpCall" "cmp" "h" "tryInline" "cmpCall" "cmp" "h" "tryInline" "cmpCall" "cmp" "cmpForBody" "h" "tryInline" "cmpCall" "cmp" "h" "tryInline" "cmpCall" "cmp" "genCode" "cmpfun" "doTryCatch" "tryCatchOne" "tryCatchList" "tryCatch" "compiler:::tryCmpfun" "getEstimatesCPUEage" 
"cmpSym" "cmp" "cmpSubassignDispatch" "h" "trySetterInline" "cmpSetterCall" "cmpComplexAssign" "h" "tryInline" "cmpCall" "cmp" "h" "tryInline" "cmpCall" "cmp" "cmpForBody" "h" "tryInline" "cmpCall" "cmp" "h" "tryInline" "cmpCall" "cmp" "genCode" "cmpfun" "doTryCatch" "tryCatchOne" "tryCatchList" "tryCatch" "compiler:::tryCmpfun" "getEstimatesCPUEage" 
"is.na" "Ops.factor" "==" "[.data.frame" "[" "getEstimatesCPUEage" 
"$.data.frame" "$" "calculateALK" "getEstimatesCPUEage" 
".deparseOpts" "deparse" "mode" "%in%" "deparse" "paste" "force" "as.data.frame.numeric" "as.data.frame" "<Anonymous>" "do.call" "as.data.frame.list" "as.data.frame" "data.frame" "Ops.data.frame" "*" "calcmCPUEstatRecWithALK" "calcmCPUErfaWithALK" "getEstimatesCPUEage" 
"constantFold" "cmp" "h" "tryInline" "cmpCall" "cmp" "h" "tryInline" "cmpCall" "cmp" "genCode" "cmpfun" "doTryCatch" "tryCatchOne" "tryCatchList" "tryCatch" "compiler:::tryCmpfun" "calcmCPUEstatRecWithALK" "calcmCPUErfaWithALK" "getEstimatesCPUEage" 
"pmatch" ".deparseOpts" "deparse" "paste" "force" "as.data.frame.numeric" "as.data.frame" "<Anonymous>" "do.call" "as.data.frame.list" "as.data.frame" "data.frame" "Ops.data.frame" "calcmCPUEstatRecWithALK" "calcmCPUErfaWithALK" "getEstimatesCPUEage" 
"c" "%in%" "deparse" "mode" "%in%" "deparse" "paste" "force" "as.data.frame.numeric" "as.data.frame" "<Anonymous>" "do.call" "as.data.frame.list" "as.data.frame" "data.frame" "Ops.data.frame" "calcmCPUEstatRecWithALK" "calcmCPUErfaWithALK" "getEstimatesCPUEage" 
"as.list.default" "as.list" "<Anonymous>" "do.call" "as.data.frame.list" "as.data.frame" "data.frame" "Ops.data.frame" "calcmCPUEstatRecWithALK" "calcmCPUErfaWithALK" "getEstimatesCPUEage" 
"Ops.factor" "==" "[.data.frame" "[" "calcmCPUEstatRecWithALK" "calcmCPUErfaWithALK" "getEstimatesCPUEage" 
"factor" "unique.default" "unique" "calcmCPUEstatRecWithALK" "calcmCPUErfaWithALK" "getEstimatesCPUEage" 
"is.na" "Ops.factor" "==" "which" "NextMethod" "[.factor" "[" "unique" "calcmCPUEstatRecWithALK" "calcmCPUErfaWithALK" "getEstimatesCPUEage" 
"structure" "as.data.frame.numeric" "as.data.frame" "<Anonymous>" "do.call" "as.data.frame.list" "as.data.frame" "data.frame" "Ops.data.frame" "calcmCPUEstatRecWithALK" "calcmCPUErfaWithALK" "getEstimatesCPUEage" 
"eval" "Ops.data.frame" "calcmCPUEstatRecWithALK" "calcmCPUErfaWithALK" "getEstimatesCPUEage" 
"<Anonymous>" "do.call" "as.data.frame.list" "as.data.frame" "data.frame" "Ops.data.frame" "calcmCPUEstatRecWithALK" "calcmCPUErfaWithALK" "getEstimatesCPUEage" 
"pmatch" ".deparseOpts" "deparse" "mode" "%in%" "deparse" "paste" "force" "as.data.frame.numeric" "as.data.frame" "<Anonymous>" "do.call" "as.data.frame.list" "as.data.frame" "data.frame" "Ops.data.frame" "calcmCPUEstatRecWithALK" "calcmCPUErfaWithALK" "getEstimatesCPUEage" 
".deparseOpts" "deparse" "mode" "%in%" "deparse" "paste" "force" "as.data.frame.numeric" "as.data.frame" "<Anonymous>" "do.call" "as.data.frame.list" "as.data.frame" "data.frame" "Ops.data.frame" "calcmCPUEstatRecWithALK" "calcmCPUErfaWithALK" "getEstimatesCPUEage" 
"mode" "%in%" "deparse" "paste" "force" "as.data.frame.numeric" "as.data.frame" "<Anonymous>" "do.call" "as.data.frame.list" "as.data.frame" "data.frame" "Ops.data.frame" "calcmCPUEstatRecWithALK" "calcmCPUErfaWithALK" "getEstimatesCPUEage" 
"as.list" "data.frame" "Ops.data.frame" "calcmCPUEstatRecWithALK" "calcmCPUErfaWithALK" "getEstimatesCPUEage" 
"[.data.frame" "[" "calcmCPUEstatRecWithALK" "calcmCPUErfaWithALK" "getEstimatesCPUEage" 
"lapply" "unlist" "unique" "findLocalsList1" "unique" "FUN" "lapply" "unlist" "unique" "findLocalsList1" "FUN" "lapply" "unlist" "unique" "findLocalsList1" "findLocalsList" "funEnv" "make.functionContext" "cmpfun" "doTryCatch" "tryCatchOne" "tryCatchList" "tryCatch" "compiler:::tryCmpfun" "simTrawlHaulsHiearchical" "getEstimatesCPUEage" 
"h" "tryInline" "cmpCall" "cmp" "cmpPrim2" "h" "tryInline" "cmpCall" "cmp" "cmpPrim2" "h" "tryInline" "cmpCall" "cmp" "cmpPrim2" "h" "tryInline" "cmpCall" "cmp" "cmpBuiltinArgs" "cmpDispatch" "h" "tryInline" "cmpCall" "cmp" "h" "tryInline" "cmpCall" "cmp" "h" "tryInline" "cmpCall" "cmp" "genCode" "h" "tryInline" "cmpCall" "cmp" "cmpSymbolAssign" "h" "tryInline" "cmpCall" "cmp" "h" "tryInline" "cmpCall" "cmp" "genCode" "cmpfun" "doTryCatch" "tryCatchOne" "tryCatchList" "tryCatch" "compiler:::tryCmpfun" "simTrawlHaulsHiearchical" "getEstimatesCPUEage" 
"mayCallBrowser" "mayCallBrowserList" "mayCallBrowser" "mayCallBrowserList" "mayCallBrowser" "mayCallBrowserList" "mayCallBrowser" "mayCallBrowserList" "mayCallBrowser" "mayCallBrowserList" "mayCallBrowser" "cmpfun" "doTryCatch" "tryCatchOne" "tryCatchList" "tryCatch" "compiler:::tryCmpfun" "selectHaulIdsHiearchical" "simTrawlHaulsHiearchical" "getEstimatesCPUEage" 
"cb$putcode" "cmpSym" "cmpBuiltinArgs" "h" "tryInline" "cmpCall" "cmp" "cmpPrim2" "h" "tryInline" "cmpCall" "cmp" "h" "tryInline" "cmpCall" "cmp" "h" "tryInline" "cmpCall" "cmp" "h" "tryInline" "cmpCall" "cmp" "genCode" "cmpfun" "doTryCatch" "tryCatchOne" "tryCatchList" "tryCatch" "compiler:::tryCmpfun" "selectHaulIdsHiearchical" "simTrawlHaulsHiearchical" "getEstimatesCPUEage" 
"exists" "findCenvVar" "getInlineInfo" "isBaseVar" "getFoldFun" "constantFoldCall" "constantFold" "cmp" "h" "tryInline" "cmpCall" "cmp" "h" "tryInline" "cmpCall" "cmp" "genCode" "cmpfun" "doTryCatch" "tryCatchOne" "tryCatchList" "tryCatch" "compiler:::tryCmpfun" "simTrawlHaulsBySelection" "simTrawlHaulsHiearchical" "getEstimatesCPUEage" 
"sort.list" "[.data.frame" "[" "merge.data.frame" "merge" "standardGeneric" "merge" "simTrawlHaulsBySelection" "simTrawlHaulsHiearchical" "getEstimatesCPUEage" 
"%in%" "FUN" "lapply" "unlist" "unique" "findLocalsList1" "FUN" "lapply" "unlist" "unique" "findLocalsList1" "FUN" "lapply" "unlist" "unique" "findLocalsList1" "FUN" "lapply" "unlist" "unique" "findLocalsList1" "FUN" "lapply" "unlist" "unique" "findLocalsList1" "findLocalsList" "funEnv" "make.functionContext" "cmpfun" "doTryCatch" "tryCatchOne" "tryCatchList" "tryCatch" "compiler:::tryCmpfun" "calculateALK" "getEstimatesCPUEage" 
"dots.or.missing" "cmpPrim2" "h" "tryInline" "cmpCall" "cmp" "cmpSubassignDispatch" "h" "trySetterInline" "cmpSetterCall" "cmpComplexAssign" "h" "tryInline" "cmpCall" "cmp" "h" "tryInline" "cmpCall" "cmp" "genCode" "cmpfun" "doTryCatch" "tryCatchOne" "tryCatchList" "tryCatch" "compiler:::tryCmpfun" "calculateALK" "getEstimatesCPUEage" 
"cb$putcode" "cmpSymbolAssign" "h" "tryInline" "cmpCall" "cmp" "h" "tryInline" "cmpCall" "cmp" "h" "tryInline" "cmpCall" "cmp" "genCode" "cmpfun" "doTryCatch" "tryCatchOne" "tryCatchList" "tryCatch" "compiler:::tryCmpfun" "calculateALK" "getEstimatesCPUEage" 
"%in%" "[[.data.frame" "[[" "$.data.frame" "$" "calculateALK" "getEstimatesCPUEage" 
"getInlineHandler" "tryInline" "cmpCall" "cmp" "cmpPrim1" "h" "tryInline" "cmpCall" "cmp" "cmpPrim2" "h" "tryInline" "cmpCall" "cmp" "cmpPrim2" "h" "tryInline" "cmpCall" "cmp" "cmpPrim2" "h" "tryInline" "cmpCall" "cmp" "cmpPrim2" "h" "tryInline" "cmpCall" "cmp" "cmpPrim2" "h" "tryInline" "cmpCall" "cmp" "cmpBuiltinArgs" "cmpDispatch" "h" "tryInline" "cmpCall" "cmp" "cmpSymbolAssign" "h" "tryInline" "cmpCall" "cmp" "h" "tryInline" "cmpCall" "cmp" "genCode" "cmpfun" "doTryCatch" "tryCatchOne" "tryCatchList" "tryCatch" "compiler:::tryCmpfun" "calcmCPUErfaWithALK" "getEstimatesCPUEage" 
"sort.int" "Ops.factor" "==" "which" "NextMethod" "[.factor" "[" "unique" "calcmCPUEstatRecWithALK" "calcmCPUErfaWithALK" "getEstimatesCPUEage" 
"paste" "force" "as.data.frame.numeric" "as.data.frame" "<Anonymous>" "do.call" "as.data.frame.list" "as.data.frame" "data.frame" "Ops.data.frame" "calcmCPUEstatRecWithALK" "calcmCPUErfaWithALK" "getEstimatesCPUEage" 
"[[.data.frame" "[[" "[.data.frame" "[" "calcmCPUEstatRecWithALK" "calcmCPUErfaWithALK" "getEstimatesCPUEage" 
"as.list" "<Anonymous>" "do.call" "as.data.frame.list" "as.data.frame" "data.frame" "Ops.data.frame" "calcmCPUEstatRecWithALK" "calcmCPUErfaWithALK" "getEstimatesCPUEage" 
"any" ".deparseOpts" "deparse" "mode" "%in%" "deparse" "paste" "force" "as.data.frame.numeric" "as.data.frame" "<Anonymous>" "do.call" "as.data.frame.list" "as.data.frame" "data.frame" "Ops.data.frame" "calcmCPUEstatRecWithALK" "calcmCPUErfaWithALK" "getEstimatesCPUEage" 
"!" "[.data.frame" "[" "calcmCPUEstatRecWithALK" "calcmCPUErfaWithALK" "getEstimatesCPUEage" 
"<Anonymous>" "do.call" "as.data.frame.list" "as.data.frame" "data.frame" "Ops.data.frame" "calcmCPUEstatRecWithALK" "calcmCPUErfaWithALK" "getEstimatesCPUEage" 
"structure" "as.data.frame.numeric" "as.data.frame" "<Anonymous>" "do.call" "as.data.frame.list" "as.data.frame" "data.frame" "Ops.data.frame" "calcmCPUEstatRecWithALK" "calcmCPUErfaWithALK" "getEstimatesCPUEage" 
"length" "<Anonymous>" "do.call" "as.data.frame.list" "as.data.frame" "data.frame" "Ops.data.frame" "calcmCPUEstatRecWithALK" "calcmCPUErfaWithALK" "getEstimatesCPUEage" 
"[[" "Ops.data.frame" "calcmCPUEstatRecWithALK" "calcmCPUErfaWithALK" "getEstimatesCPUEage" 
"[[.data.frame" "[[" "[.data.frame" "[" "calcmCPUEstatRecWithALK" "calcmCPUErfaWithALK" "getEstimatesCPUEage" 
"<Anonymous>" "do.call" "as.data.frame.list" "as.data.frame" "data.frame" "Ops.data.frame" "calcmCPUEstatRecWithALK" "calcmCPUErfaWithALK" "getEstimatesCPUEage" 
"paste" "force" "as.data.frame.numeric" "as.data.frame" "<Anonymous>" "do.call" "as.data.frame.list" "as.data.frame" "data.frame" "Ops.data.frame" "calcmCPUEstatRecWithALK" "calcmCPUErfaWithALK" "getEstimatesCPUEage" 
"length" "length" "<Anonymous>" "do.call" "as.data.frame.list" "as.data.frame" "data.frame" "Ops.data.frame" "calcmCPUEstatRecWithALK" "calcmCPUErfaWithALK" "getEstimatesCPUEage" 
"names" "%in%" "[[.data.frame" "[[" "[.data.frame" "[" "calcmCPUEstatRecWithALK" "calcmCPUErfaWithALK" "getEstimatesCPUEage" 
"structure" "as.data.frame.numeric" "as.data.frame" "<Anonymous>" "do.call" "as.data.frame.list" "as.data.frame" "data.frame" "Ops.data.frame" "calcmCPUEstatRecWithALK" "calcmCPUErfaWithALK" "getEstimatesCPUEage" 
"is.na" "noNA.levels" "Ops.factor" "==" "[.data.frame" "[" "as.vector" "selectHaulIdsHiearchical" "selectHaulIdsHiearchical" "simTrawlHaulsHiearchical" "getEstimatesCPUEage" 
"[[" "$.data.frame" "$" "which" "calculateALK" "getEstimatesCPUEage" 
"deparse" "paste" "force" "as.data.frame.numeric" "as.data.frame" "<Anonymous>" "do.call" "as.data.frame.list" "as.data.frame" "data.frame" "Ops.data.frame" "calcmCPUEstatRecWithALK" "calcmCPUErfaWithALK" "getEstimatesCPUEage" 
"as.data.frame" "data.frame" "Ops.data.frame" "calcmCPUEstatRecWithALK" "calcmCPUErfaWithALK" "getEstimatesCPUEage" 
"structure" "as.data.frame.numeric" "as.data.frame" "<Anonymous>" "do.call" "as.data.frame.list" "as.data.frame" "data.frame" "Ops.data.frame" "calcmCPUEstatRecWithALK" "calcmCPUErfaWithALK" "getEstimatesCPUEage" 
"data.frame" "Ops.data.frame" "calcmCPUEstatRecWithALK" "calcmCPUErfaWithALK" "getEstimatesCPUEage" 
"$" "calcmCPUEstatRecWithALK" "calcmCPUErfaWithALK" "getEstimatesCPUEage" 
"<Anonymous>" "do.call" "as.data.frame.list" "as.data.frame" "data.frame" "Ops.data.frame" "calcmCPUEstatRecWithALK" "calcmCPUErfaWithALK" "getEstimatesCPUEage" 
"eval" "Ops.data.frame" "calcmCPUEstatRecWithALK" "calcmCPUErfaWithALK" "getEstimatesCPUEage" 
"structure" "as.data.frame.numeric" "as.data.frame" "<Anonymous>" "do.call" "as.data.frame.list" "as.data.frame" "data.frame" "Ops.data.frame" "calcmCPUEstatRecWithALK" "calcmCPUErfaWithALK" "getEstimatesCPUEage" 
"Summary.data.frame" "sum" "calcmCPUEstatRecWithALK" "calcmCPUErfaWithALK" "getEstimatesCPUEage" 
"$" "calcmCPUEstatRecWithALK" "calcmCPUErfaWithALK" "getEstimatesCPUEage" 
"deparse" "paste" "force" "as.data.frame.numeric" "as.data.frame" "<Anonymous>" "do.call" "as.data.frame.list" "as.data.frame" "data.frame" "Ops.data.frame" "calcmCPUEstatRecWithALK" "calcmCPUErfaWithALK" "getEstimatesCPUEage" 
"[.data.frame" "[" "calcmCPUEstatRecWithALK" "calcmCPUErfaWithALK" "getEstimatesCPUEage" 
"NextMethod" "[.factor" "[" "[.data.frame" "[" "dataOfInterest" "simTrawlHaulsHiearchical" "getEstimatesCPUEage" 
"[.data.frame" "[" "duplicated" "selectHaulIdsHiearchical" "selectHaulIdsHiearchical" "simTrawlHaulsHiearchical" "getEstimatesCPUEage" 
"[.data.frame" "[" "merge.data.frame" "merge" "standardGeneric" "merge" "simTrawlHaulsBySelection" "simTrawlHaulsHiearchical" "getEstimatesCPUEage" 
"is.na" "Ops.factor" "==" "which" "NextMethod" "[.factor" "[" "unique" "calcmCPUEstatRecWithALK" "calcmCPUErfaWithALK" "getEstimatesCPUEage" 
"deparse" "mode" "%in%" "deparse" "paste" "force" "as.data.frame.numeric" "as.data.frame" "<Anonymous>" "do.call" "as.data.frame.list" "as.data.frame" "data.frame" "Ops.data.frame" "calcmCPUEstatRecWithALK" "calcmCPUErfaWithALK" "getEstimatesCPUEage" 
"<Anonymous>" "[[.data.frame" "[[" "[.data.frame" "[" "calcmCPUEstatRecWithALK" "calcmCPUErfaWithALK" "getEstimatesCPUEage" 
"data.frame" "Ops.data.frame" "calcmCPUEstatRecWithALK" "calcmCPUErfaWithALK" "getEstimatesCPUEage" 
"NextMethod" "Ops.factor" "==" "[.data.frame" "[" "calcmCPUEstatRecWithALK" "calcmCPUErfaWithALK" "getEstimatesCPUEage" 
"as.data.frame.numeric" "as.data.frame" "<Anonymous>" "do.call" "as.data.frame.list" "as.data.frame" "data.frame" "Ops.data.frame" "calcmCPUEstatRecWithALK" "calcmCPUErfaWithALK" "getEstimatesCPUEage" 
"structure" "as.data.frame.numeric" "as.data.frame" "<Anonymous>" "do.call" "as.data.frame.list" "as.data.frame" "data.frame" "Ops.data.frame" "calcmCPUEstatRecWithALK" "calcmCPUErfaWithALK" "getEstimatesCPUEage" 
"Ops.data.frame" "calcmCPUEstatRecWithALK" "calcmCPUErfaWithALK" "getEstimatesCPUEage" 
"data.frame" "Ops.data.frame" "calcmCPUEstatRecWithALK" "calcmCPUErfaWithALK" "getEstimatesCPUEage" 
"<Anonymous>" "do.call" "as.data.frame.list" "as.data.frame" "data.frame" "Ops.data.frame" "calcmCPUEstatRecWithALK" "calcmCPUErfaWithALK" "getEstimatesCPUEage" 
"calcmCPUEstatRecWithALK" "calcmCPUErfaWithALK" "getEstimatesCPUEage" 
"NextMethod" "[.factor" "[" "[.data.frame" "[" "dataOfInterest" "simTrawlHaulsHiearchical" "getEstimatesCPUEage" 
"[[.data.frame" "[[" "[.data.frame" "[" "duplicated" "selectHaulIdsHiearchical" "selectHaulIdsHiearchical" "simTrawlHaulsHiearchical" "getEstimatesCPUEage" 
"sort.list" "[.data.frame" "[" "merge.data.frame" "merge" "standardGeneric" "merge" "simTrawlHaulsBySelection" "simTrawlHaulsHiearchical" "getEstimatesCPUEage" 
"c" ".set_row_names" "as.data.frame.numeric" "as.data.frame" "<Anonymous>" "do.call" "as.data.frame.list" "as.data.frame" "data.frame" "Ops.data.frame" "calcmCPUEstatRecWithALK" "calcmCPUErfaWithALK" "getEstimatesCPUEage" 
"which" "calcmCPUEstatRecWithALK" "calcmCPUErfaWithALK" "getEstimatesCPUEage" 
"structure" "as.data.frame.numeric" "as.data.frame" "<Anonymous>" "do.call" "as.data.frame.list" "as.data.frame" "data.frame" "Ops.data.frame" "calcmCPUEstatRecWithALK" "calcmCPUErfaWithALK" "getEstimatesCPUEage" 
"[[.data.frame" "[[" "Ops.data.frame" "calcmCPUEstatRecWithALK" "calcmCPUErfaWithALK" "getEstimatesCPUEage" 
"<Anonymous>" "do.call" "as.data.frame.list" "as.data.frame" "data.frame" "Ops.data.frame" "calcmCPUEstatRecWithALK" "calcmCPUErfaWithALK" "getEstimatesCPUEage" 
"as.matrix.data.frame" "as.matrix" "FUN" "lapply" "Summary.data.frame" "sum" "calcmCPUEstatRecWithALK" "calcmCPUErfaWithALK" "getEstimatesCPUEage" 
"which" "NextMethod" "[.factor" "[" "unique" "calcmCPUEstatRecWithALK" "calcmCPUErfaWithALK" "getEstimatesCPUEage" 
"as.data.frame" "<Anonymous>" "do.call" "as.data.frame.list" "as.data.frame" "data.frame" "Ops.data.frame" "calcmCPUEstatRecWithALK" "calcmCPUErfaWithALK" "getEstimatesCPUEage" 
"pmatch" ".deparseOpts" "deparse" "paste" "force" "as.data.frame.numeric" "as.data.frame" "<Anonymous>" "do.call" "as.data.frame.list" "as.data.frame" "data.frame" "Ops.data.frame" "calcmCPUEstatRecWithALK" "calcmCPUErfaWithALK" "getEstimatesCPUEage" 
"structure" "as.data.frame.numeric" "as.data.frame" "<Anonymous>" "do.call" "as.data.frame.list" "as.data.frame" "data.frame" "Ops.data.frame" "calcmCPUEstatRecWithALK" "calcmCPUErfaWithALK" "getEstimatesCPUEage" 
"as.data.frame.numeric" "as.data.frame" "<Anonymous>" "do.call" "as.data.frame.list" "as.data.frame" "data.frame" "Ops.data.frame" "calcmCPUEstatRecWithALK" "calcmCPUErfaWithALK" "getEstimatesCPUEage" 
"[" "calcmCPUEstatRecWithALK" "calcmCPUErfaWithALK" "getEstimatesCPUEage" 
"[.data.frame" "[" "calcmCPUEstatRecWithALK" "calcmCPUErfaWithALK" "getEstimatesCPUEage" 
"as.list" "as.matrix.data.frame" "as.matrix" "FUN" "lapply" "Summary.data.frame" "sum" "calcmCPUEstatRecWithALK" "calcmCPUErfaWithALK" "getEstimatesCPUEage" 
"sort.list" "[.data.frame" "[" "merge.data.frame" "merge" "standardGeneric" "merge" "simTrawlHaulsBySelection" "simTrawlHaulsHiearchical" "getEstimatesCPUEage" 
"deparse" "mode" "%in%" "deparse" "paste" "force" "as.data.frame.numeric" "as.data.frame" "<Anonymous>" "do.call" "as.data.frame.list" "as.data.frame" "data.frame" "Ops.data.frame" "calcmCPUEstatRecWithALK" "calcmCPUErfaWithALK" "getEstimatesCPUEage" 
"%in%" "deparse" "mode" "%in%" "deparse" "paste" "force" "as.data.frame.numeric" "as.data.frame" "<Anonymous>" "do.call" "as.data.frame.list" "as.data.frame" "data.frame" "Ops.data.frame" "calcmCPUEstatRecWithALK" "calcmCPUErfaWithALK" "getEstimatesCPUEage" 
"%in%" "deparse" "mode" "%in%" "deparse" "paste" "force" "as.data.frame.numeric" "as.data.frame" "<Anonymous>" "do.call" "as.data.frame.list" "as.data.frame" "data.frame" "Ops.data.frame" "calcmCPUEstatRecWithALK" "calcmCPUErfaWithALK" "getEstimatesCPUEage" 
"%in%" "deparse" "mode" "%in%" "deparse" "paste" "force" "as.data.frame.numeric" "as.data.frame" "<Anonymous>" "do.call" "as.data.frame.list" "as.data.frame" "data.frame" "Ops.data.frame" "calcmCPUEstatRecWithALK" "calcmCPUErfaWithALK" "getEstimatesCPUEage" 
"%in%" "deparse" "mode" "%in%" "deparse" "paste" "force" "as.data.frame.numeric" "as.data.frame" "<Anonymous>" "do.call" "as.data.frame.list" "as.data.frame" "data.frame" "Ops.data.frame" "calcmCPUEstatRecWithALK" "calcmCPUErfaWithALK" "getEstimatesCPUEage" 
"%in%" "deparse" "mode" "%in%" "deparse" "paste" "force" "as.data.frame.numeric" "as.data.frame" "<Anonymous>" "do.call" "as.data.frame.list" "as.data.frame" "data.frame" "Ops.data.frame" "calcmCPUEstatRecWithALK" "calcmCPUErfaWithALK" "getEstimatesCPUEage" 
"%in%" "deparse" "mode" "%in%" "deparse" "paste" "force" "as.data.frame.numeric" "as.data.frame" "<Anonymous>" "do.call" "as.data.frame.list" "as.data.frame" "data.frame" "Ops.data.frame" "calcmCPUEstatRecWithALK" "calcmCPUErfaWithALK" "getEstimatesCPUEage" 
"%in%" "deparse" "mode" "%in%" "deparse" "paste" "force" "as.data.frame.numeric" "as.data.frame" "<Anonymous>" "do.call" "as.data.frame.list" "as.data.frame" "data.frame" "Ops.data.frame" "calcmCPUEstatRecWithALK" "calcmCPUErfaWithALK" "getEstimatesCPUEage" 
"mode" "%in%" "deparse" "paste" "force" "as.data.frame.numeric" "as.data.frame" "<Anonymous>" "do.call" "as.data.frame.list" "as.data.frame" "data.frame" "Ops.data.frame" "calcmCPUEstatRecWithALK" "calcmCPUErfaWithALK" "getEstimatesCPUEage" 
"[.data.frame" "[" "calcmCPUEstatRecWithALK" "calcmCPUErfaWithALK" "getEstimatesCPUEage" 
"Ops.factor" "==" "[.data.frame" "[" "calcmCPUEstatRecWithALK" "calcmCPUErfaWithALK" "getEstimatesCPUEage" 
"deparse" "mode" "%in%" "deparse" "paste" "force" "as.data.frame.numeric" "as.data.frame" "<Anonymous>" "do.call" "as.data.frame.list" "as.data.frame" "data.frame" "Ops.data.frame" "calcmCPUEstatRecWithALK" "calcmCPUErfaWithALK" "getEstimatesCPUEage" 
"[.data.frame" "[" "merge.data.frame" "merge" "standardGeneric" "merge" "simTrawlHaulsBySelection" "simTrawlHaulsHiearchical" "getEstimatesCPUEage" 
"c" "%in%" "deparse" "paste" "force" "as.data.frame.numeric" "as.data.frame" "<Anonymous>" "do.call" "as.data.frame.list" "as.data.frame" "data.frame" "Ops.data.frame" "calcmCPUEstatRecWithALK" "calcmCPUErfaWithALK" "getEstimatesCPUEage" 
"structure" "as.data.frame.numeric" "as.data.frame" "<Anonymous>" "do.call" "as.data.frame.list" "as.data.frame" "data.frame" "Ops.data.frame" "calcmCPUEstatRecWithALK" "calcmCPUErfaWithALK" "getEstimatesCPUEage" 
"data.frame" "Ops.data.frame" "calcmCPUEstatRecWithALK" "calcmCPUErfaWithALK" "getEstimatesCPUEage" 
"anyDuplicated.default" "anyDuplicated" "[.data.frame" "[" "merge.data.frame" "merge" "standardGeneric" "merge" "simTrawlHaulsBySelection" "simTrawlHaulsHiearchical" "getEstimatesCPUEage" 
"factor" "unique.default" "unique" "calcmCPUErfaWithALK" "getEstimatesCPUEage" 
"<Anonymous>" "do.call" "as.data.frame.list" "as.data.frame" "data.frame" "Ops.data.frame" "calcmCPUEstatRecWithALK" "calcmCPUErfaWithALK" "getEstimatesCPUEage" 
"which" "calcmCPUEstatRecWithALK" "calcmCPUErfaWithALK" "getEstimatesCPUEage" 
"deparse" "paste" "force" "as.data.frame.numeric" "as.data.frame" "<Anonymous>" "do.call" "as.data.frame.list" "as.data.frame" "data.frame" "Ops.data.frame" "calcmCPUEstatRecWithALK" "calcmCPUErfaWithALK" "getEstimatesCPUEage" 
"deparse" "mode" "%in%" "deparse" "paste" "force" "as.data.frame.numeric" "as.data.frame" "<Anonymous>" "do.call" "as.data.frame.list" "as.data.frame" "data.frame" "Ops.data.frame" "calcmCPUEstatRecWithALK" "calcmCPUErfaWithALK" "getEstimatesCPUEage" 
"length" "length" "<Anonymous>" "do.call" "as.data.frame.list" "as.data.frame" "data.frame" "Ops.data.frame" "calcmCPUEstatRecWithALK" "calcmCPUErfaWithALK" "getEstimatesCPUEage" 
".deparseOpts" "deparse" "mode" "%in%" "deparse" "paste" "force" "as.data.frame.numeric" "as.data.frame" "<Anonymous>" "do.call" "as.data.frame.list" "as.data.frame" "data.frame" "Ops.data.frame" "calcmCPUEstatRecWithALK" "calcmCPUErfaWithALK" "getEstimatesCPUEage" 
"deparse" "mode" "%in%" "deparse" "paste" "force" "as.data.frame.numeric" "as.data.frame" "<Anonymous>" "do.call" "as.data.frame.list" "as.data.frame" "data.frame" "Ops.data.frame" "calcmCPUEstatRecWithALK" "calcmCPUErfaWithALK" "getEstimatesCPUEage" 
"%in%" "deparse" "mode" "%in%" "deparse" "paste" "force" "as.data.frame.numeric" "as.data.frame" "<Anonymous>" "do.call" "as.data.frame.list" "as.data.frame" "data.frame" "Ops.data.frame" "calcmCPUEstatRecWithALK" "calcmCPUErfaWithALK" "getEstimatesCPUEage" 
"deparse" "mode" "%in%" "deparse" "paste" "force" "as.data.frame.numeric" "as.data.frame" "<Anonymous>" "do.call" "as.data.frame.list" "as.data.frame" "data.frame" "Ops.data.frame" "calcmCPUEstatRecWithALK" "calcmCPUErfaWithALK" "getEstimatesCPUEage" 
"as.data.frame" "<Anonymous>" "do.call" "as.data.frame.list" "as.data.frame" "data.frame" "Ops.data.frame" "calcmCPUEstatRecWithALK" "calcmCPUErfaWithALK" "getEstimatesCPUEage" 
"deparse" "mode" "%in%" "deparse" "paste" "force" "as.data.frame.numeric" "as.data.frame" "<Anonymous>" "do.call" "as.data.frame.list" "as.data.frame" "data.frame" "Ops.data.frame" "calcmCPUEstatRecWithALK" "calcmCPUErfaWithALK" "getEstimatesCPUEage" 
"names" "names" "<Anonymous>" "do.call" "as.data.frame.list" "as.data.frame" "data.frame" "Ops.data.frame" "calcmCPUEstatRecWithALK" "calcmCPUErfaWithALK" "getEstimatesCPUEage" 
"[[.data.frame" "[[" "Ops.data.frame" "calcmCPUEstatRecWithALK" "calcmCPUErfaWithALK" "getEstimatesCPUEage" 
"[.data.frame" "[" "calcmCPUEstatRecWithALK" "calcmCPUErfaWithALK" "getEstimatesCPUEage" 
"make.unique" "[.data.frame" "[" "merge.data.frame" "merge" "standardGeneric" "merge" "simTrawlHaulsBySelection" "simTrawlHaulsHiearchical" "getEstimatesCPUEage" 
"formals" "as.data.frame.list" "as.data.frame" "data.frame" "Ops.data.frame" "calcmCPUEstatRecWithALK" "calcmCPUErfaWithALK" "getEstimatesCPUEage" 
"deparse" "paste" "force" "as.data.frame.numeric" "as.data.frame" "<Anonymous>" "do.call" "as.data.frame.list" "as.data.frame" "data.frame" "Ops.data.frame" "calcmCPUEstatRecWithALK" "calcmCPUErfaWithALK" "getEstimatesCPUEage" 
"as.data.frame.numeric" "as.data.frame" "<Anonymous>" "do.call" "as.data.frame.list" "as.data.frame" "data.frame" "Ops.data.frame" "calcmCPUEstatRecWithALK" "calcmCPUErfaWithALK" "getEstimatesCPUEage" 
".set_row_names" "as.data.frame.numeric" "as.data.frame" "<Anonymous>" "do.call" "as.data.frame.list" "as.data.frame" "data.frame" "Ops.data.frame" "calcmCPUEstatRecWithALK" "calcmCPUErfaWithALK" "getEstimatesCPUEage" 
"names" "names" "<Anonymous>" "do.call" "as.data.frame.list" "as.data.frame" "data.frame" "Ops.data.frame" "calcmCPUEstatRecWithALK" "calcmCPUErfaWithALK" "getEstimatesCPUEage" 
"[[" "$.data.frame" "$" "calcmCPUEstatRecWithALK" "calcmCPUErfaWithALK" "getEstimatesCPUEage" 
"all" "[[.data.frame" "[[" "Ops.data.frame" "calcmCPUEstatRecWithALK" "calcmCPUErfaWithALK" "getEstimatesCPUEage" 
"[.data.frame" "[" "dataOfInterest" "simTrawlHaulsHiearchical" "getEstimatesCPUEage" 
"[.data.frame" "[" "merge.data.frame" "merge" "standardGeneric" "merge" "simTrawlHaulsBySelection" "simTrawlHaulsHiearchical" "getEstimatesCPUEage" 
".subset2" "<Anonymous>" "[[.data.frame" "[[" "$.data.frame" "$" "which" "calculateALK" "getEstimatesCPUEage" 
"<Anonymous>" "do.call" "as.data.frame.list" "as.data.frame" "data.frame" "Ops.data.frame" "calcmCPUEstatRecWithALK" "calcmCPUErfaWithALK" "getEstimatesCPUEage" 
"[.data.frame" "[" "calcmCPUEstatRecWithALK" "calcmCPUErfaWithALK" "getEstimatesCPUEage" 
"as.data.frame" "<Anonymous>" "do.call" "as.data.frame.list" "as.data.frame" "data.frame" "Ops.data.frame" "calcmCPUEstatRecWithALK" "calcmCPUErfaWithALK" "getEstimatesCPUEage" 
"anyDuplicated" "[.data.frame" "[" "calcmCPUEstatRecWithALK" "calcmCPUErfaWithALK" "getEstimatesCPUEage" 
"%in%" ".deparseOpts" "deparse" "mode" "%in%" "deparse" "paste" "force" "as.data.frame.numeric" "as.data.frame" "<Anonymous>" "do.call" "as.data.frame.list" "as.data.frame" "data.frame" "Ops.data.frame" "calcmCPUEstatRecWithALK" "calcmCPUErfaWithALK" "getEstimatesCPUEage" 
"sys.call" "%in%" "[[.data.frame" "[[" "$.data.frame" "$" "[.data.frame" "[" "calcmCPUEstatRecWithALK" "calcmCPUErfaWithALK" "getEstimatesCPUEage" 
"<Anonymous>" "do.call" "as.data.frame.list" "as.data.frame" "data.frame" "Ops.data.frame" "calcmCPUEstatRecWithALK" "calcmCPUErfaWithALK" "getEstimatesCPUEage" 
"names" "structure" "as.data.frame.numeric" "as.data.frame" "<Anonymous>" "do.call" "as.data.frame.list" "as.data.frame" "data.frame" "Ops.data.frame" "calcmCPUEstatRecWithALK" "calcmCPUErfaWithALK" "getEstimatesCPUEage" 
"as.matrix.data.frame" "as.matrix" "FUN" "lapply" "Summary.data.frame" "sum" "calcmCPUEstatRecWithALK" "calcmCPUErfaWithALK" "getEstimatesCPUEage" 
"as.data.frame.numeric" "as.data.frame" "<Anonymous>" "do.call" "as.data.frame.list" "as.data.frame" "data.frame" "Ops.data.frame" "calcmCPUEstatRecWithALK" "calcmCPUErfaWithALK" "getEstimatesCPUEage" 
"max" "data.frame" "Ops.data.frame" "calcmCPUEstatRecWithALK" "calcmCPUErfaWithALK" "getEstimatesCPUEage" 
".deparseOpts" "deparse" "mode" "%in%" "deparse" "paste" "force" "as.data.frame.numeric" "as.data.frame" "<Anonymous>" "do.call" "as.data.frame.list" "as.data.frame" "data.frame" "Ops.data.frame" "calcmCPUEstatRecWithALK" "calcmCPUErfaWithALK" "getEstimatesCPUEage" 
"NextMethod" "[.factor" "[" "[.data.frame" "[" "getEstimatesCPUEage" 
"[[" "$.data.frame" "$" "which" "calculateALK" "getEstimatesCPUEage" 
"dim" "ncol" "split.default" "split" "Ops.data.frame" "calcmCPUEstatRecWithALK" "calcmCPUErfaWithALK" "getEstimatesCPUEage" 
"names" "<Anonymous>" "do.call" "as.data.frame.list" "as.data.frame" "data.frame" "Ops.data.frame" "calcmCPUEstatRecWithALK" "calcmCPUErfaWithALK" "getEstimatesCPUEage" 
"any" ".deparseOpts" "deparse" "mode" "%in%" "deparse" "paste" "force" "as.data.frame.numeric" "as.data.frame" "<Anonymous>" "do.call" "as.data.frame.list" "as.data.frame" "data.frame" "Ops.data.frame" "calcmCPUEstatRecWithALK" "calcmCPUErfaWithALK" "getEstimatesCPUEage" 
"data.frame" "Ops.data.frame" "calcmCPUEstatRecWithALK" "calcmCPUErfaWithALK" "getEstimatesCPUEage" 
"is.na" "Ops.factor" "==" "[.data.frame" "[" "calcmCPUEstatRecWithALK" "calcmCPUErfaWithALK" "getEstimatesCPUEage" 
"deparse" "paste" "force" "as.data.frame.numeric" "as.data.frame" "<Anonymous>" "do.call" "as.data.frame.list" "as.data.frame" "data.frame" "Ops.data.frame" "calcmCPUEstatRecWithALK" "calcmCPUErfaWithALK" "getEstimatesCPUEage" 
".set_row_names" "as.data.frame.numeric" "as.data.frame" "<Anonymous>" "do.call" "as.data.frame.list" "as.data.frame" "data.frame" "Ops.data.frame" "calcmCPUEstatRecWithALK" "calcmCPUErfaWithALK" "getEstimatesCPUEage" 
"Ops.data.frame" "calcmCPUEstatRecWithALK" "calcmCPUErfaWithALK" "getEstimatesCPUEage" 
"length" "length" "<Anonymous>" "do.call" "as.data.frame.list" "as.data.frame" "data.frame" "Ops.data.frame" "calcmCPUEstatRecWithALK" "calcmCPUErfaWithALK" "getEstimatesCPUEage" 
"%in%" "structure" "as.data.frame.numeric" "as.data.frame" "<Anonymous>" "do.call" "as.data.frame.list" "as.data.frame" "data.frame" "Ops.data.frame" "calcmCPUEstatRecWithALK" "calcmCPUErfaWithALK" "getEstimatesCPUEage" 
"%in%" ".deparseOpts" "deparse" "mode" "%in%" "deparse" "paste" "force" "as.data.frame.numeric" "as.data.frame" "<Anonymous>" "do.call" "as.data.frame.list" "as.data.frame" "data.frame" "Ops.data.frame" "calcmCPUEstatRecWithALK" "calcmCPUErfaWithALK" "getEstimatesCPUEage" 
"[[.data.frame" "[[" "Ops.data.frame" "calcmCPUEstatRecWithALK" "calcmCPUErfaWithALK" "getEstimatesCPUEage" 
"as.matrix.data.frame" "as.matrix" "FUN" "lapply" "Summary.data.frame" "sum" "calcmCPUEstatRecWithALK" "calcmCPUErfaWithALK" "getEstimatesCPUEage" 
"eval" "match.arg" "order" "make.names" "data.frame" "getEstimatesCPUEage" 
".External" "terms.formula" "terms" "model.frame.default" "model.frame" "coordinates<-" "standardGeneric" "coordinates<-" "getEstimatesCPUEage" 
".matchSigLength" ".findMethodInTable" "selectMethod" "as" "standardGeneric" "bbox" "validityMethod" "anyStrings" "validObject" "initialize" "initialize" "new" "SpatialPointsDataFrame" "coordinates<-" "standardGeneric" "coordinates<-" "getEstimatesCPUEage" 
"getClassDef" "is" "methods::cacheMetaData" "loadNamespace" "doTryCatch" "tryCatchOne" "tryCatchList" "tryCatch" "requireNamespace" "CRS" "ReplProj4string" "proj4string<-" "standardGeneric" "proj4string<-" "getEstimatesCPUEage" 
"FUN" "vapply" "loadNamespace" "doTryCatch" "tryCatchOne" "tryCatchList" "tryCatch" "requireNamespace" "CRS" "ReplProj4string" "proj4string<-" "standardGeneric" "proj4string<-" "getEstimatesCPUEage" 
"cb$patchlabels" "codeBufCode" "genCode" "cb$putconst" "cmpCallArgs" "cmpCallSymFun" "cmpCall" "cmp" "h" "tryInline" "cmpCall" "cmp" "h" "tryInline" "cmpCall" "cmp" "h" "tryInline" "cmpCall" "cmp" "h" "tryInline" "cmpCall" "cmp" "genCode" "cmpfun" "doTryCatch" "tryCatchOne" "tryCatchList" "tryCatch" "compiler:::tryCmpfun" "spDistsN1" "FUN" "apply" "matrix" "spDists" "getEstimatesCPUEage" 
"parent.env" "findCenvVar" "getInlineInfo" "isBaseVar" "getFoldFun" "constantFoldCall" "constantFold" "constantFoldCall" "constantFold" "constantFoldCall" "constantFold" "cmp" "cmpPrim2" "h" "tryInline" "cmpCall" "cmp" "cmpPrim2" "h" "tryInline" "cmpCall" "cmp" "cmpBuiltinArgs" "cmpDispatch" "h" "tryInline" "cmpCall" "cmp" "cmpSymbolAssign" "h" "tryInline" "cmpCall" "cmp" "h" "tryInline" "cmpCall" "cmp" "genCode" "cmpfun" "doTryCatch" "tryCatchOne" "tryCatchList" "tryCatch" "compiler:::tryCmpfun" "simTrawlHaulsCAStratified" "getEstimatesCPUEage" 
"findCenvVar" "getInlineInfo" "isBaseVar" "getFoldFun" "constantFoldCall" "constantFold" "cmp" "genCode" "cb$putconst" "cmpCallArgs" "cmpCallSymFun" "cmpCall" "cmp" "cmpSymbolAssign" "h" "tryInline" "cmpCall" "cmp" "h" "tryInline" "cmpCall" "cmp" "h" "tryInline" "cmpCall" "cmp" "h" "tryInline" "cmpCall" "cmp" "h" "tryInline" "cmpCall" "cmp" "h" "tryInline" "cmpCall" "cmp" "h" "tryInline" "cmpCall" "cmp" "cmpForBody" "h" "tryInline" "cmpCall" "cmp" "h" "tryInline" "cmpCall" "cmp" "genCode" "cmpfun" "doTryCatch" "tryCatchOne" "tryCatchList" "tryCatch" "compiler:::tryCmpfun" "simTrawlHaulsCAStratified" "getEstimatesCPUEage" 
"h" "tryInline" "cmpCall" "cmp" "cmpForBody" "h" "tryInline" "cmpCall" "cmp" "h" "tryInline" "cmpCall" "cmp" "genCode" "cmpfun" "doTryCatch" "tryCatchOne" "tryCatchList" "tryCatch" "compiler:::tryCmpfun" "env_bind_impl" "child_env" "env_bury" "as_overscope" "eval_tidy" "sample_n.data.frame" "sample_n" "simTrawlHaulsCAStratified" "getEstimatesCPUEage" 
"as.list.default" "as.list" "lapply" "unlist" "unique" "findLocalsList1" "FUN" "lapply" "unlist" "unique" "findLocalsList1" "FUN" "lapply" "unlist" "unique" "findLocalsList1" "FUN" "lapply" "unlist" "unique" "findLocalsList1" "FUN" "lapply" "unlist" "unique" "findLocalsList1" "unique" "FUN" "lapply" "unlist" "unique" "findLocalsList1" "FUN" "lapply" "unlist" "unique" "findLocalsList1" "findLocalsList" "funEnv" "make.functionContext" "cmpfun" "doTryCatch" "tryCatchOne" "tryCatchList" "tryCatch" "compiler:::tryCmpfun" "see_if" "assert_that" "sample_n_basic" "sample_n.data.frame" "sample_n" "simTrawlHaulsCAStratified" "getEstimatesCPUEage" 
"length" "[.data.frame" "[" "simTrawlHaulsCAStratified" "getEstimatesCPUEage" 
"new_language" "lang" "enquo" "inherits" "eval_tidy" "sample_n.data.frame" "sample_n" "simTrawlHaulsCAStratified" "getEstimatesCPUEage" 
"getNamespace" "asNamespace" "getExportedValue" "::" ".Call" "FUN" "lapply" "map" "dots_capture" "dots_values" "dots_list" "typeof" "%in%" "is_atomic" "is_vector" "stopifnot" "env_bind_impl" "child_env" "env_bury" "as_overscope" "eval_tidy" "sample_n.data.frame" "sample_n" "simTrawlHaulsCAStratified" "getEstimatesCPUEage" 
"[.data.frame" "[" "discard" "discard_unnamed" "typeof" "is_list" "<Anonymous>" ".Call" "FUN" "lapply" "map" "dots_capture" "dots_values" "dots_list" "typeof" "%in%" "is_atomic" "is_vector" "stopifnot" "env_bind_impl" "child_env" "env_bury" "as_overscope" "eval_tidy" "sample_n.data.frame" "sample_n" "simTrawlHaulsCAStratified" "getEstimatesCPUEage" 
"enquo" "inherits" "eval_tidy" "sample_n.data.frame" "sample_n" "simTrawlHaulsCAStratified" "getEstimatesCPUEage" 
"all" "[[.data.frame" "[[" "[.data.frame" "[" "sample_n_basic" "sample_n.data.frame" "sample_n" "simTrawlHaulsCAStratified" "getEstimatesCPUEage" 
"[" "simTrawlHaulsCAStratified" "getEstimatesCPUEage" 
"sys.parent" "sys.call" "match.call" "stopifnot" "%|%" "names2" "dots_list" "set_attrs_impl" "set_attrs" "new_quosure" "forward_quosure" "enquo" "inherits" "eval_tidy" "sample_n.data.frame" "sample_n" "simTrawlHaulsCAStratified" "getEstimatesCPUEage" 
"%in%" "[[.data.frame" "[[" "[.data.frame" "[" "sample_n_basic" "sample_n.data.frame" "sample_n" "simTrawlHaulsCAStratified" "getEstimatesCPUEage" 
"[.factor" "[" "[.data.frame" "[" "simTrawlHaulsCAStratified" "getEstimatesCPUEage" 
"lapply" "map" "dots_capture" "dots_values" "dots_list" "typeof" "%in%" "is_atomic" "is_vector" "stopifnot" "env_bind_impl" "child_env" "env_bury" "as_overscope" "eval_tidy" "sample_n.data.frame" "sample_n" "simTrawlHaulsCAStratified" "getEstimatesCPUEage" 
".Call" "mut_env_parent" "overscope_eval_next" "eval_tidy" "sample_n.data.frame" "sample_n" "simTrawlHaulsCAStratified" "getEstimatesCPUEage" 
"%|%" "names2" "dots_interp_lhs" "dots_capture" "dots_values" "chr" "set_names" "%||%" "dots_capture" "dots_values" "dots_list" "typeof" "%in%" "is_atomic" "is_vector" "stopifnot" "env_bind_impl" "child_env" "new_overscope" "as_overscope" "eval_tidy" "sample_n.data.frame" "sample_n" "simTrawlHaulsCAStratified" "getEstimatesCPUEage" 
"unique.default" "unique" "<Anonymous>" "do.call" "simTrawlHaulsCAStratified" "getEstimatesCPUEage" 
"sys.call" "%in%" "[[.data.frame" "[[" "<Anonymous>" "do.call" "simTrawlHaulsCAStratified" "getEstimatesCPUEage" 
"levels" "[<-.factor" "[<-" "<Anonymous>" "do.call" "simTrawlHaulsCAStratified" "getEstimatesCPUEage" 
"cb$restorecurloc" "cmpCall" "cmp" "cmpPrim2" "h" "tryInline" "cmpCall" "cmp" "cmpPrim2" "h" "tryInline" "cmpCall" "cmp" "cmpBuiltinArgs" "cmpDispatch" "h" "tryInline" "cmpCall" "cmp" "cmpSymbolAssign" "h" "tryInline" "cmpCall" "cmp" "h" "tryInline" "cmpCall" "cmp" "genCode" "cmpfun" "doTryCatch" "tryCatchOne" "tryCatchList" "tryCatch" "compiler:::tryCmpfun" "simTrawlHaulsHLStratified" "getEstimatesCPUEage" 
"cb$putconst" "make.codeBuf" "genCode" "cb$putconst" "cmpCallArgs" "cmpCallSymFun" "cmpCall" "cmp" "cmpComplexAssign" "h" "tryInline" "cmpCall" "cmp" "h" "tryInline" "cmpCall" "cmp" "cmpForBody" "h" "tryInline" "cmpCall" "cmp" "h" "tryInline" "cmpCall" "cmp" "h" "tryInline" "cmpCall" "cmp" "h" "tryInline" "cmpCall" "cmp" "cmpForBody" "h" "tryInline" "cmpCall" "cmp" "h" "tryInline" "cmpCall" "cmp" "genCode" "cmpfun" "doTryCatch" "tryCatchOne" "tryCatchList" "tryCatch" "compiler:::tryCmpfun" "simTrawlHaulsHLStratified" "getEstimatesCPUEage" 
"as.vector" "as.vector.factor" "as.vector" "as.vector" "rbind" "rbind" "simTrawlHaulsHLStratified" "getEstimatesCPUEage" 
"c" "unique" "rbind" "rbind" "simTrawlHaulsHLStratified" "getEstimatesCPUEage" 
"eval" "eval" "match.arg" "sort.int" "Ops.factor" "==" "[.data.frame" "[" "simTrawlHaulsHLStratified" "getEstimatesCPUEage" 
"<Anonymous>" "[[.data.frame" "[[" "<Anonymous>" "do.call" "simTrawlHaulsHLStratified" "getEstimatesCPUEage" 
"which" "calculateALK" "getEstimatesCPUEage" 
"<Anonymous>" "[[.data.frame" "[[" "[.data.frame" "[" "calcmCPUEstatRecWithALK" "calcmCPUErfaWithALK" "getEstimatesCPUEage" 
"%in%" ".deparseOpts" "deparse" "paste" "force" "as.data.frame.numeric" "as.data.frame" "<Anonymous>" "do.call" "as.data.frame.list" "as.data.frame" "data.frame" "Ops.data.frame" "calcmCPUEstatRecWithALK" "calcmCPUErfaWithALK" "getEstimatesCPUEage" 
"paste" "force" "as.data.frame.numeric" "as.data.frame" "<Anonymous>" "do.call" "as.data.frame.list" "as.data.frame" "data.frame" "Ops.data.frame" "calcmCPUEstatRecWithALK" "calcmCPUErfaWithALK" "getEstimatesCPUEage" 
"$" "calcmCPUEstatRecWithALK" "calcmCPUErfaWithALK" "getEstimatesCPUEage" 
"[[" "Ops.data.frame" "calcmCPUEstatRecWithALK" "calcmCPUErfaWithALK" "getEstimatesCPUEage" 
"deparse" "mode" "%in%" "deparse" "paste" "force" "as.data.frame.numeric" "as.data.frame" "<Anonymous>" "do.call" "as.data.frame.list" "as.data.frame" "data.frame" "Ops.data.frame" "calcmCPUEstatRecWithALK" "calcmCPUErfaWithALK" "getEstimatesCPUEage" 
"%in%" "[.data.frame" "[" "calcmCPUEstatRecWithALK" "calcmCPUErfaWithALK" "getEstimatesCPUEage" 
"length" "data.frame" "Ops.data.frame" "calcmCPUEstatRecWithALK" "calcmCPUErfaWithALK" "getEstimatesCPUEage" 
"paste" "force" "as.data.frame.numeric" "as.data.frame" "<Anonymous>" "do.call" "as.data.frame.list" "as.data.frame" "data.frame" "Ops.data.frame" "calcmCPUEstatRecWithALK" "calcmCPUErfaWithALK" "getEstimatesCPUEage" 
"names" "names" "<Anonymous>" "do.call" "as.data.frame.list" "as.data.frame" "data.frame" "Ops.data.frame" "calcmCPUEstatRecWithALK" "calcmCPUErfaWithALK" "getEstimatesCPUEage" 
"[[.data.frame" "[[" "Ops.data.frame" "calcmCPUEstatRecWithALK" "calcmCPUErfaWithALK" "getEstimatesCPUEage" 
"sys.call" "%in%" "[[.data.frame" "[[" "Ops.data.frame" "calcmCPUEstatRecWithALK" "calcmCPUErfaWithALK" "getEstimatesCPUEage" 
"FUN" "eval" "eval" "Ops.data.frame" "calcmCPUEstatRecWithALK" "calcmCPUErfaWithALK" "getEstimatesCPUEage" 
"<Anonymous>" "[[.data.frame" "[[" "[.data.frame" "[" "sample_n_basic" "sample_n.data.frame" "sample_n" "simTrawlHaulsCAStratified" "getEstimatesCPUEage" 
"asNamespace" "getExportedValue" "::" "env_bind_impl" "child_env" "env_bury" "as_overscope" "eval_tidy" "sample_n.data.frame" "sample_n" "simTrawlHaulsCAStratified" "getEstimatesCPUEage" 
"dots_list" "as.pairlist" "typeof" "%in%" "is_pairlist" "new_language" "lang" "new_formula" "new_quosure" "forward_quosure" "enquo" "inherits" "eval_tidy" "sample_n.data.frame" "sample_n" "simTrawlHaulsCAStratified" "getEstimatesCPUEage" 
"[.data.frame" "[" "discard" "discard_unnamed" "typeof" "is_list" "<Anonymous>" ".Call" "FUN" "lapply" "map" "dots_capture" "dots_values" "dots_list" "typeof" "%in%" "is_atomic" "is_vector" "stopifnot" "env_bind_impl" "child_env" "env_bury" "as_overscope" "eval_tidy" "sample_n.data.frame" "sample_n" "simTrawlHaulsCAStratified" "getEstimatesCPUEage" 
"[.data.frame" "[" "simTrawlHaulsCAStratified" "getEstimatesCPUEage" 
".getNamespaceInfo" "getExportedValue" "::" ".Call" "FUN" "lapply" "map" "dots_capture" "dots_values" "dots_list" "typeof" "%in%" "is_atomic" "is_vector" "stopifnot" "env_bind_impl" "child_env" "env_bury" "as_overscope" "eval_tidy" "sample_n.data.frame" "sample_n" "simTrawlHaulsCAStratified" "getEstimatesCPUEage" 
"levels" "rbind" "rbind" "simTrawlHaulsCAStratified" "getEstimatesCPUEage" 
"==" "is_null" "is_atomic" "stopifnot" "%|%" "names2" "dots_interp_lhs" "dots_capture" "dots_values" "chr" "set_names" "%||%" "dots_capture" "dots_values" "dots_list" "typeof" "%in%" "is_atomic" "is_vector" "stopifnot" "env_bind_impl" "child_env" "new_overscope" "as_overscope" "eval_tidy" "sample_n.data.frame" "sample_n" "simTrawlHaulsCAStratified" "getEstimatesCPUEage" 
"%in%" "[[.data.frame" "[[" "rbind" "rbind" "simTrawlHaulsCAStratified" "getEstimatesCPUEage" 
"stopifnot" "%|%" "names2" "dots_interp_lhs" "dots_capture" "dots_values" "dots_list" "as.pairlist" "typeof" "%in%" "is_pairlist" "new_language" "lang" "enquo" "inherits" "eval_tidy" "sample_n.data.frame" "sample_n" "simTrawlHaulsCAStratified" "getEstimatesCPUEage" 
"names" "names" "rbind" "rbind" "simTrawlHaulsCAStratified" "getEstimatesCPUEage" 
"FUN" "lapply" "map" "dots_capture" "dots_values" "dots_list" "set_attrs_impl" "set_attrs" "new_quosure" "forward_quosure" "enquo" "inherits" "eval_tidy" "sample_n.data.frame" "sample_n" "simTrawlHaulsCAStratified" "getEstimatesCPUEage" 
"[[" "$.data.frame" "$" "simTrawlHaulsCAStratified" "getEstimatesCPUEage" 
"levels" "[<-.factor" "[<-" "rbind" "rbind" "simTrawlHaulsCAStratified" "getEstimatesCPUEage" 
"[[" "<Anonymous>" "do.call" "simTrawlHaulsCAStratified" "getEstimatesCPUEage" 
"levels.default" "levels" "<Anonymous>" "do.call" "simTrawlHaulsCAStratified" "getEstimatesCPUEage" 
"<Anonymous>" "do.call" "simTrawlHaulsCAStratified" "getEstimatesCPUEage" 
"NextMethod" "[.factor" "[" "[.data.frame" "[" "simTrawlHaulsHLStratified" "getEstimatesCPUEage" 
"unique.default" "unique" "rbind" "rbind" "simTrawlHaulsHLStratified" "getEstimatesCPUEage" 
"sort.int" "Ops.factor" "==" "[.data.frame" "[" "simTrawlHaulsHLStratified" "getEstimatesCPUEage" 
"factor" "unique.default" "unique" "simTrawlHaulsHLStratified" "getEstimatesCPUEage" 
"<Anonymous>" "do.call" "simTrawlHaulsHLStratified" "getEstimatesCPUEage" 
"pmatch" ".deparseOpts" "deparse" "paste" "force" "as.data.frame.numeric" "as.data.frame" "<Anonymous>" "do.call" "as.data.frame.list" "as.data.frame" "data.frame" "Ops.data.frame" "calcmCPUEstatRecWithALK" "calcmCPUErfaWithALK" "getEstimatesCPUEage" 
"Ops.data.frame" "calcmCPUEstatRecWithALK" "calcmCPUErfaWithALK" "getEstimatesCPUEage" 
"deparse" "paste" "force" "as.data.frame.numeric" "as.data.frame" "<Anonymous>" "do.call" "as.data.frame.list" "as.data.frame" "data.frame" "Ops.data.frame" "calcmCPUEstatRecWithALK" "calcmCPUErfaWithALK" "getEstimatesCPUEage" 
"[[.data.frame" "[[" "Ops.data.frame" "calcmCPUEstatRecWithALK" "calcmCPUErfaWithALK" "getEstimatesCPUEage" 
"!" "[.data.frame" "[" "calcmCPUEstatRecWithALK" "calcmCPUErfaWithALK" "getEstimatesCPUEage" 
"Ops.factor" "==" "[.data.frame" "[" "calcmCPUEstatRecWithALK" "calcmCPUErfaWithALK" "getEstimatesCPUEage" 
"mode" "%in%" "deparse" "mode" "%in%" "deparse" "paste" "force" "as.data.frame.numeric" "as.data.frame" "<Anonymous>" "do.call" "as.data.frame.list" "as.data.frame" "data.frame" "Ops.data.frame" "calcmCPUEstatRecWithALK" "calcmCPUErfaWithALK" "getEstimatesCPUEage" 
"paste" "force" "as.data.frame.numeric" "as.data.frame" "<Anonymous>" "do.call" "as.data.frame.list" "as.data.frame" "data.frame" "Ops.data.frame" "calcmCPUEstatRecWithALK" "calcmCPUErfaWithALK" "getEstimatesCPUEage" 
"structure" "as.data.frame.numeric" "as.data.frame" "<Anonymous>" "do.call" "as.data.frame.list" "as.data.frame" "data.frame" "Ops.data.frame" "calcmCPUEstatRecWithALK" "calcmCPUErfaWithALK" "getEstimatesCPUEage" 
"levels" "as.matrix.data.frame" "as.matrix" "FUN" "lapply" "Summary.data.frame" "sum" "calcmCPUEstatRecWithALK" "calcmCPUErfaWithALK" "getEstimatesCPUEage" 
"deparse" "paste" "force" "as.data.frame.numeric" "as.data.frame" "<Anonymous>" "do.call" "as.data.frame.list" "as.data.frame" "data.frame" "Ops.data.frame" "calcmCPUEstatRecWithALK" "calcmCPUErfaWithALK" "getEstimatesCPUEage" 
"length" "length" "<Anonymous>" "do.call" "as.data.frame.list" "as.data.frame" "data.frame" "Ops.data.frame" "calcmCPUEstatRecWithALK" "calcmCPUErfaWithALK" "getEstimatesCPUEage" 
"base::assign" "env_bind_impl" "child_env" "env_bury" "as_overscope" "eval_tidy" "sample_n.data.frame" "sample_n" "simTrawlHaulsCAStratified" "getEstimatesCPUEage" 
"identical" "is_formula" "f_env" "typeof" "is_env" "as_quosureish" "overscope_eval_next" "eval_tidy" "sample_n.data.frame" "sample_n" "simTrawlHaulsCAStratified" "getEstimatesCPUEage" 
"get_env" "env_unbind" "overscope_clean" "eval_tidy" "sample_n.data.frame" "sample_n" "simTrawlHaulsCAStratified" "getEstimatesCPUEage" 
"[" "[.data.frame" "[" "sample_n_basic" "sample_n.data.frame" "sample_n" "simTrawlHaulsCAStratified" "getEstimatesCPUEage" 
"getExportedValue" "::" "env_bind_impl" "child_env" "env_bury" "as_overscope" "eval_tidy" "sample_n.data.frame" "sample_n" "simTrawlHaulsCAStratified" "getEstimatesCPUEage" 
"[.factor" "[" "[.data.frame" "[" "simTrawlHaulsCAStratified" "getEstimatesCPUEage" 
"[[" "rbind" "rbind" "simTrawlHaulsCAStratified" "getEstimatesCPUEage" 
"match.call" "stopifnot" "%|%" "names2" "dots_interp_lhs" "dots_capture" "dots_values" "dots_list" "set_attrs_impl" "set_attrs" "new_quosure" "forward_quosure" "enquo" "inherits" "eval_tidy" "sample_n.data.frame" "sample_n" "simTrawlHaulsCAStratified" "getEstimatesCPUEage" 
"dots_capture" "dots_values" "chr" "set_names" "%||%" "dots_capture" "dots_values" "dots_list" "typeof" "%in%" "is_atomic" "is_vector" "stopifnot" "env_bind_impl" "child_env" "new_overscope" "as_overscope" "eval_tidy" "sample_n.data.frame" "sample_n" "simTrawlHaulsCAStratified" "getEstimatesCPUEage" 
"is.matrix" "<Anonymous>" "[[.data.frame" "[[" "[.data.frame" "[" "sample_n_basic" "sample_n.data.frame" "sample_n" "simTrawlHaulsCAStratified" "getEstimatesCPUEage" 
"getNamespace" "asNamespace" "getExportedValue" "::" ".Call" "FUN" "lapply" "map" "dots_capture" "dots_values" "dots_list" "typeof" "%in%" "is_atomic" "is_vector" "stopifnot" "env_bind_impl" "child_env" "env_bury" "as_overscope" "eval_tidy" "sample_n.data.frame" "sample_n" "simTrawlHaulsCAStratified" "getEstimatesCPUEage" 
"[" "[.data.frame" "[" "sample_n_basic" "sample_n.data.frame" "sample_n" "simTrawlHaulsCAStratified" "getEstimatesCPUEage" 
"stopifnot" "%|%" "names2" "dots_interp_lhs" "dots_capture" "dots_values" "dots_list" "set_attrs_impl" "set_attrs" "new_quosure" "forward_quosure" "enquo" "inherits" "eval_tidy" "sample_n.data.frame" "sample_n" "simTrawlHaulsCAStratified" "getEstimatesCPUEage" 
"unique" "<Anonymous>" "do.call" "simTrawlHaulsCAStratified" "getEstimatesCPUEage" 
"unique.default" "unique" "<Anonymous>" "do.call" "simTrawlHaulsCAStratified" "getEstimatesCPUEage" 
"levels" "[<-.factor" "[<-" "<Anonymous>" "do.call" "simTrawlHaulsCAStratified" "getEstimatesCPUEage" 
"Ops.factor" "==" "[.data.frame" "[" "simTrawlHaulsHLStratified" "getEstimatesCPUEage" 
"[.data.frame" "[" "simTrawlHaulsHLStratified" "getEstimatesCPUEage" 
"NextMethod" "Ops.factor" "==" "[.data.frame" "[" "simTrawlHaulsHLStratified" "getEstimatesCPUEage" 
"as.vector" "as.vector.factor" "as.vector" "as.vector" "<Anonymous>" "do.call" "simTrawlHaulsHLStratified" "getEstimatesCPUEage" 
"[[.data.frame" "[[" "$.data.frame" "$" "calculateALK" "getEstimatesCPUEage" 
".deparseOpts" "deparse" "paste" "force" "as.data.frame.numeric" "as.data.frame" "<Anonymous>" "do.call" "as.data.frame.list" "as.data.frame" "data.frame" "Ops.data.frame" "calcmCPUEstatRecWithALK" "calcmCPUErfaWithALK" "getEstimatesCPUEage" 
"deparse" "mode" "%in%" "deparse" "paste" "force" "as.data.frame.numeric" "as.data.frame" "<Anonymous>" "do.call" "as.data.frame.list" "as.data.frame" "data.frame" "Ops.data.frame" "calcmCPUEstatRecWithALK" "calcmCPUErfaWithALK" "getEstimatesCPUEage" 
"structure" "as.data.frame.numeric" "as.data.frame" "<Anonymous>" "do.call" "as.data.frame.list" "as.data.frame" "data.frame" "Ops.data.frame" "calcmCPUEstatRecWithALK" "calcmCPUErfaWithALK" "getEstimatesCPUEage" 
".deparseOpts" "deparse" "paste" "force" "as.data.frame.numeric" "as.data.frame" "<Anonymous>" "do.call" "as.data.frame.list" "as.data.frame" "data.frame" "Ops.data.frame" "calcmCPUEstatRecWithALK" "calcmCPUErfaWithALK" "getEstimatesCPUEage" 
"paste" "force" "as.data.frame.numeric" "as.data.frame" "<Anonymous>" "do.call" "as.data.frame.list" "as.data.frame" "data.frame" "Ops.data.frame" "calcmCPUEstatRecWithALK" "calcmCPUErfaWithALK" "getEstimatesCPUEage" 
"&" "[.data.frame" "[" "calcmCPUEstatRecWithALK" "calcmCPUErfaWithALK" "getEstimatesCPUEage" 
"as.list.default" "as.list" "<Anonymous>" "do.call" "as.data.frame.list" "as.data.frame" "data.frame" "Ops.data.frame" "calcmCPUEstatRecWithALK" "calcmCPUErfaWithALK" "getEstimatesCPUEage" 
"structure" "as.data.frame.numeric" "as.data.frame" "<Anonymous>" "do.call" "as.data.frame.list" "as.data.frame" "data.frame" "Ops.data.frame" "calcmCPUEstatRecWithALK" "calcmCPUErfaWithALK" "getEstimatesCPUEage" 
"deparse" "paste" "force" "as.data.frame.numeric" "as.data.frame" "<Anonymous>" "do.call" "as.data.frame.list" "as.data.frame" "data.frame" "Ops.data.frame" "calcmCPUEstatRecWithALK" "calcmCPUErfaWithALK" "getEstimatesCPUEage" 
"structure" "as.data.frame.numeric" "as.data.frame" "<Anonymous>" "do.call" "as.data.frame.list" "as.data.frame" "data.frame" "Ops.data.frame" "calcmCPUEstatRecWithALK" "calcmCPUErfaWithALK" "getEstimatesCPUEage" 
"calcmCPUEstatRecWithALK" "calcmCPUErfaWithALK" "getEstimatesCPUEage" 
"[[.data.frame" "[[" "Ops.data.frame" "calcmCPUEstatRecWithALK" "calcmCPUErfaWithALK" "getEstimatesCPUEage" 
"[.factor" "[" "calcmCPUEstatRecWithALK" "calcmCPUErfaWithALK" "getEstimatesCPUEage" 
"Ops.data.frame" "calcmCPUEstatRecWithALK" "calcmCPUErfaWithALK" "getEstimatesCPUEage" 
"type_of" "switch_type" "set_env" "env_bury" "as_overscope" "eval_tidy" "sample_n.data.frame" "sample_n" "simTrawlHaulsCAStratified" "getEstimatesCPUEage" 
"anyDuplicated" "rbind" "rbind" "simTrawlHaulsCAStratified" "getEstimatesCPUEage" 
"[" "[.data.frame" "[" "simTrawlHaulsCAStratified" "getEstimatesCPUEage" 
"lang" "enquo" "inherits" "eval_tidy" "sample_n.data.frame" "sample_n" "simTrawlHaulsCAStratified" "getEstimatesCPUEage" 
"tryCatchOne" "tryCatchList" "tryCatch" "see_if" "assert_that" "sample_n_basic" "sample_n.data.frame" "sample_n" "simTrawlHaulsCAStratified" "getEstimatesCPUEage" 
"%in%" "[[.data.frame" "[[" "rbind" "rbind" "simTrawlHaulsCAStratified" "getEstimatesCPUEage" 
"base::assign" "env_bind_impl" "child_env" "env_bury" "as_overscope" "eval_tidy" "sample_n.data.frame" "sample_n" "simTrawlHaulsCAStratified" "getEstimatesCPUEage" 
"factor" "rbind" "rbind" "simTrawlHaulsCAStratified" "getEstimatesCPUEage" 
"NextMethod" "[.factor" "[" "[.data.frame" "[" "rbind" "simTrawlHaulsCAStratified" "getEstimatesCPUEage" 
"dots_values" "chr" "set_names" "%||%" "dots_capture" "dots_values" "dots_list" "typeof" "%in%" "is_atomic" "is_vector" "stopifnot" "env_bind_impl" "child_env" "new_overscope" "as_overscope" "eval_tidy" "sample_n.data.frame" "sample_n" "simTrawlHaulsCAStratified" "getEstimatesCPUEage" 
"names2" "dots_interp_lhs" "dots_capture" "dots_values" "chr" "set_names" "%||%" "dots_capture" "dots_values" "dots_list" "typeof" "%in%" "is_atomic" "is_vector" "stopifnot" "env_bind_impl" "child_env" "new_overscope" "as_overscope" "eval_tidy" "sample_n.data.frame" "sample_n" "simTrawlHaulsCAStratified" "getEstimatesCPUEage" 
"is_formulaish" "type_of" "names2" "dots_interp_lhs" "dots_capture" "dots_values" "dots_list" "typeof" "%in%" "is_atomic" "is_vector" "stopifnot" "env_bind_impl" "child_env" "new_overscope" "as_overscope" "eval_tidy" "sample_n.data.frame" "sample_n" "simTrawlHaulsCAStratified" "getEstimatesCPUEage" 
"[[" "[.data.frame" "[" "rbind" "simTrawlHaulsCAStratified" "getEstimatesCPUEage" 
"is.ordered" "<Anonymous>" "do.call" "simTrawlHaulsCAStratified" "getEstimatesCPUEage" 
"levels" "as.vector" "as.vector.factor" "as.vector" "as.vector" "<Anonymous>" "do.call" "simTrawlHaulsCAStratified" "getEstimatesCPUEage" 
"unlist" "rbind" "rbind" "simTrawlHaulsHLStratified" "getEstimatesCPUEage" 
"levels" "[<-.factor" "[<-" "rbind" "rbind" "simTrawlHaulsHLStratified" "getEstimatesCPUEage" 
"sort.int" "Ops.factor" "==" "[.data.frame" "[" "simTrawlHaulsHLStratified" "getEstimatesCPUEage" 
"[<-.factor" "[<-" "rbind" "rbind" "simTrawlHaulsHLStratified" "getEstimatesCPUEage" 
"factor" "<Anonymous>" "do.call" "simTrawlHaulsHLStratified" "getEstimatesCPUEage" 
"%in%" "[[.data.frame" "[[" "[.data.frame" "[" "calcmCPUEstatRecWithALK" "calcmCPUErfaWithALK" "getEstimatesCPUEage" 
"names" "names" "<Anonymous>" "do.call" "as.data.frame.list" "as.data.frame" "data.frame" "Ops.data.frame" "calcmCPUEstatRecWithALK" "calcmCPUErfaWithALK" "getEstimatesCPUEage" 
"deparse" "paste" "force" "as.data.frame.numeric" "as.data.frame" "<Anonymous>" "do.call" "as.data.frame.list" "as.data.frame" "data.frame" "Ops.data.frame" "calcmCPUEstatRecWithALK" "calcmCPUErfaWithALK" "getEstimatesCPUEage" 
"mode" "%in%" "deparse" "paste" "force" "as.data.frame.numeric" "as.data.frame" "<Anonymous>" "do.call" "as.data.frame.list" "as.data.frame" "data.frame" "Ops.data.frame" "calcmCPUEstatRecWithALK" "calcmCPUErfaWithALK" "getEstimatesCPUEage" 
"as.matrix.data.frame" "as.matrix" "FUN" "lapply" "Summary.data.frame" "sum" "calcmCPUEstatRecWithALK" "calcmCPUErfaWithALK" "getEstimatesCPUEage" 
"anyNA" ".deparseOpts" "deparse" "mode" "%in%" "deparse" "paste" "force" "as.data.frame.numeric" "as.data.frame" "<Anonymous>" "do.call" "as.data.frame.list" "as.data.frame" "data.frame" "Ops.data.frame" "calcmCPUEstatRecWithALK" "calcmCPUErfaWithALK" "getEstimatesCPUEage" 
"do.call" "as.data.frame.list" "as.data.frame" "data.frame" "Ops.data.frame" "calcmCPUEstatRecWithALK" "calcmCPUErfaWithALK" "getEstimatesCPUEage" 
"c" "pmatch" ".deparseOpts" "deparse" "mode" "%in%" "deparse" "paste" "force" "as.data.frame.numeric" "as.data.frame" "<Anonymous>" "do.call" "as.data.frame.list" "as.data.frame" "data.frame" "Ops.data.frame" "calcmCPUEstatRecWithALK" "calcmCPUErfaWithALK" "getEstimatesCPUEage" 
"nzchar" "Ops.factor" "which" "unique" "calcmCPUEstatRecWithALK" "calcmCPUErfaWithALK" "getEstimatesCPUEage" 
"[.data.frame" "[" "calcmCPUEstatRecWithALK" "calcmCPUErfaWithALK" "getEstimatesCPUEage" 
"%in%" "[[.data.frame" "[[" "[.data.frame" "[" "calcmCPUEstatRecWithALK" "calcmCPUErfaWithALK" "getEstimatesCPUEage" 
"pmatch" ".deparseOpts" "deparse" "mode" "%in%" "deparse" "paste" "force" "as.data.frame.numeric" "as.data.frame" "<Anonymous>" "do.call" "as.data.frame.list" "as.data.frame" "data.frame" "Ops.data.frame" "calcmCPUEstatRecWithALK" "calcmCPUErfaWithALK" "getEstimatesCPUEage" 
"data.frame" "Ops.data.frame" "calcmCPUEstatRecWithALK" "calcmCPUErfaWithALK" "getEstimatesCPUEage" 
"structure" "as.data.frame.numeric" "as.data.frame" "<Anonymous>" "do.call" "as.data.frame.list" "as.data.frame" "data.frame" "Ops.data.frame" "calcmCPUEstatRecWithALK" "calcmCPUErfaWithALK" "getEstimatesCPUEage" 
"is.expression" "mode" "%in%" "deparse" "paste" "force" "as.data.frame.numeric" "as.data.frame" "<Anonymous>" "do.call" "as.data.frame.list" "as.data.frame" "data.frame" "Ops.data.frame" "calcmCPUEstatRecWithALK" "calcmCPUErfaWithALK" "getEstimatesCPUEage" 
"eval" "eval" "Ops.data.frame" "calcmCPUEstatRecWithALK" "calcmCPUErfaWithALK" "getEstimatesCPUEage" 
"is_character" "lang" "enquo" "inherits" "eval_tidy" "sample_n.data.frame" "sample_n" "simTrawlHaulsCAStratified" "getEstimatesCPUEage" 
"is_character" "is_string" "sym" "lang" "new_formula" "new_quosure" "forward_quosure" "enquo" "inherits" "eval_tidy" "sample_n.data.frame" "sample_n" "simTrawlHaulsCAStratified" "getEstimatesCPUEage" 
"attr" "[.factor" "[" "[.data.frame" "[" "sample_n_basic" "sample_n.data.frame" "sample_n" "simTrawlHaulsCAStratified" "getEstimatesCPUEage" 
"vapply" "map_mold" "map_lgl" "dots_interp_lhs" "dots_capture" "dots_values" "dots_list" "set_attrs_impl" "set_attrs" "new_quosure" "forward_quosure" "enquo" "inherits" "eval_tidy" "sample_n.data.frame" "sample_n" "simTrawlHaulsCAStratified" "getEstimatesCPUEage" 
"dim" "dim" "[.data.frame" "[" "simTrawlHaulsCAStratified" "getEstimatesCPUEage" 
"typeof" "type_of" "coerce_type" "as_env" "new.env" "child_env" "new_overscope" "as_overscope" "eval_tidy" "sample_n.data.frame" "sample_n" "simTrawlHaulsCAStratified" "getEstimatesCPUEage" 
"map" "dots_capture" "dots_values" "dots_list" "as.pairlist" "typeof" "%in%" "is_pairlist" "new_language" "lang" "new_formula" "new_quosure" "forward_quosure" "enquo" "inherits" "eval_tidy" "sample_n.data.frame" "sample_n" "simTrawlHaulsCAStratified" "getEstimatesCPUEage" 
"as_overscope" "eval_tidy" "sample_n.data.frame" "sample_n" "simTrawlHaulsCAStratified" "getEstimatesCPUEage" 
"::" "env_bind_impl" "child_env" "env_bury" "as_overscope" "eval_tidy" "sample_n.data.frame" "sample_n" "simTrawlHaulsCAStratified" "getEstimatesCPUEage" 
"[.data.frame" "[" "simTrawlHaulsCAStratified" "getEstimatesCPUEage" 
"is_atomic" "is_scalar_atomic" "stopifnot" "%|%" "names2" "dots_interp_lhs" "dots_capture" "dots_values" "dots_list" "set_attrs_impl" "set_attrs" "new_quosure" "forward_quosure" "enquo" "inherits" "eval_tidy" "sample_n.data.frame" "sample_n" "simTrawlHaulsCAStratified" "getEstimatesCPUEage" 
"forward_quosure" "enquo" "inherits" "eval_tidy" "sample_n.data.frame" "sample_n" "simTrawlHaulsCAStratified" "getEstimatesCPUEage" 
"[[.data.frame" "[[" "[.data.frame" "[" "rbind" "simTrawlHaulsCAStratified" "getEstimatesCPUEage" 
"rbind" "rbind" "simTrawlHaulsCAStratified" "getEstimatesCPUEage" 
"sys.call" "match.call" "stopifnot" "%|%" "names2" "dots_interp_lhs" "dots_capture" "dots_values" "dots_list" "typeof" "%in%" "is_atomic" "is_vector" "stopifnot" "env_bind_impl" "child_env" "as_overscope" "eval_tidy" "sample_n.data.frame" "sample_n" "simTrawlHaulsCAStratified" "getEstimatesCPUEage" 
"c" "unique" "<Anonymous>" "do.call" "simTrawlHaulsCAStratified" "getEstimatesCPUEage" 
"[[" "<Anonymous>" "do.call" "simTrawlHaulsCAStratified" "getEstimatesCPUEage" 
"levels" "[<-.factor" "[<-" "<Anonymous>" "do.call" "simTrawlHaulsCAStratified" "getEstimatesCPUEage" 
"[<-.factor" "[<-" "rbind" "rbind" "simTrawlHaulsHLStratified" "getEstimatesCPUEage" 
"is.na" "sort.int" "Ops.factor" "==" "[.data.frame" "[" "simTrawlHaulsHLStratified" "getEstimatesCPUEage" 
"[.data.frame" "[" "simTrawlHaulsHLStratified" "getEstimatesCPUEage" 
"[.factor" "[" "[.data.frame" "[" "simTrawlHaulsHLStratified" "getEstimatesCPUEage" 
"$" "calculateALK" "getEstimatesCPUEage" 
"anyDuplicated" "[.data.frame" "[" "calcmCPUEstatRecWithALK" "calcmCPUErfaWithALK" "getEstimatesCPUEage" 
"[.data.frame" "[" "calcmCPUEstatRecWithALK" "calcmCPUErfaWithALK" "getEstimatesCPUEage" 
"structure" "as.data.frame.numeric" "as.data.frame" "<Anonymous>" "do.call" "as.data.frame.list" "as.data.frame" "data.frame" "Ops.data.frame" "calcmCPUEstatRecWithALK" "calcmCPUErfaWithALK" "getEstimatesCPUEage" 
"unlist" "data.frame" "Ops.data.frame" "calcmCPUEstatRecWithALK" "calcmCPUErfaWithALK" "getEstimatesCPUEage" 
"is.na" "[.data.frame" "[" "calcmCPUEstatRecWithALK" "calcmCPUErfaWithALK" "getEstimatesCPUEage" 
"paste" "force" "as.data.frame.numeric" "as.data.frame" "<Anonymous>" "do.call" "as.data.frame.list" "as.data.frame" "data.frame" "Ops.data.frame" "calcmCPUEstatRecWithALK" "calcmCPUErfaWithALK" "getEstimatesCPUEage" 
"deparse" "mode" "%in%" "deparse" "paste" "force" "as.data.frame.numeric" "as.data.frame" "<Anonymous>" "do.call" "as.data.frame.list" "as.data.frame" "data.frame" "Ops.data.frame" "calcmCPUEstatRecWithALK" "calcmCPUErfaWithALK" "getEstimatesCPUEage" 
"structure" "as.data.frame.numeric" "as.data.frame" "<Anonymous>" "do.call" "as.data.frame.list" "as.data.frame" "data.frame" "Ops.data.frame" "calcmCPUEstatRecWithALK" "calcmCPUErfaWithALK" "getEstimatesCPUEage" 
"length" "length" "<Anonymous>" "do.call" "as.data.frame.list" "as.data.frame" "data.frame" "Ops.data.frame" "calcmCPUEstatRecWithALK" "calcmCPUErfaWithALK" "getEstimatesCPUEage" 
"as.data.frame" "<Anonymous>" "do.call" "as.data.frame.list" "as.data.frame" "data.frame" "Ops.data.frame" "calcmCPUEstatRecWithALK" "calcmCPUErfaWithALK" "getEstimatesCPUEage" 
"deparse" "mode" "%in%" "deparse" "paste" "force" "as.data.frame.numeric" "as.data.frame" "<Anonymous>" "do.call" "as.data.frame.list" "as.data.frame" "data.frame" "Ops.data.frame" "calcmCPUEstatRecWithALK" "calcmCPUErfaWithALK" "getEstimatesCPUEage" 
"[[" "Ops.data.frame" "calcmCPUEstatRecWithALK" "calcmCPUErfaWithALK" "getEstimatesCPUEage" 
"as.data.frame.list" "as.data.frame" "data.frame" "Ops.data.frame" "calcmCPUEstatRecWithALK" "calcmCPUErfaWithALK" "getEstimatesCPUEage" 
"<Anonymous>" "do.call" "as.data.frame.list" "as.data.frame" "data.frame" "Ops.data.frame" "calcmCPUEstatRecWithALK" "calcmCPUErfaWithALK" "getEstimatesCPUEage" 
"check_size" "sample_n_basic" "sample_n.data.frame" "sample_n" "simTrawlHaulsCAStratified" "getEstimatesCPUEage" 
"%in%" "[[.data.frame" "[[" "rbind" "rbind" "simTrawlHaulsCAStratified" "getEstimatesCPUEage" 
"levels.default" "levels" "as.vector" "as.vector.factor" "as.vector" "as.vector" "rbind" "rbind" "simTrawlHaulsCAStratified" "getEstimatesCPUEage" 
"as.list" "vapply" "rm" "env_unbind" "overscope_clean" "eval_tidy" "sample_n.data.frame" "sample_n" "simTrawlHaulsCAStratified" "getEstimatesCPUEage" 
"is.na" "[<-.factor" "[<-" "rbind" "rbind" "simTrawlHaulsCAStratified" "getEstimatesCPUEage" 
"[<-.factor" "[<-" "rbind" "rbind" "simTrawlHaulsCAStratified" "getEstimatesCPUEage" 
"simTrawlHaulsCAStratified" "getEstimatesCPUEage" 
"is_namespaced_symbol" "is_namespaced_lang" "lang_unnamespace" "is_lang" "is_bang" "is_splice" "FUN" "lapply" "map" "dots_capture" "dots_values" "dots_list" "as.pairlist" "typeof" "%in%" "is_pairlist" "new_language" "lang" "enquo" "inherits" "eval_tidy" "sample_n.data.frame" "sample_n" "simTrawlHaulsCAStratified" "getEstimatesCPUEage" 
"[[.data.frame" "[[" "rbind" "rbind" "simTrawlHaulsCAStratified" "getEstimatesCPUEage" 
"unique.default" "unique" "rbind" "rbind" "simTrawlHaulsCAStratified" "getEstimatesCPUEage" 
"dim" "dim" "[.data.frame" "[" "rbind" "simTrawlHaulsCAStratified" "getEstimatesCPUEage" 
"set_names" "%||%" "dots_capture" "dots_values" "dots_list" "typeof" "%in%" "is_atomic" "is_vector" "stopifnot" "env_bind_impl" "child_env" "as_overscope" "eval_tidy" "sample_n.data.frame" "sample_n" "simTrawlHaulsCAStratified" "getEstimatesCPUEage" 
"%in%" "[[.data.frame" "[[" "[.data.frame" "[" "rbind" "simTrawlHaulsCAStratified" "getEstimatesCPUEage" 
"sample_n" "simTrawlHaulsCAStratified" "getEstimatesCPUEage" 
"sys.call" "%in%" "[[.data.frame" "[[" "<Anonymous>" "do.call" "simTrawlHaulsCAStratified" "getEstimatesCPUEage" 
"<Anonymous>" "do.call" "simTrawlHaulsCAStratified" "getEstimatesCPUEage" 
"NextMethod" "Ops.factor" "==" "[.data.frame" "[" "simTrawlHaulsHLStratified" "getEstimatesCPUEage" 
"as.vector" "as.vector" "factor" "rbind" "rbind" "simTrawlHaulsHLStratified" "getEstimatesCPUEage" 
"make.unique" "rbind" "rbind" "simTrawlHaulsHLStratified" "getEstimatesCPUEage" 
"dim" "dim" "rbind" "rbind" "simTrawlHaulsHLStratified" "getEstimatesCPUEage" 
"all" "[[.data.frame" "[[" "$.data.frame" "$" "calculateALK" "getEstimatesCPUEage" 
"which" "unique" "calcmCPUEstatRecWithALK" "calcmCPUErfaWithALK" "getEstimatesCPUEage" 
"as.data.frame" "<Anonymous>" "do.call" "as.data.frame.list" "as.data.frame" "data.frame" "Ops.data.frame" "calcmCPUEstatRecWithALK" "calcmCPUErfaWithALK" "getEstimatesCPUEage" 
"paste" "force" "as.data.frame.numeric" "as.data.frame" "<Anonymous>" "do.call" "as.data.frame.list" "as.data.frame" "data.frame" "Ops.data.frame" "calcmCPUEstatRecWithALK" "calcmCPUErfaWithALK" "getEstimatesCPUEage" 
".row_names_info" "<Anonymous>" "do.call" "as.data.frame.list" "as.data.frame" "data.frame" "Ops.data.frame" "calcmCPUEstatRecWithALK" "calcmCPUErfaWithALK" "getEstimatesCPUEage" 
"as.list" "data.frame" "Ops.data.frame" "calcmCPUEstatRecWithALK" "calcmCPUErfaWithALK" "getEstimatesCPUEage" 
"min" "calcmCPUEstatRecWithALK" "calcmCPUErfaWithALK" "getEstimatesCPUEage" 
"unlist" "<Anonymous>" "do.call" "as.data.frame.list" "as.data.frame" "data.frame" "Ops.data.frame" "calcmCPUEstatRecWithALK" "calcmCPUErfaWithALK" "getEstimatesCPUEage" 
"length" "length" "<Anonymous>" "do.call" "as.data.frame.list" "as.data.frame" "data.frame" "Ops.data.frame" "calcmCPUEstatRecWithALK" "calcmCPUErfaWithALK" "getEstimatesCPUEage" 
"unlist" "data.frame" "Ops.data.frame" "calcmCPUEstatRecWithALK" "calcmCPUErfaWithALK" "getEstimatesCPUEage" 
"as.matrix.data.frame" "as.matrix" "FUN" "lapply" "Summary.data.frame" "sum" "calcmCPUEstatRecWithALK" "calcmCPUErfaWithALK" "getEstimatesCPUEage" 
"eval" "Ops.data.frame" "calcmCPUEstatRecWithALK" "calcmCPUErfaWithALK" "getEstimatesCPUEage" 
"[[.data.frame" "[[" "Ops.data.frame" "calcmCPUEstatRecWithALK" "calcmCPUErfaWithALK" "getEstimatesCPUEage" 
".subset2" "<Anonymous>" "[[.data.frame" "[[" "$.data.frame" "$" "simTrawlHaulsCAStratified" "getEstimatesCPUEage" 
"+" "parent.frame" "caller_env" "typeof" "type_of" "switch_type" "get_env" "captureDots" "dots_capture" "dots_values" "dots_list" "typeof" "%in%" "is_atomic" "is_vector" "stopifnot" "env_bind_impl" "child_env" "new_overscope" "as_overscope" "eval_tidy" "sample_n.data.frame" "sample_n" "simTrawlHaulsCAStratified" "getEstimatesCPUEage" 
"dots_list" "typeof" "%in%" "is_atomic" "is_vector" "stopifnot" "env_bind_impl" "child_env" "as_overscope" "eval_tidy" "sample_n.data.frame" "sample_n" "simTrawlHaulsCAStratified" "getEstimatesCPUEage" 
"match.fun" "lapply" "map" "dots_values" "dots_list" "typeof" "%in%" "is_atomic" "is_vector" "stopifnot" "env_bind_impl" "child_env" "new_overscope" "as_overscope" "eval_tidy" "sample_n.data.frame" "sample_n" "simTrawlHaulsCAStratified" "getEstimatesCPUEage" 
"node_car" "typeof" "is_namespaced_symbol" "is_namespaced_lang" "lang_unnamespace" "is_lang" "is_bang" "is_splice" "FUN" "lapply" "map" "dots_capture" "dots_values" "dots_list" "typeof" "%in%" "is_atomic" "is_vector" "stopifnot" "env_bind_impl" "child_env" "env_bury" "as_overscope" "eval_tidy" "sample_n.data.frame" "sample_n" "simTrawlHaulsCAStratified" "getEstimatesCPUEage" 
"is_function" "set_names" "%||%" "dots_capture" "dots_values" "dots_list" "typeof" "%in%" "is_atomic" "is_vector" "stopifnot" "env_bind_impl" "child_env" "new_overscope" "as_overscope" "eval_tidy" "sample_n.data.frame" "sample_n" "simTrawlHaulsCAStratified" "getEstimatesCPUEage" 
"sys.call" "%in%" "[.data.frame" "[" "rbind" "simTrawlHaulsCAStratified" "getEstimatesCPUEage" 
"is.factor" "[<-.factor" "[<-" "rbind" "rbind" "simTrawlHaulsCAStratified" "getEstimatesCPUEage" 
"sys.call" "%in%" "[[.data.frame" "[[" "[.data.frame" "[" "sample_n_basic" "sample_n.data.frame" "sample_n" "simTrawlHaulsCAStratified" "getEstimatesCPUEage" 
"rbind" "rbind" "simTrawlHaulsCAStratified" "getEstimatesCPUEage" 
"%in%" "is_symbolic" "forward_quosure" "enquo" "inherits" "eval_tidy" "sample_n.data.frame" "sample_n" "simTrawlHaulsCAStratified" "getEstimatesCPUEage" 
"type_of" "switch_type" "get_env" "captureDots" "dots_capture" "dots_values" "dots_list" "as.pairlist" "typeof" "%in%" "is_pairlist" "new_language" "lang" "enquo" "inherits" "eval_tidy" "sample_n.data.frame" "sample_n" "simTrawlHaulsCAStratified" "getEstimatesCPUEage" 
"all" "[[.data.frame" "[[" "rbind" "rbind" "simTrawlHaulsCAStratified" "getEstimatesCPUEage" 
"names" "%in%" "[[.data.frame" "[[" "<Anonymous>" "do.call" "simTrawlHaulsCAStratified" "getEstimatesCPUEage" 
"[[.data.frame" "[[" "<Anonymous>" "do.call" "simTrawlHaulsCAStratified" "getEstimatesCPUEage" 
"<Anonymous>" "do.call" "simTrawlHaulsCAStratified" "getEstimatesCPUEage" 
"NextMethod" "[.factor" "[" "[.data.frame" "[" "simTrawlHaulsHLStratified" "getEstimatesCPUEage" 
"is.na" "sort.int" "Ops.factor" "==" "[.data.frame" "[" "simTrawlHaulsHLStratified" "getEstimatesCPUEage" 
"all" "[[.data.frame" "[[" "rbind" "rbind" "simTrawlHaulsHLStratified" "getEstimatesCPUEage" 
"factor" "<Anonymous>" "do.call" "simTrawlHaulsHLStratified" "getEstimatesCPUEage" 
"[[" "$.data.frame" "$" "calculateALK" "getEstimatesCPUEage" 
"structure" "as.data.frame.numeric" "as.data.frame" "<Anonymous>" "do.call" "as.data.frame.list" "as.data.frame" "data.frame" "Ops.data.frame" "calcmCPUEstatRecWithALK" "calcmCPUErfaWithALK" "getEstimatesCPUEage" 
"data.frame" "Ops.data.frame" "calcmCPUEstatRecWithALK" "calcmCPUErfaWithALK" "getEstimatesCPUEage" 
"%in%" ".deparseOpts" "deparse" "mode" "%in%" "deparse" "paste" "force" "as.data.frame.numeric" "as.data.frame" "<Anonymous>" "do.call" "as.data.frame.list" "as.data.frame" "data.frame" "Ops.data.frame" "calcmCPUEstatRecWithALK" "calcmCPUErfaWithALK" "getEstimatesCPUEage" 
"anyDuplicated" "[.data.frame" "[" "calcmCPUEstatRecWithALK" "calcmCPUErfaWithALK" "getEstimatesCPUEage" 
".deparseOpts" "deparse" "mode" "%in%" "deparse" "paste" "force" "as.data.frame.numeric" "as.data.frame" "<Anonymous>" "do.call" "as.data.frame.list" "as.data.frame" "data.frame" "Ops.data.frame" "calcmCPUEstatRecWithALK" "calcmCPUErfaWithALK" "getEstimatesCPUEage" 
"deparse" "paste" "force" "as.data.frame.numeric" "as.data.frame" "<Anonymous>" "do.call" "as.data.frame.list" "as.data.frame" "data.frame" "Ops.data.frame" "calcmCPUEstatRecWithALK" "calcmCPUErfaWithALK" "getEstimatesCPUEage" 
"<Anonymous>" "do.call" "as.data.frame.list" "as.data.frame" "data.frame" "Ops.data.frame" "calcmCPUEstatRecWithALK" "calcmCPUErfaWithALK" "getEstimatesCPUEage" 
"structure" "as.data.frame.numeric" "as.data.frame" "<Anonymous>" "do.call" "as.data.frame.list" "as.data.frame" "data.frame" "Ops.data.frame" "calcmCPUEstatRecWithALK" "calcmCPUErfaWithALK" "getEstimatesCPUEage" 
"match.arg" "order" "sort.int" "sort.default" "sort" "as.factor" "split.default" "split" "Ops.data.frame" "calcmCPUEstatRecWithALK" "calcmCPUErfaWithALK" "getEstimatesCPUEage" 
"as.data.frame" "<Anonymous>" "do.call" "as.data.frame.list" "as.data.frame" "data.frame" "Ops.data.frame" "calcmCPUEstatRecWithALK" "calcmCPUErfaWithALK" "getEstimatesCPUEage" 
"pmatch" ".deparseOpts" "deparse" "paste" "force" "as.data.frame.numeric" "as.data.frame" "<Anonymous>" "do.call" "as.data.frame.list" "as.data.frame" "data.frame" "Ops.data.frame" "calcmCPUEstatRecWithALK" "calcmCPUErfaWithALK" "getEstimatesCPUEage" 
"c" "pmatch" ".deparseOpts" "deparse" "paste" "force" "as.data.frame.numeric" "as.data.frame" "<Anonymous>" "do.call" "as.data.frame.list" "as.data.frame" "data.frame" "Ops.data.frame" "calcmCPUEstatRecWithALK" "calcmCPUErfaWithALK" "getEstimatesCPUEage" 
"as.data.frame.numeric" "as.data.frame" "<Anonymous>" "do.call" "as.data.frame.list" "as.data.frame" "data.frame" "Ops.data.frame" "calcmCPUEstatRecWithALK" "calcmCPUErfaWithALK" "getEstimatesCPUEage" 
"NextMethod" "[.factor" "[" "calcmCPUEstatRecWithALK" "calcmCPUErfaWithALK" "getEstimatesCPUEage" 
"is.na" "is.na" "Ops.factor" "==" "[.data.frame" "[" "calcmCPUEstatRecWithALK" "calcmCPUErfaWithALK" "getEstimatesCPUEage" 
"pmatch" ".deparseOpts" "deparse" "mode" "%in%" "deparse" "paste" "force" "as.data.frame.numeric" "as.data.frame" "<Anonymous>" "do.call" "as.data.frame.list" "as.data.frame" "data.frame" "Ops.data.frame" "calcmCPUEstatRecWithALK" "calcmCPUErfaWithALK" "getEstimatesCPUEage" 
"pmatch" ".deparseOpts" "deparse" "mode" "%in%" "deparse" "paste" "force" "as.data.frame.numeric" "as.data.frame" "<Anonymous>" "do.call" "as.data.frame.list" "as.data.frame" "data.frame" "Ops.data.frame" "calcmCPUEstatRecWithALK" "calcmCPUErfaWithALK" "getEstimatesCPUEage" 
"enquo" "inherits" "eval_tidy" "sample_n.data.frame" "sample_n" "simTrawlHaulsCAStratified" "getEstimatesCPUEage" 
"is_namespaced_symbol" "is_namespaced_lang" "lang_unnamespace" "is_lang" "is_bang" "is_splice" "FUN" "lapply" "map" "dots_capture" "dots_values" "dots_list" "typeof" "%in%" "is_atomic" "is_vector" "stopifnot" "env_bind_impl" "child_env" "env_bury" "as_overscope" "eval_tidy" "sample_n.data.frame" "sample_n" "simTrawlHaulsCAStratified" "getEstimatesCPUEage" 
"[[.data.frame" "[[" "rbind" "rbind" "simTrawlHaulsCAStratified" "getEstimatesCPUEage" 
"::" "env_bind_impl" "child_env" "env_bury" "as_overscope" "eval_tidy" "sample_n.data.frame" "sample_n" "simTrawlHaulsCAStratified" "getEstimatesCPUEage" 
"pairlist" "captureDots" "dots_capture" "dots_values" "dots_list" "set_attrs_impl" "set_attrs" "new_quosure" "forward_quosure" "enquo" "inherits" "eval_tidy" "sample_n.data.frame" "sample_n" "simTrawlHaulsCAStratified" "getEstimatesCPUEage" 
"[.factor" "[" "[.data.frame" "[" "rbind" "simTrawlHaulsCAStratified" "getEstimatesCPUEage" 
"which" "dots_interp_lhs" "dots_capture" "dots_values" "chr" "set_names" "%||%" "dots_capture" "dots_values" "dots_list" "typeof" "%in%" "is_atomic" "is_vector" "stopifnot" "env_bind_impl" "child_env" "new_overscope" "as_overscope" "eval_tidy" "sample_n.data.frame" "sample_n" "simTrawlHaulsCAStratified" "getEstimatesCPUEage" 
"base::assign" "env_bind_impl" "child_env" "env_bury" "as_overscope" "eval_tidy" "sample_n.data.frame" "sample_n" "simTrawlHaulsCAStratified" "getEstimatesCPUEage" 
"lapply" "map" "dots_capture" "dots_values" "dots_list" "typeof" "%in%" "is_atomic" "is_vector" "stopifnot" "env_bind_impl" "child_env" "env_bury" "as_overscope" "eval_tidy" "sample_n.data.frame" "sample_n" "simTrawlHaulsCAStratified" "getEstimatesCPUEage" 
"map" "dots_values" "dots_list" "as.pairlist" "typeof" "%in%" "is_pairlist" "new_language" "lang" "new_formula" "new_quosure" "forward_quosure" "enquo" "inherits" "eval_tidy" "sample_n.data.frame" "sample_n" "simTrawlHaulsCAStratified" "getEstimatesCPUEage" 
"%in%" "is_atomic" "stopifnot" "%|%" "names2" "dots_interp_lhs" "dots_capture" "dots_values" "dots_list" "typeof" "%in%" "is_atomic" "is_vector" "stopifnot" "env_bind_impl" "child_env" "new_overscope" "as_overscope" "eval_tidy" "sample_n.data.frame" "sample_n" "simTrawlHaulsCAStratified" "getEstimatesCPUEage" 
"[[.data.frame" "[[" "[.data.frame" "[" "rbind" "simTrawlHaulsCAStratified" "getEstimatesCPUEage" 
"as.vector" "as.vector" "rbind" "rbind" "simTrawlHaulsCAStratified" "getEstimatesCPUEage" 
"unique.default" "unique" "<Anonymous>" "do.call" "simTrawlHaulsCAStratified" "getEstimatesCPUEage" 
"%in%" "[[.data.frame" "[[" "<Anonymous>" "do.call" "simTrawlHaulsCAStratified" "getEstimatesCPUEage" 
"as.vector" "as.vector.factor" "as.vector" "as.vector" "<Anonymous>" "do.call" "simTrawlHaulsCAStratified" "getEstimatesCPUEage" 
"NextMethod" "Ops.factor" "==" "[.data.frame" "[" "simTrawlHaulsHLStratified" "getEstimatesCPUEage" 
"as.vector" "as.vector.factor" "as.vector" "as.vector" "factor" "rbind" "rbind" "simTrawlHaulsHLStratified" "getEstimatesCPUEage" 
"factor" "unique.default" "unique" "simTrawlHaulsHLStratified" "getEstimatesCPUEage" 
"<Anonymous>" "do.call" "simTrawlHaulsHLStratified" "getEstimatesCPUEage" 
"[.data.frame" "[" "calcmCPUEstatRecWithALK" "calcmCPUErfaWithALK" "getEstimatesCPUEage" 
"as.data.frame" "<Anonymous>" "do.call" "as.data.frame.list" "as.data.frame" "data.frame" "Ops.data.frame" "calcmCPUEstatRecWithALK" "calcmCPUErfaWithALK" "getEstimatesCPUEage" 
"%in%" "[[.data.frame" "[[" "Ops.data.frame" "calcmCPUEstatRecWithALK" "calcmCPUErfaWithALK" "getEstimatesCPUEage" 
"deparse" "paste" "force" "as.data.frame.numeric" "as.data.frame" "<Anonymous>" "do.call" "as.data.frame.list" "as.data.frame" "data.frame" "Ops.data.frame" "calcmCPUEstatRecWithALK" "calcmCPUErfaWithALK" "getEstimatesCPUEage" 
"<Anonymous>" "do.call" "as.data.frame.list" "as.data.frame" "data.frame" "Ops.data.frame" "calcmCPUEstatRecWithALK" "calcmCPUErfaWithALK" "getEstimatesCPUEage" 
"mode" "%in%" "deparse" "mode" "%in%" "deparse" "paste" "force" "as.data.frame.numeric" "as.data.frame" "<Anonymous>" "do.call" "as.data.frame.list" "as.data.frame" "data.frame" "Ops.data.frame" "calcmCPUEstatRecWithALK" "calcmCPUErfaWithALK" "getEstimatesCPUEage" 
"%in%" "deparse" "paste" "force" "as.data.frame.numeric" "as.data.frame" "<Anonymous>" "do.call" "as.data.frame.list" "as.data.frame" "data.frame" "Ops.data.frame" "calcmCPUEstatRecWithALK" "calcmCPUErfaWithALK" "getEstimatesCPUEage" 
"%in%" ".deparseOpts" "deparse" "mode" "%in%" "deparse" "paste" "force" "as.data.frame.numeric" "as.data.frame" "<Anonymous>" "do.call" "as.data.frame.list" "as.data.frame" "data.frame" "Ops.data.frame" "calcmCPUEstatRecWithALK" "calcmCPUErfaWithALK" "getEstimatesCPUEage" 
"deparse" "mode" "%in%" "deparse" "paste" "force" "as.data.frame.numeric" "as.data.frame" "<Anonymous>" "do.call" "as.data.frame.list" "as.data.frame" "data.frame" "Ops.data.frame" "calcmCPUEstatRecWithALK" "calcmCPUErfaWithALK" "getEstimatesCPUEage" 
"unlist" "<Anonymous>" "do.call" "as.data.frame.list" "as.data.frame" "data.frame" "Ops.data.frame" "calcmCPUEstatRecWithALK" "calcmCPUErfaWithALK" "getEstimatesCPUEage" 
"[.data.frame" "[" "calcmCPUEstatRecWithALK" "calcmCPUErfaWithALK" "getEstimatesCPUEage" 
"parent.frame" "match.call" "stopifnot" "%|%" "names2" "dots_interp_lhs" "dots_capture" "dots_values" "dots_list" "typeof" "%in%" "is_atomic" "is_vector" "stopifnot" "env_bind_impl" "child_env" "new_overscope" "as_overscope" "eval_tidy" "sample_n.data.frame" "sample_n" "simTrawlHaulsCAStratified" "getEstimatesCPUEage" 
"sys.parent" "sys.call" "match.call" "stopifnot" "%|%" "names2" "dots_interp_lhs" "dots_capture" "dots_values" "dots_list" "set_attrs_impl" "set_attrs" "new_quosure" "forward_quosure" "enquo" "inherits" "eval_tidy" "sample_n.data.frame" "sample_n" "simTrawlHaulsCAStratified" "getEstimatesCPUEage" 
"is_null" "is_atomic" "stopifnot" "%|%" "names2" "dots_interp_lhs" "dots_capture" "dots_values" "dots_list" "typeof" "%in%" "is_atomic" "is_vector" "stopifnot" "env_bind_impl" "child_env" "new_overscope" "as_overscope" "eval_tidy" "sample_n.data.frame" "sample_n" "simTrawlHaulsCAStratified" "getEstimatesCPUEage" 
"is_null" "is_atomic" "is_scalar_atomic" "stopifnot" "%|%" "names2" "dots_interp_lhs" "dots_capture" "dots_values" "chr" "set_names" "%||%" "dots_capture" "dots_values" "dots_list" "typeof" "%in%" "is_atomic" "is_vector" "stopifnot" "env_bind_impl" "child_env" "as_overscope" "eval_tidy" "sample_n.data.frame" "sample_n" "simTrawlHaulsCAStratified" "getEstimatesCPUEage" 
"[[" "rbind" "rbind" "simTrawlHaulsCAStratified" "getEstimatesCPUEage" 
"list" "stopifnot" "%|%" "names2" "dots_interp_lhs" "dots_capture" "dots_values" "dots_list" "typeof" "%in%" "is_atomic" "is_vector" "stopifnot" "env_bind_impl" "child_env" "new_overscope" "as_overscope" "eval_tidy" "sample_n.data.frame" "sample_n" "simTrawlHaulsCAStratified" "getEstimatesCPUEage" 
"sys.parent" "sys.function" "match.call" "stopifnot" "env_bind_impl" "child_env" "new_overscope" "as_overscope" "eval_tidy" "sample_n.data.frame" "sample_n" "simTrawlHaulsCAStratified" "getEstimatesCPUEage" 
"stopifnot" "%|%" "names2" "dots_interp_lhs" "dots_capture" "dots_values" "dots_list" "as.pairlist" "typeof" "%in%" "is_pairlist" "new_language" "lang" "new_formula" "new_quosure" "forward_quosure" "enquo" "inherits" "eval_tidy" "sample_n.data.frame" "sample_n" "simTrawlHaulsCAStratified" "getEstimatesCPUEage" 
"[.data.frame" "[" "rbind" "simTrawlHaulsCAStratified" "getEstimatesCPUEage" 
"getExportedValue" "::" "env_bind_impl" "child_env" "env_bury" "as_overscope" "eval_tidy" "sample_n.data.frame" "sample_n" "simTrawlHaulsCAStratified" "getEstimatesCPUEage" 
"[" "[.data.frame" "[" "simTrawlHaulsCAStratified" "getEstimatesCPUEage" 
"c" "%in%" "type_of" "switch_type" "get_env" "env_parent" "overscope_clean" "eval_tidy" "sample_n.data.frame" "sample_n" "simTrawlHaulsCAStratified" "getEstimatesCPUEage" 
"is_character" "set_names" "%||%" "dots_capture" "dots_values" "dots_list" "typeof" "%in%" "is_atomic" "is_vector" "stopifnot" "env_bind_impl" "child_env" "new_overscope" "as_overscope" "eval_tidy" "sample_n.data.frame" "sample_n" "simTrawlHaulsCAStratified" "getEstimatesCPUEage" 
"levels" "<Anonymous>" "do.call" "simTrawlHaulsCAStratified" "getEstimatesCPUEage" 
"unique" "<Anonymous>" "do.call" "simTrawlHaulsCAStratified" "getEstimatesCPUEage" 
"[<-" "<Anonymous>" "do.call" "simTrawlHaulsCAStratified" "getEstimatesCPUEage" 
"rbind" "rbind" "simTrawlHaulsHLStratified" "getEstimatesCPUEage" 
"[<-.factor" "[<-" "rbind" "rbind" "simTrawlHaulsHLStratified" "getEstimatesCPUEage" 
"unique" "rbind" "rbind" "simTrawlHaulsHLStratified" "getEstimatesCPUEage" 
"[<-.factor" "[<-" "<Anonymous>" "do.call" "simTrawlHaulsHLStratified" "getEstimatesCPUEage" 
"[[" "$.data.frame" "$" "calculateALK" "getEstimatesCPUEage" 
"<Anonymous>" "do.call" "as.data.frame.list" "as.data.frame" "data.frame" "Ops.data.frame" "calcmCPUEstatRecWithALK" "calcmCPUErfaWithALK" "getEstimatesCPUEage" 
"%in%" "[[.data.frame" "[[" "Ops.data.frame" "calcmCPUEstatRecWithALK" "calcmCPUErfaWithALK" "getEstimatesCPUEage" 
"Ops.factor" "==" "[.data.frame" "[" "calcmCPUEstatRecWithALK" "calcmCPUErfaWithALK" "getEstimatesCPUEage" 
"[[" "$.data.frame" "$" "calcmCPUEstatRecWithALK" "calcmCPUErfaWithALK" "getEstimatesCPUEage" 
"%in%" "structure" "as.data.frame.numeric" "as.data.frame" "<Anonymous>" "do.call" "as.data.frame.list" "as.data.frame" "data.frame" "Ops.data.frame" "calcmCPUEstatRecWithALK" "calcmCPUErfaWithALK" "getEstimatesCPUEage" 
"eval" "Ops.data.frame" "calcmCPUEstatRecWithALK" "calcmCPUErfaWithALK" "getEstimatesCPUEage" 
"unique" "calcmCPUEstatRecWithALK" "calcmCPUErfaWithALK" "getEstimatesCPUEage" 
"anyDuplicated" "[.data.frame" "[" "calcmCPUEstatRecWithALK" "calcmCPUErfaWithALK" "getEstimatesCPUEage" 
"%in%" "deparse" "mode" "%in%" "deparse" "paste" "force" "as.data.frame.numeric" "as.data.frame" "<Anonymous>" "do.call" "as.data.frame.list" "as.data.frame" "data.frame" "Ops.data.frame" "calcmCPUEstatRecWithALK" "calcmCPUErfaWithALK" "getEstimatesCPUEage" 
"Ops.factor" "calcmCPUEstatRecWithALK" "calcmCPUErfaWithALK" "getEstimatesCPUEage" 
"mode" "%in%" "deparse" "paste" "force" "as.data.frame.numeric" "as.data.frame" "<Anonymous>" "do.call" "as.data.frame.list" "as.data.frame" "data.frame" "Ops.data.frame" "calcmCPUEstatRecWithALK" "calcmCPUErfaWithALK" "getEstimatesCPUEage" 
"[" "calcmCPUEstatRecWithALK" "calcmCPUErfaWithALK" "getEstimatesCPUEage" 
"length" "dim.data.frame" "dim" "dim" "as.matrix.data.frame" "as.matrix" "FUN" "lapply" "Summary.data.frame" "sum" "calcmCPUEstatRecWithALK" "calcmCPUErfaWithALK" "getEstimatesCPUEage" 
"typeof" "is_null" "names2" "dots_list" "typeof" "%in%" "is_atomic" "is_vector" "stopifnot" "env_bind_impl" "child_env" "as_overscope" "eval_tidy" "sample_n.data.frame" "sample_n" "simTrawlHaulsCAStratified" "getEstimatesCPUEage" 
"rbind" "rbind" "simTrawlHaulsCAStratified" "getEstimatesCPUEage" 
"force" "factor" "rbind" "rbind" "simTrawlHaulsCAStratified" "getEstimatesCPUEage" 
"stopifnot" "%|%" "names2" "dots_list" "typeof" "%in%" "is_atomic" "is_vector" "stopifnot" "env_bind_impl" "child_env" "env_bury" "as_overscope" "eval_tidy" "sample_n.data.frame" "sample_n" "simTrawlHaulsCAStratified" "getEstimatesCPUEage" 
"[.factor" "[" "[.data.frame" "[" "simTrawlHaulsCAStratified" "getEstimatesCPUEage" 
"factor" "rbind" "rbind" "simTrawlHaulsCAStratified" "getEstimatesCPUEage" 
"simTrawlHaulsCAStratified" "getEstimatesCPUEage" 
"[.factor" "[" "[.data.frame" "[" "rbind" "simTrawlHaulsCAStratified" "getEstimatesCPUEage" 
"[[" "[.data.frame" "[" "sample_n_basic" "sample_n.data.frame" "sample_n" "simTrawlHaulsCAStratified" "getEstimatesCPUEage" 
"sys.call" "%in%" "[[.data.frame" "[[" "[.data.frame" "[" "simTrawlHaulsCAStratified" "getEstimatesCPUEage" 
"as.vector" "as.vector" "rbind" "rbind" "simTrawlHaulsCAStratified" "getEstimatesCPUEage" 
"match.call" "stopifnot" "env_bind_impl" "child_env" "new_overscope" "as_overscope" "eval_tidy" "sample_n.data.frame" "sample_n" "simTrawlHaulsCAStratified" "getEstimatesCPUEage" 
".Call" "eval_bare" "FUN" "lapply" "map" "dots_capture" "dots_values" "dots_list" "typeof" "%in%" "is_atomic" "is_vector" "stopifnot" "env_bind_impl" "child_env" "env_bury" "as_overscope" "eval_tidy" "sample_n.data.frame" "sample_n" "simTrawlHaulsCAStratified" "getEstimatesCPUEage" 
"captureDots" "dots_capture" "dots_values" "dots_list" "as.pairlist" "typeof" "%in%" "is_pairlist" "new_language" "lang" "enquo" "inherits" "eval_tidy" "sample_n.data.frame" "sample_n" "simTrawlHaulsCAStratified" "getEstimatesCPUEage" 
"unique.default" "unique" "<Anonymous>" "do.call" "simTrawlHaulsCAStratified" "getEstimatesCPUEage" 
"[<-.factor" "[<-" "<Anonymous>" "do.call" "simTrawlHaulsCAStratified" "getEstimatesCPUEage" 
"as.vector" "as.vector" "<Anonymous>" "do.call" "simTrawlHaulsCAStratified" "getEstimatesCPUEage" 
"%in%" "[[.data.frame" "[[" "[.data.frame" "[" "simTrawlHaulsHLStratified" "getEstimatesCPUEage" 
"[<-.factor" "[<-" "rbind" "rbind" "simTrawlHaulsHLStratified" "getEstimatesCPUEage" 
"[<-.factor" "[<-" "rbind" "rbind" "simTrawlHaulsHLStratified" "getEstimatesCPUEage" 
"[.factor" "[" "[.data.frame" "[" "calculateALK" "getEstimatesCPUEage" 
"which" "calculateALK" "getEstimatesCPUEage" 
"%in%" "structure" "as.data.frame.numeric" "as.data.frame" "<Anonymous>" "do.call" "as.data.frame.list" "as.data.frame" "data.frame" "Ops.data.frame" "calcmCPUEstatRecWithALK" "calcmCPUErfaWithALK" "getEstimatesCPUEage" 
"as.data.frame.numeric" "as.data.frame" "<Anonymous>" "do.call" "as.data.frame.list" "as.data.frame" "data.frame" "Ops.data.frame" "calcmCPUEstatRecWithALK" "calcmCPUErfaWithALK" "getEstimatesCPUEage" 
"as.data.frame" "<Anonymous>" "do.call" "as.data.frame.list" "as.data.frame" "data.frame" "Ops.data.frame" "calcmCPUEstatRecWithALK" "calcmCPUErfaWithALK" "getEstimatesCPUEage" 
"anyDuplicated.default" "anyDuplicated" "data.frame" "Ops.data.frame" "calcmCPUEstatRecWithALK" "calcmCPUErfaWithALK" "getEstimatesCPUEage" 
"sum" ".deparseOpts" "deparse" "mode" "%in%" "deparse" "paste" "force" "as.data.frame.numeric" "as.data.frame" "<Anonymous>" "do.call" "as.data.frame.list" "as.data.frame" "data.frame" "Ops.data.frame" "calcmCPUEstatRecWithALK" "calcmCPUErfaWithALK" "getEstimatesCPUEage" 
"as.list" "<Anonymous>" "do.call" "as.data.frame.list" "as.data.frame" "data.frame" "Ops.data.frame" "calcmCPUEstatRecWithALK" "calcmCPUErfaWithALK" "getEstimatesCPUEage" 
"as.data.frame" "<Anonymous>" "do.call" "as.data.frame.list" "as.data.frame" "data.frame" "Ops.data.frame" "calcmCPUEstatRecWithALK" "calcmCPUErfaWithALK" "getEstimatesCPUEage" 
"deparse" "mode" "%in%" "deparse" "paste" "force" "as.data.frame.numeric" "as.data.frame" "<Anonymous>" "do.call" "as.data.frame.list" "as.data.frame" "data.frame" "Ops.data.frame" "calcmCPUEstatRecWithALK" "calcmCPUErfaWithALK" "getEstimatesCPUEage" 
"names" "data.frame" "Ops.data.frame" "calcmCPUEstatRecWithALK" "calcmCPUErfaWithALK" "getEstimatesCPUEage" 
"names" "%in%" "[[.data.frame" "[[" "[.data.frame" "[" "calcmCPUEstatRecWithALK" "calcmCPUErfaWithALK" "getEstimatesCPUEage" 
".deparseOpts" "deparse" "mode" "%in%" "deparse" "paste" "force" "as.data.frame.numeric" "as.data.frame" "<Anonymous>" "do.call" "as.data.frame.list" "as.data.frame" "data.frame" "Ops.data.frame" "calcmCPUEstatRecWithALK" "calcmCPUErfaWithALK" "getEstimatesCPUEage" 
"structure" "[.data.frame" "[" "calcmCPUEstatRecWithALK" "calcmCPUErfaWithALK" "getEstimatesCPUEage" 
"value[[3]]" "tryCatchOne" "tryCatchList" "tryCatch" "base::try" 
"::" 
"c" ".rs.getCompletionsSearchPath" "Reduce" "<Anonymous>" 
"value[[3]]" "tryCatchOne" "tryCatchList" "tryCatch" "base::try" 
"gsub" ".rs.fuzzyMatches" ".rs.getCompletionsSearchPath" "Reduce" "<Anonymous>" 
"sub" ".rs.doStripSurrounding" ".rs.stripSurrounding" ".rs.getAnywhere" ".rs.resolveObjectFromFunctionCall" ".rs.getCompletionsArgument" ".rs.getCompletionsFunction" ".rs.appendCompletions" ".rs.getRCompletions" ".rs.appendCompletions" "<Anonymous>" 
"tryCatch" "FUN" "vapply" ".rs.getCompletionsSearchPath" "Reduce" "<Anonymous>" 
"paste0" "value[[3]]" "tryCatchOne" "tryCatchList" "tryCatch" "base::try" 
"asNamespace" "getExportedValue" "::" 
"paste" "value[[3]]" "tryCatchOne" "tryCatchList" "tryCatch" "base::try" 
"ls" "FUN" "lapply" ".rs.objectsOnSearchPath" ".rs.getCompletionsSearchPath" "Reduce" "<Anonymous>" 
"list.dirs" ".rs.listDirs" "FUN" "lapply" "Reduce" ".rs.getCompletionsPackages" "Reduce" "<Anonymous>" 
"::" 
"as.character" "::" 
"::" 
"::" 
"length" "tryCatchList" "tryCatch" "ls" "rm" "withCallingHandlers" "suppressWarnings" "<Anonymous>" 
=======
"tryCatchOne" "tryCatchList" "tryCatch" "withCallingHandlers" ".rs.callAs" "Rprof" 
>>>>>>> 8dac1c420ad5a870f0d45d364235b2899834e81e
