\BOOKMARK [1][-]{section.1}{INTRODUCTION}{}% 1
\BOOKMARK [2][-]{subsection.1.1}{Overview of the North Sea International Bottom Trawl Surveys}{section.1}% 2
\BOOKMARK [1][-]{section.2}{METHODS}{}% 3
\BOOKMARK [2][-]{subsection.2.1}{CPUE Estimators}{section.2}% 4
\BOOKMARK [2][-]{subsection.2.2}{ALK Estimators}{section.2}% 5
\BOOKMARK [3][-]{subsubsection.2.2.1}{DATRAS ALK Estimator }{subsection.2.2}% 6
\BOOKMARK [3][-]{subsubsection.2.2.2}{Haul Dependent ALK Estimator}{subsection.2.2}% 7
\BOOKMARK [3][-]{subsubsection.2.2.3}{Spatial Model-Based ALK Estimator}{subsection.2.2}% 8
\BOOKMARK [2][-]{subsection.2.3}{Uncertainty estimation}{section.2}% 9
\BOOKMARK [2][-]{subsection.2.4}{Optimizing Sampling Effort}{section.2}% 10
\BOOKMARK [1][-]{section.3}{Case studies}{}% 11
\BOOKMARK [2][-]{subsection.3.1}{Summary of cod and saithe data in 2015}{section.3}% 12
\BOOKMARK [1][-]{section.4}{RESULTS}{}% 13
\BOOKMARK [2][-]{subsection.4.1}{Estimates of abundance-at-age and their uncertainty}{section.4}% 14
\BOOKMARK [2][-]{subsection.4.2}{Optimum Sampling Effort for North Sea cod and saithe}{section.4}% 15
\BOOKMARK [1][-]{section.5}{DISCUSSION}{}% 16
\BOOKMARK [1][-]{section*.12}{Appendices}{}% 17
\BOOKMARK [1][-]{Appendix.a.A}{Probability Plot for saithe in the North Sea in Q1 of 2015}{}% 18
\BOOKMARK [1][-]{Appendix.a.B}{Areas fished by different countries in the North Sea IBTS}{}% 19
\BOOKMARK [1][-]{Appendix.a.C}{Otolith sampling per fish species}{}% 20
\BOOKMARK [1][-]{Appendix.a.D}{Imputation for missing age samples}{}% 21
\BOOKMARK [2][-]{subsection.a.D.1}{DATRAS ALK Borrowing Approach}{Appendix.a.D}% 22
\BOOKMARK [2][-]{subsection.a.D.2}{Haul-based ALK Borrowing Approach}{Appendix.a.D}% 23
\BOOKMARK [1][-]{Appendix.a.E}{Weightings of Statistical Rectangles}{}% 24
