<<<<<<< HEAD
This is pdfTeX, Version 3.14159265-2.6-1.40.17 (MiKTeX 2.9) (preloaded format=pdflatex 2016.9.13)  9 APR 2018 08:07
entering extended mode
**./IBTSnewPaperBeforeOlav-NatoyaEditedFebruar2018.tex
(IBTSnewPaperBeforeOlav-NatoyaEditedFebruar2018.tex
LaTeX2e <2016/03/31> patch level 3
Babel <3.9r> and hyphenation patterns for 75 language(s) loaded.
("C:\Program Files (x86)\MiKTeX 2.9\tex\latex\base\article.cls"
Document Class: article 2014/09/29 v1.4h Standard LaTeX document class
("C:\Program Files (x86)\MiKTeX 2.9\tex\latex\base\size10.clo"
=======
This is pdfTeX, Version 3.14159265-2.6-1.40.17 (TeX Live 2016/W32TeX) (preloaded format=pdflatex 2017.3.13)  21 FEB 2018 09:49
entering extended mode
 restricted \write18 enabled.
 %&-line parsing enabled.
**./IBTSnewPaperBeforeOlav-NatoyaEditedFebruar2018.tex
(./IBTSnewPaperBeforeOlav-NatoyaEditedFebruar2018.tex
LaTeX2e <2017/01/01> patch level 3
Babel <3.9r> and hyphenation patterns for 83 language(s) loaded.
(c:/Program Files (x86)/texlive/2016/texmf-dist/tex/latex/base/article.cls
Document Class: article 2014/09/29 v1.4h Standard LaTeX document class
(c:/Program Files (x86)/texlive/2016/texmf-dist/tex/latex/base/size10.clo
>>>>>>> f3150d2c6b2352ceaae3b42a8c1ad527a367ca09
File: size10.clo 2014/09/29 v1.4h Standard LaTeX file (size option)
)
\c@part=\count79
\c@section=\count80
\c@subsection=\count81
\c@subsubsection=\count82
\c@paragraph=\count83
\c@subparagraph=\count84
\c@figure=\count85
\c@table=\count86
\abovecaptionskip=\skip41
\belowcaptionskip=\skip42
\bibindent=\dimen102
)
<<<<<<< HEAD
("C:\Program Files (x86)\MiKTeX 2.9\tex\latex\geometry\geometry.sty"
Package: geometry 2010/09/12 v5.6 Page Geometry

("C:\Program Files (x86)\MiKTeX 2.9\tex\latex\graphics\keyval.sty"
Package: keyval 2014/10/28 v1.15 key=value parser (DPC)
\KV@toks@=\toks14
)
("C:\Program Files (x86)\MiKTeX 2.9\tex\generic\oberdiek\ifpdf.sty"
Package: ifpdf 2016/05/14 v3.1 Provides the ifpdf switch
)
("C:\Program Files (x86)\MiKTeX 2.9\tex\generic\oberdiek\ifvtex.sty"
Package: ifvtex 2016/05/16 v1.6 Detect VTeX and its facilities (HO)
Package ifvtex Info: VTeX not detected.
)
("C:\Program Files (x86)\MiKTeX 2.9\tex\generic\ifxetex\ifxetex.sty"
=======
(c:/Program Files (x86)/texlive/2016/texmf-dist/tex/latex/geometry/geometry.sty
Package: geometry 2010/09/12 v5.6 Page Geometry
(c:/Program Files (x86)/texlive/2016/texmf-dist/tex/latex/graphics/keyval.sty
Package: keyval 2014/10/28 v1.15 key=value parser (DPC)
\KV@toks@=\toks14
)
(c:/Program Files (x86)/texlive/2016/texmf-dist/tex/generic/oberdiek/ifpdf.sty
Package: ifpdf 2016/05/14 v3.1 Provides the ifpdf switch
)
(c:/Program Files (x86)/texlive/2016/texmf-dist/tex/generic/oberdiek/ifvtex.sty
Package: ifvtex 2016/05/16 v1.6 Detect VTeX and its facilities (HO)
Package ifvtex Info: VTeX not detected.
)
(c:/Program Files (x86)/texlive/2016/texmf-dist/tex/generic/ifxetex/ifxetex.sty
>>>>>>> f3150d2c6b2352ceaae3b42a8c1ad527a367ca09
Package: ifxetex 2010/09/12 v0.6 Provides ifxetex conditional
)
\Gm@cnth=\count87
\Gm@cntv=\count88
\c@Gm@tempcnt=\count89
\Gm@bindingoffset=\dimen103
\Gm@wd@mp=\dimen104
\Gm@odd@mp=\dimen105
\Gm@even@mp=\dimen106
\Gm@layoutwidth=\dimen107
\Gm@layoutheight=\dimen108
\Gm@layouthoffset=\dimen109
\Gm@layoutvoffset=\dimen110
\Gm@dimlist=\toks15
<<<<<<< HEAD

("C:\Program Files (x86)\MiKTeX 2.9\tex\latex\geometry\geometry.cfg"))
("C:\Program Files (x86)\MiKTeX 2.9\tex\latex\natbib\natbib.sty"
=======
) (c:/Program Files (x86)/texlive/2016/texmf-dist/tex/latex/natbib/natbib.sty
>>>>>>> f3150d2c6b2352ceaae3b42a8c1ad527a367ca09
Package: natbib 2010/09/13 8.31b (PWD, AO)
\bibhang=\skip43
\bibsep=\skip44
LaTeX Info: Redefining \cite on input line 694.
\c@NAT@ctr=\count90
<<<<<<< HEAD
)
("C:\Program Files (x86)\MiKTeX 2.9\tex\latex\graphics\epsfig.sty"
Package: epsfig 1999/02/16 v1.7a (e)psfig emulation (SPQR)

("C:\Program Files (x86)\MiKTeX 2.9\tex\latex\graphics\graphicx.sty"
Package: graphicx 2014/10/28 v1.0g Enhanced LaTeX Graphics (DPC,SPQR)

("C:\Program Files (x86)\MiKTeX 2.9\tex\latex\graphics\graphics.sty"
Package: graphics 2016/07/10 v1.0t Standard LaTeX Graphics (DPC,SPQR)

("C:\Program Files (x86)\MiKTeX 2.9\tex\latex\graphics\trig.sty"
Package: trig 2016/01/03 v1.10 sin cos tan (DPC)
)
("C:\Program Files (x86)\MiKTeX 2.9\tex\latex\00miktex\graphics.cfg"
=======
) (c:/Program Files (x86)/texlive/2016/texmf-dist/tex/latex/graphics/epsfig.sty
Package: epsfig 1999/02/16 v1.7a (e)psfig emulation (SPQR)

(c:/Program Files (x86)/texlive/2016/texmf-dist/tex/latex/graphics/graphicx.sty
Package: graphicx 2014/10/28 v1.0g Enhanced LaTeX Graphics (DPC,SPQR)

(c:/Program Files (x86)/texlive/2016/texmf-dist/tex/latex/graphics/graphics.sty
Package: graphics 2016/10/09 v1.0u Standard LaTeX Graphics (DPC,SPQR)
(c:/Program Files (x86)/texlive/2016/texmf-dist/tex/latex/graphics/trig.sty
Package: trig 2016/01/03 v1.10 sin cos tan (DPC)
)
(c:/Program Files (x86)/texlive/2016/texmf-dist/tex/latex/graphics-cfg/graphics
.cfg
>>>>>>> f3150d2c6b2352ceaae3b42a8c1ad527a367ca09
File: graphics.cfg 2016/06/04 v1.11 sample graphics configuration
)
Package graphics Info: Driver file: pdftex.def on input line 99.

<<<<<<< HEAD
("C:\Program Files (x86)\MiKTeX 2.9\tex\latex\graphics-def\pdftex.def"
File: pdftex.def 2016/07/10 v0.06j Graphics/color for pdfTeX

("C:\Program Files (x86)\MiKTeX 2.9\tex\generic\oberdiek\infwarerr.sty"
Package: infwarerr 2016/05/16 v1.4 Providing info/warning/error messages (HO)
)
("C:\Program Files (x86)\MiKTeX 2.9\tex\generic\oberdiek\ltxcmds.sty"
=======
(c:/Program Files (x86)/texlive/2016/texmf-dist/tex/latex/graphics-def/pdftex.d
ef
File: pdftex.def 2017/01/12 v0.06k Graphics/color for pdfTeX

(c:/Program Files (x86)/texlive/2016/texmf-dist/tex/generic/oberdiek/infwarerr.
sty
Package: infwarerr 2016/05/16 v1.4 Providing info/warning/error messages (HO)
)
(c:/Program Files (x86)/texlive/2016/texmf-dist/tex/generic/oberdiek/ltxcmds.st
y
>>>>>>> f3150d2c6b2352ceaae3b42a8c1ad527a367ca09
Package: ltxcmds 2016/05/16 v1.23 LaTeX kernel commands for general use (HO)
)
\Gread@gobject=\count91
))
\Gin@req@height=\dimen111
\Gin@req@width=\dimen112
)
\epsfxsize=\dimen113
\epsfysize=\dimen114
)
<<<<<<< HEAD
("C:\Program Files (x86)\MiKTeX 2.9\tex\latex\amsmath\amsmath.sty"
Package: amsmath 2016/06/28 v2.15d AMS math features
\@mathmargin=\skip45

For additional information on amsmath, use the `?' option.
("C:\Program Files (x86)\MiKTeX 2.9\tex\latex\amsmath\amstext.sty"
Package: amstext 2000/06/29 v2.01 AMS text

("C:\Program Files (x86)\MiKTeX 2.9\tex\latex\amsmath\amsgen.sty"
=======
(c:/Program Files (x86)/texlive/2016/texmf-dist/tex/latex/amsmath/amsmath.sty
Package: amsmath 2016/11/05 v2.16a AMS math features
\@mathmargin=\skip45

For additional information on amsmath, use the `?' option.
(c:/Program Files (x86)/texlive/2016/texmf-dist/tex/latex/amsmath/amstext.sty
Package: amstext 2000/06/29 v2.01 AMS text

(c:/Program Files (x86)/texlive/2016/texmf-dist/tex/latex/amsmath/amsgen.sty
>>>>>>> f3150d2c6b2352ceaae3b42a8c1ad527a367ca09
File: amsgen.sty 1999/11/30 v2.0 generic functions
\@emptytoks=\toks16
\ex@=\dimen115
))
<<<<<<< HEAD
("C:\Program Files (x86)\MiKTeX 2.9\tex\latex\amsmath\amsbsy.sty"
Package: amsbsy 1999/11/29 v1.2d Bold Symbols
\pmbraise@=\dimen116
)
("C:\Program Files (x86)\MiKTeX 2.9\tex\latex\amsmath\amsopn.sty"
Package: amsopn 2016/03/08 v2.02 operator names
)
\inf@bad=\count92
LaTeX Info: Redefining \frac on input line 199.
\uproot@=\count93
\leftroot@=\count94
LaTeX Info: Redefining \overline on input line 297.
\classnum@=\count95
\DOTSCASE@=\count96
LaTeX Info: Redefining \ldots on input line 394.
LaTeX Info: Redefining \dots on input line 397.
LaTeX Info: Redefining \cdots on input line 518.
\Mathstrutbox@=\box26
\strutbox@=\box27
\big@size=\dimen117
LaTeX Font Info:    Redeclaring font encoding OML on input line 634.
LaTeX Font Info:    Redeclaring font encoding OMS on input line 635.
=======
(c:/Program Files (x86)/texlive/2016/texmf-dist/tex/latex/amsmath/amsbsy.sty
Package: amsbsy 1999/11/29 v1.2d Bold Symbols
\pmbraise@=\dimen116
)
(c:/Program Files (x86)/texlive/2016/texmf-dist/tex/latex/amsmath/amsopn.sty
Package: amsopn 2016/03/08 v2.02 operator names
)
\inf@bad=\count92
LaTeX Info: Redefining \frac on input line 213.
\uproot@=\count93
\leftroot@=\count94
LaTeX Info: Redefining \overline on input line 375.
\classnum@=\count95
\DOTSCASE@=\count96
LaTeX Info: Redefining \ldots on input line 472.
LaTeX Info: Redefining \dots on input line 475.
LaTeX Info: Redefining \cdots on input line 596.
\Mathstrutbox@=\box26
\strutbox@=\box27
\big@size=\dimen117
LaTeX Font Info:    Redeclaring font encoding OML on input line 712.
LaTeX Font Info:    Redeclaring font encoding OMS on input line 713.
>>>>>>> f3150d2c6b2352ceaae3b42a8c1ad527a367ca09
\macc@depth=\count97
\c@MaxMatrixCols=\count98
\dotsspace@=\muskip10
\c@parentequation=\count99
\dspbrk@lvl=\count100
\tag@help=\toks17
\row@=\count101
\column@=\count102
\maxfields@=\count103
\andhelp@=\toks18
\eqnshift@=\dimen118
\alignsep@=\dimen119
\tagshift@=\dimen120
\tagwidth@=\dimen121
\totwidth@=\dimen122
\lineht@=\dimen123
\@envbody=\toks19
\multlinegap=\skip46
\multlinetaggap=\skip47
\mathdisplay@stack=\toks20
<<<<<<< HEAD
LaTeX Info: Redefining \[ on input line 2739.
LaTeX Info: Redefining \] on input line 2740.
)
("C:\Program Files (x86)\MiKTeX 2.9\tex\latex\amsfonts\amsfonts.sty"
=======
LaTeX Info: Redefining \[ on input line 2817.
LaTeX Info: Redefining \] on input line 2818.
)
(c:/Program Files (x86)/texlive/2016/texmf-dist/tex/latex/amsfonts/amsfonts.sty
>>>>>>> f3150d2c6b2352ceaae3b42a8c1ad527a367ca09
Package: amsfonts 2013/01/14 v3.01 Basic AMSFonts support
\symAMSa=\mathgroup4
\symAMSb=\mathgroup5
LaTeX Font Info:    Overwriting math alphabet `\mathfrak' in version `bold'
(Font)                  U/euf/m/n --> U/euf/b/n on input line 106.
<<<<<<< HEAD
)
("C:\Program Files (x86)\MiKTeX 2.9\tex\latex\float\float.sty"
=======
) (c:/Program Files (x86)/texlive/2016/texmf-dist/tex/latex/float/float.sty
>>>>>>> f3150d2c6b2352ceaae3b42a8c1ad527a367ca09
Package: float 2001/11/08 v1.3d Float enhancements (AL)
\c@float@type=\count104
\float@exts=\toks21
\float@box=\box28
\@float@everytoks=\toks22
\@floatcapt=\box29
)
<<<<<<< HEAD
("C:\Program Files (x86)\MiKTeX 2.9\tex\latex\graphics\rotating.sty"
Package: rotating 2016/05/22 v2.16c rotated objects in LaTeX

("C:\Program Files (x86)\MiKTeX 2.9\tex\latex\base\ifthen.sty"
=======
(c:/Program Files (x86)/texlive/2016/texmf-dist/tex/latex/graphics/rotating.sty
Package: rotating 2016/08/11 v2.16d rotated objects in LaTeX
(c:/Program Files (x86)/texlive/2016/texmf-dist/tex/latex/base/ifthen.sty
>>>>>>> f3150d2c6b2352ceaae3b42a8c1ad527a367ca09
Package: ifthen 2014/09/29 v1.1c Standard LaTeX ifthen package (DPC)
)
\c@r@tfl@t=\count105
\rotFPtop=\skip48
\rotFPbot=\skip49
\rot@float@box=\box30
\rot@mess@toks=\toks23
)
<<<<<<< HEAD
("C:\Program Files (x86)\MiKTeX 2.9\tex\latex\caption\caption.sty"
Package: caption 2016/02/21 v3.3-144 Customizing captions (AR)

("C:\Program Files (x86)\MiKTeX 2.9\tex\latex\caption\caption3.sty"
=======
(c:/Program Files (x86)/texlive/2016/texmf-dist/tex/latex/caption/caption.sty
Package: caption 2016/02/21 v3.3-144 Customizing captions (AR)

(c:/Program Files (x86)/texlive/2016/texmf-dist/tex/latex/caption/caption3.sty
>>>>>>> f3150d2c6b2352ceaae3b42a8c1ad527a367ca09
Package: caption3 2016/05/22 v1.7-166 caption3 kernel (AR)
Package caption3 Info: TeX engine: e-TeX on input line 67.
\captionmargin=\dimen124
\captionmargin@=\dimen125
\captionwidth=\dimen126
\caption@tempdima=\dimen127
\caption@indent=\dimen128
\caption@parindent=\dimen129
\caption@hangindent=\dimen130
)
\c@ContinuedFloat=\count106
Package caption Info: float package is loaded.
Package caption Info: rotating package is loaded.
<<<<<<< HEAD
)
("C:\Program Files (x86)\MiKTeX 2.9\tex\latex\subfig\subfig.sty"
=======
) (c:/Program Files (x86)/texlive/2016/texmf-dist/tex/latex/subfig/subfig.sty
>>>>>>> f3150d2c6b2352ceaae3b42a8c1ad527a367ca09
Package: subfig 2005/06/28 ver: 1.3 subfig package
\c@KVtest=\count107
\sf@farskip=\skip50
\sf@captopadj=\dimen131
\sf@capskip=\skip51
\sf@nearskip=\skip52
\c@subfigure=\count108
\c@subfigure@save=\count109
\c@lofdepth=\count110
\c@subtable=\count111
\c@subtable@save=\count112
\c@lotdepth=\count113
\sf@top=\skip53
\sf@bottom=\skip54
)
<<<<<<< HEAD
("C:\Program Files (x86)\MiKTeX 2.9\tex\latex\booktabs\booktabs.sty"
Package: booktabs 2005/04/14 v1.61803 publication quality tables
=======
(c:/Program Files (x86)/texlive/2016/texmf-dist/tex/latex/booktabs/booktabs.sty
Package: booktabs 2016/04/27 v1.618033 publication quality tables
>>>>>>> f3150d2c6b2352ceaae3b42a8c1ad527a367ca09
\heavyrulewidth=\dimen132
\lightrulewidth=\dimen133
\cmidrulewidth=\dimen134
\belowrulesep=\dimen135
\belowbottomsep=\dimen136
\aboverulesep=\dimen137
\abovetopsep=\dimen138
\cmidrulesep=\dimen139
\cmidrulekern=\dimen140
\defaultaddspace=\dimen141
\@cmidla=\count114
\@cmidlb=\count115
\@aboverulesep=\dimen142
\@belowrulesep=\dimen143
\@thisruleclass=\count116
\@lastruleclass=\count117
\@thisrulewidth=\dimen144
)
<<<<<<< HEAD
("C:\Program Files (x86)\MiKTeX 2.9\tex\latex\adjustbox\adjustbox.sty"
Package: adjustbox 2012/05/21 v1.0 Adjusting TeX boxes (trim, clip, ...)

("C:\Program Files (x86)\MiKTeX 2.9\tex\latex\xkeyval\xkeyval.sty"
Package: xkeyval 2014/12/03 v2.7a package option processing (HA)

("C:\Program Files (x86)\MiKTeX 2.9\tex\generic\xkeyval\xkeyval.tex"
("C:\Program Files (x86)\MiKTeX 2.9\tex\generic\xkeyval\xkvutils.tex"
=======
(c:/Program Files (x86)/texlive/2016/texmf-dist/tex/latex/adjustbox/adjustbox.s
ty
Package: adjustbox 2012/05/21 v1.0 Adjusting TeX boxes (trim, clip, ...)

(c:/Program Files (x86)/texlive/2016/texmf-dist/tex/latex/xkeyval/xkeyval.sty
Package: xkeyval 2014/12/03 v2.7a package option processing (HA)

(c:/Program Files (x86)/texlive/2016/texmf-dist/tex/generic/xkeyval/xkeyval.tex

(c:/Program Files (x86)/texlive/2016/texmf-dist/tex/generic/xkeyval/xkvutils.te
x
>>>>>>> f3150d2c6b2352ceaae3b42a8c1ad527a367ca09
\XKV@toks=\toks24
\XKV@tempa@toks=\toks25
)
\XKV@depth=\count118
File: xkeyval.tex 2014/12/03 v2.7a key=value parser (HA)
))
<<<<<<< HEAD
("C:\Program Files (x86)\MiKTeX 2.9\tex\latex\adjustbox\adjcalc.sty"
Package: adjcalc 2012/05/16 v1.1 Provides advanced setlength with multiple back
-ends (calc, etex, pgfmath)
)
("C:\Program Files (x86)\MiKTeX 2.9\tex\latex\adjustbox\trimclip.sty"
Package: trimclip 2012/05/16 v1.0 Trim and clip general TeX material

("C:\Program Files (x86)\MiKTeX 2.9\tex\latex\collectbox\collectbox.sty"
=======
(c:/Program Files (x86)/texlive/2016/texmf-dist/tex/latex/adjustbox/adjcalc.sty
Package: adjcalc 2012/05/16 v1.1 Provides advanced setlength with multiple back
-ends (calc, etex, pgfmath)
)
(c:/Program Files (x86)/texlive/2016/texmf-dist/tex/latex/adjustbox/trimclip.st
y
Package: trimclip 2012/05/16 v1.0 Trim and clip general TeX material

(c:/Program Files (x86)/texlive/2016/texmf-dist/tex/latex/collectbox/collectbox
.sty
>>>>>>> f3150d2c6b2352ceaae3b42a8c1ad527a367ca09
Package: collectbox 2012/05/17 v0.4b Collect macro arguments as boxes
\collectedbox=\box31
)
\tc@llx=\dimen145
\tc@lly=\dimen146
\tc@urx=\dimen147
\tc@ury=\dimen148
Package trimclip Info: Using driver 'tc-pdftex.def'.

<<<<<<< HEAD
("C:\Program Files (x86)\MiKTeX 2.9\tex\latex\adjustbox\tc-pdftex.def"
=======
(c:/Program Files (x86)/texlive/2016/texmf-dist/tex/latex/adjustbox/tc-pdftex.d
ef
>>>>>>> f3150d2c6b2352ceaae3b42a8c1ad527a367ca09
File: tc-pdftex.def 2012/05/13 v1.0 Clipping driver for pdftex
))
\adjbox@Width=\dimen149
\adjbox@Height=\dimen150
\adjbox@Depth=\dimen151
\adjbox@Totalheight=\dimen152

<<<<<<< HEAD
("C:\Program Files (x86)\MiKTeX 2.9\tex\latex\ifoddpage\ifoddpage.sty"
Package: ifoddpage 2016/04/23 v1.1 Conditionals for odd/even page detection
\c@checkoddpage=\count119
)
("C:\Program Files (x86)\MiKTeX 2.9\tex\latex\ltxmisc\varwidth.sty"
=======
(c:/Program Files (x86)/texlive/2016/texmf-dist/tex/latex/ifoddpage/ifoddpage.s
ty
Package: ifoddpage 2016/04/23 v1.1 Conditionals for odd/even page detection
\c@checkoddpage=\count119
)
(c:/Program Files (x86)/texlive/2016/texmf-dist/tex/latex/varwidth/varwidth.sty
>>>>>>> f3150d2c6b2352ceaae3b42a8c1ad527a367ca09
Package: varwidth 2009/03/30 ver 0.92;  Variable-width minipages
\@vwid@box=\box32
\sift@deathcycles=\count120
\@vwid@loff=\dimen153
\@vwid@roff=\dimen154
<<<<<<< HEAD
))
("C:\Program Files (x86)\MiKTeX 2.9\tex\latex\xcolor\xcolor.sty"
Package: xcolor 2016/05/11 v2.12 LaTeX color extensions (UK)

("C:\Program Files (x86)\MiKTeX 2.9\tex\latex\00miktex\color.cfg"
=======
)) (c:/Program Files (x86)/texlive/2016/texmf-dist/tex/latex/xcolor/xcolor.sty
Package: xcolor 2016/05/11 v2.12 LaTeX color extensions (UK)

(c:/Program Files (x86)/texlive/2016/texmf-dist/tex/latex/graphics-cfg/color.cf
g
>>>>>>> f3150d2c6b2352ceaae3b42a8c1ad527a367ca09
File: color.cfg 2016/01/02 v1.6 sample color configuration
)
Package xcolor Info: Driver file: pdftex.def on input line 225.

<<<<<<< HEAD
("C:\Program Files (x86)\MiKTeX 2.9\tex\latex\colortbl\colortbl.sty"
Package: colortbl 2012/02/13 v1.0a Color table columns (DPC)

("C:\Program Files (x86)\MiKTeX 2.9\tex\latex\tools\array.sty"
Package: array 2014/10/28 v2.4c Tabular extension package (FMi)
=======
(c:/Program Files (x86)/texlive/2016/texmf-dist/tex/latex/colortbl/colortbl.sty
Package: colortbl 2012/02/13 v1.0a Color table columns (DPC)
(c:/Program Files (x86)/texlive/2016/texmf-dist/tex/latex/tools/array.sty
Package: array 2016/10/06 v2.4d Tabular extension package (FMi)
>>>>>>> f3150d2c6b2352ceaae3b42a8c1ad527a367ca09
\col@sep=\dimen155
\extrarowheight=\dimen156
\NC@list=\toks26
\extratabsurround=\skip55
\backup@length=\skip56
)
\everycr=\toks27
\minrowclearance=\skip57
)
\rownum=\count121
Package xcolor Info: Model `cmy' substituted by `cmy0' on input line 1348.
Package xcolor Info: Model `hsb' substituted by `rgb' on input line 1352.
Package xcolor Info: Model `RGB' extended on input line 1364.
Package xcolor Info: Model `HTML' substituted by `rgb' on input line 1366.
Package xcolor Info: Model `Hsb' substituted by `hsb' on input line 1367.
Package xcolor Info: Model `tHsb' substituted by `hsb' on input line 1368.
Package xcolor Info: Model `HSB' substituted by `hsb' on input line 1369.
Package xcolor Info: Model `Gray' substituted by `gray' on input line 1370.
Package xcolor Info: Model `wave' substituted by `hsb' on input line 1371.
)
<<<<<<< HEAD
("C:\Program Files (x86)\MiKTeX 2.9\tex\latex\tools\tabularx.sty"
=======
(c:/Program Files (x86)/texlive/2016/texmf-dist/tex/latex/tools/tabularx.sty
>>>>>>> f3150d2c6b2352ceaae3b42a8c1ad527a367ca09
Package: tabularx 2016/02/03 v2.11 `tabularx' package (DPC)
\TX@col@width=\dimen157
\TX@old@table=\dimen158
\TX@old@col=\dimen159
\TX@target=\dimen160
\TX@delta=\dimen161
\TX@cols=\count122
\TX@ftn=\toks28
)
<<<<<<< HEAD
("C:\Program Files (x86)\MiKTeX 2.9\tex\latex\tools\enumerate.sty"
Package: enumerate 2015/07/23 v3.00 enumerate extensions (DPC)
\@enLab=\toks29
)
("C:\Program Files (x86)\MiKTeX 2.9\tex\latex\enumitem\enumitem.sty"
=======
(c:/Program Files (x86)/texlive/2016/texmf-dist/tex/latex/tools/enumerate.sty
Package: enumerate 2015/07/23 v3.00 enumerate extensions (DPC)
\@enLab=\toks29
)
(c:/Program Files (x86)/texlive/2016/texmf-dist/tex/latex/enumitem/enumitem.sty
>>>>>>> f3150d2c6b2352ceaae3b42a8c1ad527a367ca09
Package: enumitem 2011/09/28 v3.5.2 Customized lists
\labelindent=\skip58
\enit@outerparindent=\dimen162
\enit@toks=\toks30
\enit@inbox=\box33
\enitdp@description=\count123
)
<<<<<<< HEAD
("C:\Program Files (x86)\MiKTeX 2.9\tex\latex\makecell\makecell.sty"
=======
(c:/Program Files (x86)/texlive/2016/texmf-dist/tex/latex/makecell/makecell.sty
>>>>>>> f3150d2c6b2352ceaae3b42a8c1ad527a367ca09
Package: makecell 2009/08/03 V0.1e Managing of Tab Column Heads and Cells
\rotheadsize=\dimen163
\c@nlinenum=\count124
\TeXr@lab=\toks31
)
<<<<<<< HEAD
("C:\Program Files (x86)\MiKTeX 2.9\tex\latex\titlesec\titlesec.sty"
=======
(c:/Program Files (x86)/texlive/2016/texmf-dist/tex/latex/titlesec/titlesec.sty
>>>>>>> f3150d2c6b2352ceaae3b42a8c1ad527a367ca09
Package: titlesec 2016/03/21 v2.10.2 Sectioning titles
\ttl@box=\box34
\beforetitleunit=\skip59
\aftertitleunit=\skip60
\ttl@plus=\dimen164
\ttl@minus=\dimen165
\ttl@toksa=\toks32
\titlewidth=\dimen166
\titlewidthlast=\dimen167
\titlewidthfirst=\dimen168
<<<<<<< HEAD
)
("C:\Program Files (x86)\MiKTeX 2.9\tex\latex\sectsty\sectsty.sty"
Package: sectsty 2002/02/25 v2.0.2 Commands to change all sectional heading sty
les
)
("C:\Program Files (x86)\MiKTeX 2.9\tex\latex\siunitx\siunitx.sty"
("C:\Program Files (x86)\MiKTeX 2.9\tex\latex\l3kernel\expl3.sty"
Package: expl3 2017/12/16 L3 programming layer (loader) 

("C:\Program Files (x86)\MiKTeX 2.9\tex\latex\l3kernel\expl3-code.tex"
Package: expl3 2017/12/16 L3 programming layer (code)
=======
) (c:/Program Files (x86)/texlive/2016/texmf-dist/tex/latex/sectsty/sectsty.sty
Package: sectsty 2002/02/25 v2.0.2 Commands to change all sectional heading sty
les
) (c:/Program Files (x86)/texlive/2016/texmf-dist/tex/latex/siunitx/siunitx.sty
(c:/Program Files (x86)/texlive/2016/texmf-dist/tex/latex/l3kernel/expl3.sty
Package: expl3 2017/03/07 v6984 L3 programming layer (loader) 

(c:/Program Files (x86)/texlive/2016/texmf-dist/tex/latex/l3kernel/expl3-code.t
ex
Package: expl3 2017/03/07 v6984 L3 programming layer (code)
L3 Module: l3bootstrap 2016/12/28 v6805 L3 Bootstrap code
L3 Module: l3names 2017/02/19 v6962 L3 Namespace for primitives
L3 Module: l3basics 2017/02/14 v6929 L3 Basic definitions
L3 Module: l3expan 2017/02/20 v6967 L3 Argument expansion
L3 Module: l3tl 2017/02/20 v6967 L3 Token lists
L3 Module: l3str 2017/02/20 v6967 L3 Strings
L3 Module: l3seq 2017/02/20 v6967 L3 Sequences and stacks
L3 Module: l3int 2017/02/18 v6949 L3 Integers
>>>>>>> f3150d2c6b2352ceaae3b42a8c1ad527a367ca09
\c_max_int=\count125
\l_tmpa_int=\count126
\l_tmpb_int=\count127
\g_tmpa_int=\count128
\g_tmpb_int=\count129
<<<<<<< HEAD
\g__intarray_font_int=\count130
\g__prg_map_int=\count131
\c_log_iow=\count132
\l_iow_line_count_int=\count133
\l__iow_line_target_int=\count134
\l__iow_one_indent_int=\count135
\l__iow_indent_int=\count136
=======
L3 Module: l3flag 2017/02/20 v6969 L3 Flags
L3 Module: l3quark 2017/02/17 v6947 L3 Quarks
L3 Module: l3prg 2017/02/12 v6906 L3 Control structures
\g__prg_map_int=\count130
L3 Module: l3clist 2017/02/20 v6967 L3 Comma separated lists
L3 Module: l3token 2017/02/20 v6967 L3 Experimental token manipulation
L3 Module: l3prop 2017/02/12 v6906 L3 Property lists
L3 Module: l3msg 2017/02/20 v6966 L3 Messages
L3 Module: l3file 2017/02/20 v6964 L3 File and I/O operations
\c_log_iow=\count131
\l_iow_line_count_int=\count132
\l__iow_line_target_int=\count133
\l__iow_one_indent_int=\count134
\l__iow_indent_int=\count135
L3 Module: l3skip 2017/02/20 v6968 L3 Dimensions and skips
>>>>>>> f3150d2c6b2352ceaae3b42a8c1ad527a367ca09
\c_zero_dim=\dimen169
\c_max_dim=\dimen170
\l_tmpa_dim=\dimen171
\l_tmpb_dim=\dimen172
\g_tmpa_dim=\dimen173
\g_tmpb_dim=\dimen174
\c_zero_skip=\skip61
\c_max_skip=\skip62
\l_tmpa_skip=\skip63
\l_tmpb_skip=\skip64
\g_tmpa_skip=\skip65
\g_tmpb_skip=\skip66
\c_zero_muskip=\muskip11
\c_max_muskip=\muskip12
\l_tmpa_muskip=\muskip13
\l_tmpb_muskip=\muskip14
\g_tmpa_muskip=\muskip15
\g_tmpb_muskip=\muskip16
<<<<<<< HEAD
\l_keys_choice_int=\count137
\c__fp_leading_shift_int=\count138
\c__fp_middle_shift_int=\count139
\c__fp_trailing_shift_int=\count140
\c__fp_big_leading_shift_int=\count141
\c__fp_big_middle_shift_int=\count142
\c__fp_big_trailing_shift_int=\count143
\c__fp_Bigg_leading_shift_int=\count144
\c__fp_Bigg_middle_shift_int=\count145
\c__fp_Bigg_trailing_shift_int=\count146
\c__fp_rand_size_int=\count147
\c__fp_rand_four_int=\count148
\c__fp_rand_eight_int=\count149
\l__sort_length_int=\count150
\l__sort_min_int=\count151
\l__sort_top_int=\count152
\l__sort_max_int=\count153
\l__sort_true_max_int=\count154
\l__sort_block_int=\count155
\l__sort_begin_int=\count156
\l__sort_end_int=\count157
\l__sort_A_int=\count158
\l__sort_B_int=\count159
\l__sort_C_int=\count160
\l__tl_build_start_index_int=\count161
\l__tl_build_index_int=\count162
\l__tl_analysis_normal_int=\count163
\l__tl_analysis_index_int=\count164
\l__tl_analysis_nesting_int=\count165
\l__tl_analysis_type_int=\count166
\l__regex_internal_a_int=\count167
\l__regex_internal_b_int=\count168
\l__regex_internal_c_int=\count169
\l__regex_balance_int=\count170
\l__regex_group_level_int=\count171
\l__regex_mode_int=\count172
\c__regex_cs_in_class_mode_int=\count173
\c__regex_cs_mode_int=\count174
\l__regex_catcodes_int=\count175
\l__regex_default_catcodes_int=\count176
\c__regex_catcode_D_int=\count177
\c__regex_catcode_S_int=\count178
\c__regex_catcode_L_int=\count179
\c__regex_catcode_O_int=\count180
\c__regex_catcode_A_int=\count181
\c__regex_all_catcodes_int=\count182
\l__regex_show_lines_int=\count183
\l__regex_min_state_int=\count184
\l__regex_max_state_int=\count185
\l__regex_left_state_int=\count186
\l__regex_right_state_int=\count187
\l__regex_capturing_group_int=\count188
\l__regex_min_pos_int=\count189
\l__regex_max_pos_int=\count190
\l__regex_curr_pos_int=\count191
\l__regex_start_pos_int=\count192
\l__regex_success_pos_int=\count193
\l__regex_curr_char_int=\count194
\l__regex_curr_catcode_int=\count195
\l__regex_last_char_int=\count196
\l__regex_case_changed_char_int=\count197
\l__regex_curr_state_int=\count198
\l__regex_step_int=\count199
\l__regex_min_active_int=\count266
\l__regex_max_active_int=\count267
\l__regex_replacement_csnames_int=\count268
\l__regex_match_count_int=\count269
\l__regex_min_submatch_int=\count270
\l__regex_submatch_int=\count271
\l__regex_zeroth_submatch_int=\count272
\g__debug_trace_regex_int=\count273
=======
L3 Module: l3keys 2017/02/12 v6906 L3 Key-value interfaces
\l_keys_choice_int=\count136
L3 Module: l3fp 2017/02/14 v6923 L3 Floating points
\c__fp_leading_shift_int=\count137
\c__fp_middle_shift_int=\count138
\c__fp_trailing_shift_int=\count139
\c__fp_big_leading_shift_int=\count140
\c__fp_big_middle_shift_int=\count141
\c__fp_big_trailing_shift_int=\count142
\c__fp_Bigg_leading_shift_int=\count143
\c__fp_Bigg_middle_shift_int=\count144
\c__fp_Bigg_trailing_shift_int=\count145
\c__fp_rand_size_int=\count146
\c__fp_rand_four_int=\count147
\c__fp_rand_eight_int=\count148
L3 Module: l3sort 2017/02/20 v6967 L3 Sorting functions
\l__sort_length_int=\count149
\l__sort_min_int=\count150
\l__sort_top_int=\count151
\l__sort_max_int=\count152
\l__sort_true_max_int=\count153
\l__sort_block_int=\count154
\l__sort_begin_int=\count155
\l__sort_end_int=\count156
\l__sort_A_int=\count157
\l__sort_B_int=\count158
\l__sort_C_int=\count159
L3 Module: l3box 2017/02/17 v6943 L3 Experimental boxes
>>>>>>> f3150d2c6b2352ceaae3b42a8c1ad527a367ca09
\c_empty_box=\box35
\l_tmpa_box=\box36
\l_tmpb_box=\box37
\g_tmpa_box=\box38
\g_tmpb_box=\box39
<<<<<<< HEAD
\l__box_top_dim=\dimen175
\l__box_bottom_dim=\dimen176
\l__box_left_dim=\dimen177
\l__box_right_dim=\dimen178
\l__box_top_new_dim=\dimen179
\l__box_bottom_new_dim=\dimen180
\l__box_left_new_dim=\dimen181
\l__box_right_new_dim=\dimen182
\l__box_internal_box=\box40
\l__coffin_internal_box=\box41
\l__coffin_internal_dim=\dimen183
\l__coffin_offset_x_dim=\dimen184
\l__coffin_offset_y_dim=\dimen185
\l__coffin_x_dim=\dimen186
\l__coffin_y_dim=\dimen187
\l__coffin_x_prime_dim=\dimen188
\l__coffin_y_prime_dim=\dimen189
\c_empty_coffin=\box42
\l__coffin_aligned_coffin=\box43
\l__coffin_aligned_internal_coffin=\box44
\l_tmpa_coffin=\box45
\l_tmpb_coffin=\box46
\l__coffin_display_coffin=\box47
\l__coffin_display_coord_coffin=\box48
\l__coffin_display_pole_coffin=\box49
\l__coffin_display_offset_dim=\dimen190
\l__coffin_display_x_dim=\dimen191
\l__coffin_display_y_dim=\dimen192
=======
L3 Module: l3coffins 2017/02/12 v6906 L3 Coffin code layer
\l__coffin_internal_box=\box40
\l__coffin_internal_dim=\dimen175
\l__coffin_offset_x_dim=\dimen176
\l__coffin_offset_y_dim=\dimen177
\l__coffin_x_dim=\dimen178
\l__coffin_y_dim=\dimen179
\l__coffin_x_prime_dim=\dimen180
\l__coffin_y_prime_dim=\dimen181
\c_empty_coffin=\box41
\l__coffin_aligned_coffin=\box42
\l__coffin_aligned_internal_coffin=\box43
\l_tmpa_coffin=\box44
\l_tmpb_coffin=\box45
\l__coffin_display_coffin=\box46
\l__coffin_display_coord_coffin=\box47
\l__coffin_display_pole_coffin=\box48
\l__coffin_display_offset_dim=\dimen182
\l__coffin_display_x_dim=\dimen183
\l__coffin_display_y_dim=\dimen184
L3 Module: l3color 2016/12/28 v6805 L3 Experimental color support
L3 Module: l3sys 2017/02/22 v6976 L3 Experimental system/runtime functions
L3 Module: l3deprecation 2017/02/20 v6966 L3 Deprecation errors
L3 Module: l3candidates 2017/02/20 v6967 L3 Experimental additions to l3kernel
\l__box_top_dim=\dimen185
\l__box_bottom_dim=\dimen186
\l__box_left_dim=\dimen187
\l__box_right_dim=\dimen188
\l__box_top_new_dim=\dimen189
\l__box_bottom_new_dim=\dimen190
\l__box_left_new_dim=\dimen191
\l__box_right_new_dim=\dimen192
\l__box_internal_box=\box49
>>>>>>> f3150d2c6b2352ceaae3b42a8c1ad527a367ca09
\l__coffin_bounding_shift_dim=\dimen193
\l__coffin_left_corner_dim=\dimen194
\l__coffin_right_corner_dim=\dimen195
\l__coffin_bottom_corner_dim=\dimen196
\l__coffin_top_corner_dim=\dimen197
\l__coffin_scaled_total_height_dim=\dimen198
\l__coffin_scaled_width_dim=\dimen199
<<<<<<< HEAD
)
("C:\Program Files (x86)\MiKTeX 2.9\tex\latex\l3kernel\l3pdfmode.def"
File: l3pdfmode.def 2017/03/18 v L3 Experimental driver: PDF mode
\l__driver_color_stack_int=\count274
\l__driver_tmp_box=\box50
))
("C:\Program Files (x86)\MiKTeX 2.9\tex\latex\l3packages\xparse\xparse.sty"
Package: xparse 2017/12/16 L3 Experimental document command parser
\l__xparse_current_arg_int=\count275
\g__xparse_grabber_int=\count276
\l__xparse_m_args_int=\count277
\l__xparse_mandatory_args_int=\count278
\l__xparse_v_nesting_int=\count279
)
Package: siunitx 2017/11/26 v2.7k A comprehensive (SI) units package

("C:\Program Files (x86)\MiKTeX 2.9\tex\latex\l3packages\l3keys2e\l3keys2e.sty"
Package: l3keys2e 2017/12/16 LaTeX2e option processing using LaTeX3 keys
)
\l__siunitx_tmp_box=\box51
\l__siunitx_tmp_dim=\dimen256
\l__siunitx_tmp_int=\count280
\l__siunitx_number_mantissa_length_int=\count281
\l__siunitx_number_uncert_length_int=\count282
\l__siunitx_round_int=\count283
\l__siunitx_process_decimal_int=\count284
\l__siunitx_process_uncertainty_int=\count285
\l__siunitx_process_fixed_int=\count286
\l__siunitx_process_integer_min_int=\count287
\l__siunitx_process_precision_int=\count288
\l__siunitx_group_min_int=\count289
=======
L3 Module: l3luatex 2017/02/18 v6953 L3 Experimental LuaTeX-specific functions
)
(c:/Program Files (x86)/texlive/2016/texmf-dist/tex/latex/l3kernel/l3pdfmode.de
f
File: l3pdfmode.def 2017/02/18 v6953 L3 Experimental driver: PDF mode
\l__driver_color_stack_int=\count160
\l__driver_tmp_box=\box50
))
(c:/Program Files (x86)/texlive/2016/texmf-dist/tex/latex/l3packages/xparse/xpa
rse.sty
Package: xparse 2017/03/07 v6984 L3 Experimental document command parser
\l__xparse_current_arg_int=\count161
\g__xparse_grabber_int=\count162
\l__xparse_m_args_int=\count163
\l__xparse_mandatory_args_int=\count164
\l__xparse_v_nesting_int=\count165
)
Package: siunitx 2017/03/06 v2.7e A comprehensive (SI) units package

(c:/Program Files (x86)/texlive/2016/texmf-dist/tex/latex/l3packages/l3keys2e/l
3keys2e.sty
Package: l3keys2e 2017/03/07 v6984 LaTeX2e option processing using LaTeX3 keys
)
\l__siunitx_tmp_box=\box51
\l__siunitx_tmp_dim=\dimen256
\l__siunitx_tmp_int=\count166
\l__siunitx_number_mantissa_length_int=\count167
\l__siunitx_number_uncert_length_int=\count168
\l__siunitx_round_int=\count169
\l__siunitx_process_decimal_int=\count170
\l__siunitx_process_uncertainty_int=\count171
\l__siunitx_process_fixed_int=\count172
\l__siunitx_process_integer_min_int=\count173
\l__siunitx_process_precision_int=\count174
\l__siunitx_group_min_int=\count175
>>>>>>> f3150d2c6b2352ceaae3b42a8c1ad527a367ca09
\l__siunitx_angle_marker_box=\box52
\l__siunitx_angle_unit_box=\box53
\l__siunitx_angle_marker_dim=\dimen257
\l__siunitx_angle_unit_dim=\dimen258
<<<<<<< HEAD
\l__siunitx_unit_int=\count290
\l__siunitx_unit_denominator_int=\count291
\l__siunitx_unit_numerator_int=\count292
\l__siunitx_unit_prefix_int=\count293
\l__siunitx_unit_prefix_base_int=\count294
\l__siunitx_unit_prefix_gram_int=\count295
\l__siunitx_number_product_int=\count296
=======
\l__siunitx_unit_int=\count176
\l__siunitx_unit_denominator_int=\count177
\l__siunitx_unit_numerator_int=\count178
\l__siunitx_unit_prefix_int=\count179
\l__siunitx_unit_prefix_base_int=\count180
\l__siunitx_unit_prefix_gram_int=\count181
\l__siunitx_number_product_int=\count182
>>>>>>> f3150d2c6b2352ceaae3b42a8c1ad527a367ca09
\c__siunitx_one_fill_skip=\skip67
\l__siunitx_table_unit_align_skip=\skip68
\l__siunitx_table_exponent_dim=\dimen259
\l__siunitx_table_integer_dim=\dimen260
\l__siunitx_table_mantissa_dim=\dimen261
\l__siunitx_table_marker_dim=\dimen262
\l__siunitx_table_result_dim=\dimen263
\l__siunitx_table_uncert_dim=\dimen264
\l__siunitx_table_fill_pre_dim=\dimen265
\l__siunitx_table_fill_post_dim=\dimen266
\l__siunitx_table_fill_mid_dim=\dimen267
\l__siunitx_table_pre_box=\box54
\l__siunitx_table_post_box=\box55
\l__siunitx_table_mantissa_box=\box56
\l__siunitx_table_result_box=\box57
\l__siunitx_table_number_align_skip=\skip69
\l__siunitx_table_text_align_skip=\skip70
.................................................
. LaTeX info: "xparse/define-command"
. 
<<<<<<< HEAD
. Defining command \DeclareBinaryPrefix with sig. 'mmm' on line 7250.
=======
. Defining command \DeclareBinaryPrefix with sig. 'mmm' on line 7271.
>>>>>>> f3150d2c6b2352ceaae3b42a8c1ad527a367ca09
.................................................
.................................................
. LaTeX info: "xparse/define-command"
. 
<<<<<<< HEAD
. Defining command \DeclareSIPostPower with sig. 'mm' on line 7253.
=======
. Defining command \DeclareSIPostPower with sig. 'mm' on line 7274.
>>>>>>> f3150d2c6b2352ceaae3b42a8c1ad527a367ca09
.................................................
.................................................
. LaTeX info: "xparse/define-command"
. 
<<<<<<< HEAD
. Defining command \DeclareSIPrefix with sig. 'mmm' on line 7256.
=======
. Defining command \DeclareSIPrefix with sig. 'mmm' on line 7277.
>>>>>>> f3150d2c6b2352ceaae3b42a8c1ad527a367ca09
.................................................
.................................................
. LaTeX info: "xparse/define-command"
. 
<<<<<<< HEAD
. Defining command \DeclareSIPrePower with sig. 'mm' on line 7259.
=======
. Defining command \DeclareSIPrePower with sig. 'mm' on line 7280.
>>>>>>> f3150d2c6b2352ceaae3b42a8c1ad527a367ca09
.................................................
.................................................
. LaTeX info: "xparse/define-command"
. 
<<<<<<< HEAD
. Defining command \DeclareSIQualifier with sig. 'mm' on line 7262.
=======
. Defining command \DeclareSIQualifier with sig. 'mm' on line 7283.
>>>>>>> f3150d2c6b2352ceaae3b42a8c1ad527a367ca09
.................................................
.................................................
. LaTeX info: "xparse/define-command"
. 
<<<<<<< HEAD
. Defining command \DeclareSIUnit with sig. 'O{}mm' on line 7265.
=======
. Defining command \DeclareSIUnit with sig. 'O{}mm' on line 7286.
>>>>>>> f3150d2c6b2352ceaae3b42a8c1ad527a367ca09
.................................................
.................................................
. LaTeX info: "xparse/define-command"
. 
<<<<<<< HEAD
. Defining command \DeclareSIUnitWithOptions with sig. 'mmm' on line 7268.
=======
. Defining command \DeclareSIUnitWithOptions with sig. 'mmm' on line 7289.
>>>>>>> f3150d2c6b2352ceaae3b42a8c1ad527a367ca09
.................................................
.................................................
. LaTeX info: "xparse/define-command"
. 
<<<<<<< HEAD
. Defining command \ang with sig. 'o>{\SplitArgument {2}{;}}m' on line 7283.
=======
. Defining command \ang with sig. 'o>{\SplitArgument {2}{;}}m' on line 7304.
>>>>>>> f3150d2c6b2352ceaae3b42a8c1ad527a367ca09
.................................................
.................................................
. LaTeX info: "xparse/define-command"
. 
<<<<<<< HEAD
. Defining command \num with sig. 'om' on line 7292.
=======
. Defining command \num with sig. 'om' on line 7313.
>>>>>>> f3150d2c6b2352ceaae3b42a8c1ad527a367ca09
.................................................
.................................................
. LaTeX info: "xparse/define-command"
. 
<<<<<<< HEAD
. Defining command \numlist with sig. 'o>{\SplitList {;}}m' on line 7301.
=======
. Defining command \numlist with sig. 'o>{\SplitList {;}}m' on line 7322.
>>>>>>> f3150d2c6b2352ceaae3b42a8c1ad527a367ca09
.................................................
.................................................
. LaTeX info: "xparse/define-command"
. 
<<<<<<< HEAD
. Defining command \numrange with sig. 'omm' on line 7310.
=======
. Defining command \numrange with sig. 'omm' on line 7331.
>>>>>>> f3150d2c6b2352ceaae3b42a8c1ad527a367ca09
.................................................
.................................................
. LaTeX info: "xparse/define-command"
. 
<<<<<<< HEAD
. Defining command \SIlist with sig. 'o>{\SplitList {;}}mm' on line 7322.
=======
. Defining command \SIlist with sig. 'o>{\SplitList {;}}mm' on line 7343.
>>>>>>> f3150d2c6b2352ceaae3b42a8c1ad527a367ca09
.................................................
.................................................
. LaTeX info: "xparse/define-command"
. 
<<<<<<< HEAD
. Defining command \SIrange with sig. 'ommm' on line 7334.
=======
. Defining command \SIrange with sig. 'ommm' on line 7355.
>>>>>>> f3150d2c6b2352ceaae3b42a8c1ad527a367ca09
.................................................
.................................................
. LaTeX info: "xparse/define-command"
. 
<<<<<<< HEAD
. Defining command \SI with sig. 'omom' on line 7346.
=======
. Defining command \SI with sig. 'omom' on line 7367.
>>>>>>> f3150d2c6b2352ceaae3b42a8c1ad527a367ca09
.................................................
.................................................
. LaTeX info: "xparse/define-command"
. 
<<<<<<< HEAD
. Defining command \sisetup with sig. 'm' on line 7349.
=======
. Defining command \sisetup with sig. 'm' on line 7370.
>>>>>>> f3150d2c6b2352ceaae3b42a8c1ad527a367ca09
.................................................
.................................................
. LaTeX info: "xparse/define-command"
. 
<<<<<<< HEAD
. Defining command \tablenum with sig. 'om' on line 7364.
=======
. Defining command \tablenum with sig. 'om' on line 7385.
>>>>>>> f3150d2c6b2352ceaae3b42a8c1ad527a367ca09
.................................................
.................................................
. LaTeX info: "xparse/define-command"
. 
<<<<<<< HEAD
. Defining command \si with sig. 'om' on line 7376.
=======
. Defining command \si with sig. 'om' on line 7397.
>>>>>>> f3150d2c6b2352ceaae3b42a8c1ad527a367ca09
.................................................
.................................................
. LaTeX info: "xparse/define-command"
. 
<<<<<<< HEAD
. Defining command \numInBookmark with sig. 'om' on line 7423.
=======
. Defining command \__siunitx_bookmark_num:w with sig. 'om' on line 7444.
>>>>>>> f3150d2c6b2352ceaae3b42a8c1ad527a367ca09
.................................................
.................................................
. LaTeX info: "xparse/define-command"
. 
<<<<<<< HEAD
. Defining command \numrangeInBookmark with sig. 'omm' on line 7425.
=======
. Defining command \__siunitx_bookmark_numrange:w with sig. 'omm' on line
. 7446.
>>>>>>> f3150d2c6b2352ceaae3b42a8c1ad527a367ca09
.................................................
.................................................
. LaTeX info: "xparse/define-command"
. 
<<<<<<< HEAD
. Defining command \SIInBookmark with sig. 'omom' on line 7427.
=======
. Defining command \__siunitx_bookmark_SI:w with sig. 'omom' on line 7448.
>>>>>>> f3150d2c6b2352ceaae3b42a8c1ad527a367ca09
.................................................
.................................................
. LaTeX info: "xparse/define-command"
. 
<<<<<<< HEAD
. Defining command \SIlistInBookmark with sig. 'omm' on line 7429.
=======
. Defining command \__siunitx_bookmark_SIlist:w with sig. 'omm' on line 7450.
>>>>>>> f3150d2c6b2352ceaae3b42a8c1ad527a367ca09
.................................................
.................................................
. LaTeX info: "xparse/define-command"
. 
<<<<<<< HEAD
. Defining command \SIrangeInBookmark with sig. 'ommm' on line 7431.
=======
. Defining command \__siunitx_bookmark_SIrange:w with sig. 'ommm' on line
. 7452.
>>>>>>> f3150d2c6b2352ceaae3b42a8c1ad527a367ca09
.................................................
.................................................
. LaTeX info: "xparse/define-command"
. 
<<<<<<< HEAD
. Defining command \siInBookmark with sig. 'om' on line 7432.
.................................................
\g__file_internal_ior=\read1

("C:\Program Files (x86)\MiKTeX 2.9\tex\latex\beamer\base\translator\translator
.sty"
Package: translator 2010/06/12 ver 1.10

("C:\Program Files (x86)\MiKTeX 2.9\tex\latex\beamer\base\translator\translator
-language-mappings.tex")))
("C:\Program Files (x86)\MiKTeX 2.9\tex\latex\appendix\appendix.sty"
Package: appendix 2009/09/02 v1.2b extra appendix facilities
\c@@pps=\count297
\c@@ppsavesec=\count298
\c@@ppsaveapp=\count299
)
\c@theorem=\count300
\c@lemma=\count301
\c@remark=\count302
\c@corollary=\count303
\c@exam=\count304
\c@proposition=\count305

("C:\Program Files (x86)\MiKTeX 2.9\tex\latex\tools\xspace.sty"
Package: xspace 2014/10/28 v1.13 Space after command names (DPC,MH)
)
("C:\Program Files (x86)\MiKTeX 2.9\tex\latex\lineno\lineno.sty"
Package: lineno 2005/11/02 line numbers on paragraphs v4.41
\linenopenalty=\count306
\output=\toks33
\linenoprevgraf=\count307
\linenumbersep=\dimen268
\linenumberwidth=\dimen269
\c@linenumber=\count308
\c@pagewiselinenumber=\count309
\c@LN@truepage=\count310
\c@internallinenumber=\count311
\c@internallinenumbers=\count312
=======
. Defining command \__siunitx_bookmark_si:w with sig. 'om' on line 7453.
.................................................
\g__file_internal_ior=\read1

(c:/Program Files (x86)/texlive/2016/texmf-dist/tex/latex/beamer/translator/tra
nslator.sty
Package: translator 2010/06/12 ver 1.10

(c:/Program Files (x86)/texlive/2016/texmf-dist/tex/latex/beamer/translator/tra
nslator-language-mappings.tex)))
(c:/Program Files (x86)/texlive/2016/texmf-dist/tex/latex/appendix/appendix.sty
Package: appendix 2009/09/02 v1.2b extra appendix facilities
\c@@pps=\count183
\c@@ppsavesec=\count184
\c@@ppsaveapp=\count185
)
\c@theorem=\count186
\c@lemma=\count187
\c@remark=\count188
\c@corollary=\count189
\c@exam=\count190
\c@proposition=\count191
 (c:/Program Files (x86)/texlive/2016/texmf-dist/tex/latex/tools/xspace.sty
Package: xspace 2014/10/28 v1.13 Space after command names (DPC,MH)
)
(c:/Program Files (x86)/texlive/2016/texmf-dist/tex/latex/lineno/lineno.sty
Package: lineno 2005/11/02 line numbers on paragraphs v4.41
\linenopenalty=\count192
\output=\toks33
\linenoprevgraf=\count193
\linenumbersep=\dimen268
\linenumberwidth=\dimen269
\c@linenumber=\count194
\c@pagewiselinenumber=\count195
\c@LN@truepage=\count196
\c@internallinenumber=\count197
\c@internallinenumbers=\count198
>>>>>>> f3150d2c6b2352ceaae3b42a8c1ad527a367ca09
\quotelinenumbersep=\dimen270
\bframerule=\dimen271
\bframesep=\dimen272
\bframebox=\box58
LaTeX Info: Redefining \\ on input line 3056.
)

LaTeX Warning: Unused global option(s):
    [a4paper12pt].

<<<<<<< HEAD
(IBTSnewPaperBeforeOlav-NatoyaEditedFebruar2018.aux)
=======
(./IBTSnewPaperBeforeOlav-NatoyaEditedFebruar2018.aux)
>>>>>>> f3150d2c6b2352ceaae3b42a8c1ad527a367ca09
\openout1 = `IBTSnewPaperBeforeOlav-NatoyaEditedFebruar2018.aux'.

LaTeX Font Info:    Checking defaults for OML/cmm/m/it on input line 90.
LaTeX Font Info:    ... okay on input line 90.
LaTeX Font Info:    Checking defaults for T1/cmr/m/n on input line 90.
LaTeX Font Info:    ... okay on input line 90.
LaTeX Font Info:    Checking defaults for OT1/cmr/m/n on input line 90.
LaTeX Font Info:    ... okay on input line 90.
LaTeX Font Info:    Checking defaults for OMS/cmsy/m/n on input line 90.
LaTeX Font Info:    ... okay on input line 90.
LaTeX Font Info:    Checking defaults for OMX/cmex/m/n on input line 90.
LaTeX Font Info:    ... okay on input line 90.
LaTeX Font Info:    Checking defaults for U/cmr/m/n on input line 90.
LaTeX Font Info:    ... okay on input line 90.

*geometry* driver: auto-detecting
*geometry* detected driver: pdftex
*geometry* verbose mode - [ preamble ] result:
* driver: pdftex
* paper: <default>
* layout: <same size as paper>
* layoutoffset:(h,v)=(0.0pt,0.0pt)
* modes: 
* h-part:(L,W,R)=(72.26999pt, 469.75502pt, 72.26999pt)
* v-part:(T,H,B)=(72.26999pt, 650.43001pt, 72.26999pt)
* \paperwidth=614.295pt
* \paperheight=794.96999pt
* \textwidth=469.75499pt
* \textheight=650.43pt
* \oddsidemargin=0.0pt
* \evensidemargin=0.0pt
* \topmargin=-36.135pt
* \headheight=12.0pt
* \headsep=25.0pt
* \topskip=10.0pt
* \footskip=30.0pt
* \marginparwidth=65.0pt
* \marginparsep=11.0pt
* \columnsep=10.0pt
* \skip\footins=9.0pt plus 4.0pt minus 2.0pt
* \hoffset=0.0pt
* \voffset=0.0pt
* \mag=1000
* \@twocolumnfalse
* \@twosidefalse
* \@mparswitchfalse
* \@reversemarginfalse
* (1in=72.27pt=25.4mm, 1cm=28.453pt)

<<<<<<< HEAD
("C:\Program Files (x86)\MiKTeX 2.9\tex\context\base\supp-pdf.mkii"
[Loading MPS to PDF converter (version 2006.09.02).]
\scratchcounter=\count313
\scratchdimen=\dimen273
\scratchbox=\box59
\nofMPsegments=\count314
\nofMParguments=\count315
\everyMPshowfont=\toks34
\MPscratchCnt=\count316
\MPscratchDim=\dimen274
\MPnumerator=\count317
\makeMPintoPDFobject=\count318
\everyMPtoPDFconversion=\toks35
) ("C:\Program Files (x86)\MiKTeX 2.9\tex\generic\oberdiek\pdftexcmds.sty"
Package: pdftexcmds 2016/05/21 v0.22 Utility functions of pdfTeX for LuaTeX (HO
)

("C:\Program Files (x86)\MiKTeX 2.9\tex\generic\oberdiek\ifluatex.sty"
=======

(c:/Program Files (x86)/texlive/2016/texmf-dist/tex/context/base/mkii/supp-pdf.
mkii
[Loading MPS to PDF converter (version 2006.09.02).]
\scratchcounter=\count199
\scratchdimen=\dimen273
\scratchbox=\box59
\nofMPsegments=\count266
\nofMParguments=\count267
\everyMPshowfont=\toks34
\MPscratchCnt=\count268
\MPscratchDim=\dimen274
\MPnumerator=\count269
\makeMPintoPDFobject=\count270
\everyMPtoPDFconversion=\toks35
)
(c:/Program Files (x86)/texlive/2016/texmf-dist/tex/generic/oberdiek/pdftexcmds
.sty
Package: pdftexcmds 2016/05/21 v0.22 Utility functions of pdfTeX for LuaTeX (HO
)

(c:/Program Files (x86)/texlive/2016/texmf-dist/tex/generic/oberdiek/ifluatex.s
ty
>>>>>>> f3150d2c6b2352ceaae3b42a8c1ad527a367ca09
Package: ifluatex 2016/05/16 v1.4 Provides the ifluatex switch (HO)
Package ifluatex Info: LuaTeX not detected.
)
Package pdftexcmds Info: LuaTeX not detected.
Package pdftexcmds Info: \pdf@primitive is available.
Package pdftexcmds Info: \pdf@ifprimitive is available.
Package pdftexcmds Info: \pdfdraftmode found.
)
<<<<<<< HEAD
("C:\Program Files (x86)\MiKTeX 2.9\tex\latex\oberdiek\epstopdf-base.sty"
Package: epstopdf-base 2016/05/15 v2.6 Base part for package epstopdf

("C:\Program Files (x86)\MiKTeX 2.9\tex\latex\oberdiek\grfext.sty"
Package: grfext 2016/05/16 v1.2 Manage graphics extensions (HO)

("C:\Program Files (x86)\MiKTeX 2.9\tex\generic\oberdiek\kvdefinekeys.sty"
Package: kvdefinekeys 2016/05/16 v1.4 Define keys (HO)
))
("C:\Program Files (x86)\MiKTeX 2.9\tex\latex\oberdiek\kvoptions.sty"
Package: kvoptions 2016/05/16 v3.12 Key value format for package options (HO)

("C:\Program Files (x86)\MiKTeX 2.9\tex\generic\oberdiek\kvsetkeys.sty"
Package: kvsetkeys 2016/05/16 v1.17 Key value parser (HO)

("C:\Program Files (x86)\MiKTeX 2.9\tex\generic\oberdiek\etexcmds.sty"
=======
(c:/Program Files (x86)/texlive/2016/texmf-dist/tex/latex/oberdiek/epstopdf-bas
e.sty
Package: epstopdf-base 2016/05/15 v2.6 Base part for package epstopdf

(c:/Program Files (x86)/texlive/2016/texmf-dist/tex/latex/oberdiek/grfext.sty
Package: grfext 2016/05/16 v1.2 Manage graphics extensions (HO)

(c:/Program Files (x86)/texlive/2016/texmf-dist/tex/generic/oberdiek/kvdefineke
ys.sty
Package: kvdefinekeys 2016/05/16 v1.4 Define keys (HO)
))
(c:/Program Files (x86)/texlive/2016/texmf-dist/tex/latex/oberdiek/kvoptions.st
y
Package: kvoptions 2016/05/16 v3.12 Key value format for package options (HO)

(c:/Program Files (x86)/texlive/2016/texmf-dist/tex/generic/oberdiek/kvsetkeys.
sty
Package: kvsetkeys 2016/05/16 v1.17 Key value parser (HO)

(c:/Program Files (x86)/texlive/2016/texmf-dist/tex/generic/oberdiek/etexcmds.s
ty
>>>>>>> f3150d2c6b2352ceaae3b42a8c1ad527a367ca09
Package: etexcmds 2016/05/16 v1.6 Avoid name clashes with e-TeX commands (HO)
Package etexcmds Info: Could not find \expanded.
(etexcmds)             That can mean that you are not using pdfTeX 1.50 or
(etexcmds)             that some package has redefined \expanded.
(etexcmds)             In the latter case, load this package earlier.
)))
Package epstopdf-base Info: Redefining graphics rule for `.eps' on input line 4
38.
Package grfext Info: Graphics extension search list:
(grfext)             [.png,.pdf,.jpg,.mps,.jpeg,.jbig2,.jb2,.PNG,.PDF,.JPG,.JPE
G,.JBIG2,.JB2,.eps]
(grfext)             \AppendGraphicsExtensions on input line 456.
<<<<<<< HEAD
)
=======

(c:/Program Files (x86)/texlive/2016/texmf-dist/tex/latex/latexconfig/epstopdf-
sys.cfg
File: epstopdf-sys.cfg 2010/07/13 v1.3 Configuration of (r)epstopdf for TeX Liv
e
))
>>>>>>> f3150d2c6b2352ceaae3b42a8c1ad527a367ca09
Package caption Info: Begin \AtBeginDocument code.
Package caption Info: subfig package v1.3 is loaded.
Package caption Info: End \AtBeginDocument code.

<<<<<<< HEAD
("C:\Program Files (x86)\MiKTeX 2.9\tex\latex\beamer\base\translator\dicts\tran
slator-basic-dictionary\translator-basic-dictionary-English.dict"
Dictionary: translator-basic-dictionary, Language: English 
)
("C:\Program Files (x86)\MiKTeX 2.9\tex\latex\siunitx\siunitx-abbreviations.cfg
"
File: siunitx-abbreviations.cfg 2017/11/26 v2.7k siunitx: Abbreviated units
)
\c__siunitx_mathsf_int=\count319
LaTeX Font Info:    Try loading font information for U+msa on input line 90.
 ("C:\Program Files (x86)\MiKTeX 2.9\tex\latex\amsfonts\umsa.fd"
=======
(c:/Program Files (x86)/texlive/2016/texmf-dist/tex/latex/beamer/translator/dic
ts/translator-basic-dictionary/translator-basic-dictionary-English.dict
Dictionary: translator-basic-dictionary, Language: English 
)
(c:/Program Files (x86)/texlive/2016/texmf-dist/tex/latex/siunitx/siunitx-abbre
viations.cfg
File: siunitx-abbreviations.cfg 2017/03/06 v2.7e siunitx: Abbreviated units
)
\c__siunitx_mathsf_int=\count271
LaTeX Font Info:    Try loading font information for U+msa on input line 90.

(c:/Program Files (x86)/texlive/2016/texmf-dist/tex/latex/amsfonts/umsa.fd
>>>>>>> f3150d2c6b2352ceaae3b42a8c1ad527a367ca09
File: umsa.fd 2013/01/14 v3.01 AMS symbols A
)
LaTeX Font Info:    Try loading font information for U+msb on input line 90.

<<<<<<< HEAD
("C:\Program Files (x86)\MiKTeX 2.9\tex\latex\amsfonts\umsb.fd"
File: umsb.fd 2013/01/14 v3.01 AMS symbols B
)
\c__siunitx_mathtt_int=\count320
 [1

{C:/ProgramData/MiKTeX/2.9/pdftex/config/pdftex.map}]
=======
(c:/Program Files (x86)/texlive/2016/texmf-dist/tex/latex/amsfonts/umsb.fd
File: umsb.fd 2013/01/14 v3.01 AMS symbols B
)
\c__siunitx_mathtt_int=\count272

[1

{c:/Program Files (x86)/texlive/2016/texmf-var/fonts/map/pdftex/updmap/pdftex.m
ap}]

LaTeX Warning: Reference `methods' on page 2 undefined on input line 104.

>>>>>>> f3150d2c6b2352ceaae3b42a8c1ad527a367ca09

LaTeX Warning: Reference `sec:data' on page 2 undefined on input line 104.

[2

<<<<<<< HEAD
] <40cm2015.png, id=15, 957.5775pt x 593.21625pt>
File: 40cm2015.png Graphic file (type png)
 <use 40cm2015.png>
Package pdftex.def Info: 40cm2015.png used on input line 108.
(pdftex.def)             Requested size: 383.02422pt x 237.28229pt.
=======
] <Allcode40cm2015.png, id=16, 843.15pt x 843.15pt>
File: Allcode40cm2015.png Graphic file (type png)

<use Allcode40cm2015.png>
Package pdftex.def Info: Allcode40cm2015.png used on input line 108.
(pdftex.def)             Requested size: 337.25401pt x 337.25401pt.
>>>>>>> f3150d2c6b2352ceaae3b42a8c1ad527a367ca09

Underfull \hbox (badness 10000) in paragraph at lines 114--116

 []

<<<<<<< HEAD
[3 <./40cm2015.png>]
=======
[3 <./Allcode40cm2015.png (PNG copy)>]
>>>>>>> f3150d2c6b2352ceaae3b42a8c1ad527a367ca09
Overfull \hbox (18.91263pt too wide) in paragraph at lines 123--138
 [][] 
 []


LaTeX Warning: Reference `weightings11' on page 4 undefined on input line 142.

<icesroundfishmap.jpg, id=21, 478.78876pt x 572.89032pt>
File: icesroundfishmap.jpg Graphic file (type jpg)

<use icesroundfishmap.jpg>
Package pdftex.def Info: icesroundfishmap.jpg used on input line 148.
(pdftex.def)             Requested size: 426.79134pt x 510.675pt.
<<<<<<< HEAD
 [4]

LaTeX Warning: `!h' float specifier changed to `!ht'.

[5]
=======
 [4] [5] [6 <./icesroundfishmap.jpg>]
>>>>>>> f3150d2c6b2352ceaae3b42a8c1ad527a367ca09
Underfull \hbox (badness 10000) in paragraph at lines 155--156

 []

<<<<<<< HEAD
[6 <./icesroundfishmap.jpg>] [7]
=======
[7]
>>>>>>> f3150d2c6b2352ceaae3b42a8c1ad527a367ca09
Underfull \hbox (badness 10000) in paragraph at lines 206--213

 []

[8] [9] [10] [11] [12]
Underfull \hbox (badness 10000) in paragraph at lines 316--317

 []

[13] [14


] [15

]
Underfull \hbox (badness 10000) in paragraph at lines 518--519

 []


Underfull \hbox (badness 10000) in paragraph at lines 522--523

 []

[16

]
Overfull \hbox (26.71715pt too wide) in alignment at lines 556--556
[][][][][][]
 []

[17

]
LaTeX Font Info:    Try loading font information for OMS+cmr on input line 570.

<<<<<<< HEAD
 ("C:\Program Files (x86)\MiKTeX 2.9\tex\latex\base\omscmr.fd"
=======
 (c:/Program Files (x86)/texlive/2016/texmf-dist/tex/latex/base/omscmr.fd
>>>>>>> f3150d2c6b2352ceaae3b42a8c1ad527a367ca09
File: omscmr.fd 2014/09/29 v2.5h Standard LaTeX font definitions
)
LaTeX Font Info:    Font shape `OMS/cmr/m/n' in size <10> not available
(Font)              Font shape `OMS/cmsy/m/n' tried instead on input line 570.

Underfull \hbox (badness 10000) in paragraph at lines 579--580

 []

<<<<<<< HEAD
[18] (IBTSnewPaperBeforeOlav-NatoyaEditedFebruar2018.bbl
=======
[18] (./IBTSnewPaperBeforeOlav-NatoyaEditedFebruar2018.bbl
>>>>>>> f3150d2c6b2352ceaae3b42a8c1ad527a367ca09
Missing character: There is no  in font cmti10!
Missing character: There is no  in font cmti10!
Missing character: There is no  in font cmti10!
 [19

]) [20]
<<<<<<< HEAD
(IBTSnewPaperBeforeOlav-NatoyaEditedFebruar2018.aux)

LaTeX Warning: There were undefined references.


LaTeX Warning: Label(s) may have changed. Rerun to get cross-references right.

 ) 
Here is how much of TeX's memory you used:
 17536 strings out of 493334
 340226 string characters out of 3136669
 385336 words of memory out of 3000000
 20854 multiletter control sequences out of 15000+200000
 545474 words of font info for 81 fonts, out of 3000000 for 9000
 1141 hyphenation exceptions out of 8191
 41i,20n,77p,10430b,662s stack positions out of 5000i,500n,10000p,200000b,50000s
<C:/Program Files (x86)/MiKTeX 2.9/fonts/type1/public/amsfonts/cm/cmbx10.pfb>
<C:/Program Files (x86)/MiKTeX 2.9/fonts/type1/public/amsfonts/cm/cmbx12.pfb><C
:/Program Files (x86)/MiKTeX 2.9/fonts/type1/public/amsfonts/cm/cmbx7.pfb><C:/P
rogram Files (x86)/MiKTeX 2.9/fonts/type1/public/amsfonts/cm/cmbx8.pfb><C:/Prog
ram Files (x86)/MiKTeX 2.9/fonts/type1/public/amsfonts/cm/cmbx9.pfb><C:/Program
 Files (x86)/MiKTeX 2.9/fonts/type1/public/amsfonts/cm/cmex10.pfb><C:/Program F
iles (x86)/MiKTeX 2.9/fonts/type1/public/amsfonts/cmextra/cmex7.pfb><C:/Program
 Files (x86)/MiKTeX 2.9/fonts/type1/public/amsfonts/cm/cmmi10.pfb><C:/Program F
iles (x86)/MiKTeX 2.9/fonts/type1/public/amsfonts/cm/cmmi5.pfb><C:/Program File
s (x86)/MiKTeX 2.9/fonts/type1/public/amsfonts/cm/cmmi6.pfb><C:/Program Files (
x86)/MiKTeX 2.9/fonts/type1/public/amsfonts/cm/cmmi7.pfb><C:/Program Files (x86
)/MiKTeX 2.9/fonts/type1/public/amsfonts/cm/cmmi9.pfb><C:/Program Files (x86)/M
iKTeX 2.9/fonts/type1/public/amsfonts/cm/cmr10.pfb><C:/Program Files (x86)/MiKT
eX 2.9/fonts/type1/public/amsfonts/cm/cmr17.pfb><C:/Program Files (x86)/MiKTeX 
2.9/fonts/type1/public/amsfonts/cm/cmr5.pfb><C:/Program Files (x86)/MiKTeX 2.9/
fonts/type1/public/amsfonts/cm/cmr6.pfb><C:/Program Files (x86)/MiKTeX 2.9/font
s/type1/public/amsfonts/cm/cmr7.pfb><C:/Program Files (x86)/MiKTeX 2.9/fonts/ty
pe1/public/amsfonts/cm/cmr8.pfb><C:/Program Files (x86)/MiKTeX 2.9/fonts/type1/
public/amsfonts/cm/cmr9.pfb><C:/Program Files (x86)/MiKTeX 2.9/fonts/type1/publ
ic/amsfonts/cm/cmss10.pfb><C:/Program Files (x86)/MiKTeX 2.9/fonts/type1/public
/amsfonts/cm/cmss8.pfb><C:/Program Files (x86)/MiKTeX 2.9/fonts/type1/public/am
sfonts/cm/cmsy10.pfb><C:/Program Files (x86)/MiKTeX 2.9/fonts/type1/public/amsf
onts/cm/cmsy5.pfb><C:/Program Files (x86)/MiKTeX 2.9/fonts/type1/public/amsfont
s/cm/cmsy6.pfb><C:/Program Files (x86)/MiKTeX 2.9/fonts/type1/public/amsfonts/c
m/cmsy7.pfb><C:/Program Files (x86)/MiKTeX 2.9/fonts/type1/public/amsfonts/cm/c
mti10.pfb>
Output written on IBTSnewPaperBeforeOlav-NatoyaEditedFebruar2018.pdf (20 pages,
 468161 bytes).
PDF statistics:
 174 PDF objects out of 1000 (max. 8388607)
=======
(./IBTSnewPaperBeforeOlav-NatoyaEditedFebruar2018.aux)

LaTeX Warning: There were undefined references.

 ) 
Here is how much of TeX's memory you used:
 16680 strings out of 493013
 322543 string characters out of 6136993
 363910 words of memory out of 5000000
 20009 multiletter control sequences out of 15000+600000
 18842 words of font info for 73 fonts, out of 8000000 for 9000
 1141 hyphenation exceptions out of 8191
 41i,20n,77p,10430b,662s stack positions out of 5000i,500n,10000p,200000b,80000s
<c:/Program Files (x86)/texlive/2016/texmf-dist/fonts/type1/public/amsfonts/c
m/cmbx10.pfb><c:/Program Files (x86)/texlive/2016/texmf-dist/fonts/type1/public
/amsfonts/cm/cmbx12.pfb><c:/Program Files (x86)/texlive/2016/texmf-dist/fonts/t
ype1/public/amsfonts/cm/cmbx7.pfb><c:/Program Files (x86)/texlive/2016/texmf-di
st/fonts/type1/public/amsfonts/cm/cmbx8.pfb><c:/Program Files (x86)/texlive/201
6/texmf-dist/fonts/type1/public/amsfonts/cm/cmbx9.pfb><c:/Program Files (x86)/t
exlive/2016/texmf-dist/fonts/type1/public/amsfonts/cm/cmex10.pfb><c:/Program Fi
les (x86)/texlive/2016/texmf-dist/fonts/type1/public/amsfonts/cmextra/cmex7.pfb
><c:/Program Files (x86)/texlive/2016/texmf-dist/fonts/type1/public/amsfonts/cm
/cmmi10.pfb><c:/Program Files (x86)/texlive/2016/texmf-dist/fonts/type1/public/
amsfonts/cm/cmmi5.pfb><c:/Program Files (x86)/texlive/2016/texmf-dist/fonts/typ
e1/public/amsfonts/cm/cmmi6.pfb><c:/Program Files (x86)/texlive/2016/texmf-dist
/fonts/type1/public/amsfonts/cm/cmmi7.pfb><c:/Program Files (x86)/texlive/2016/
texmf-dist/fonts/type1/public/amsfonts/cm/cmmi9.pfb><c:/Program Files (x86)/tex
live/2016/texmf-dist/fonts/type1/public/amsfonts/cm/cmr10.pfb><c:/Program Files
 (x86)/texlive/2016/texmf-dist/fonts/type1/public/amsfonts/cm/cmr17.pfb><c:/Pro
gram Files (x86)/texlive/2016/texmf-dist/fonts/type1/public/amsfonts/cm/cmr5.pf
b><c:/Program Files (x86)/texlive/2016/texmf-dist/fonts/type1/public/amsfonts/c
m/cmr6.pfb><c:/Program Files (x86)/texlive/2016/texmf-dist/fonts/type1/public/a
msfonts/cm/cmr7.pfb><c:/Program Files (x86)/texlive/2016/texmf-dist/fonts/type1
/public/amsfonts/cm/cmr8.pfb><c:/Program Files (x86)/texlive/2016/texmf-dist/fo
nts/type1/public/amsfonts/cm/cmr9.pfb><c:/Program Files (x86)/texlive/2016/texm
f-dist/fonts/type1/public/amsfonts/cm/cmss10.pfb><c:/Program Files (x86)/texliv
e/2016/texmf-dist/fonts/type1/public/amsfonts/cm/cmss8.pfb><c:/Program Files (x
86)/texlive/2016/texmf-dist/fonts/type1/public/amsfonts/cm/cmsy10.pfb><c:/Progr
am Files (x86)/texlive/2016/texmf-dist/fonts/type1/public/amsfonts/cm/cmsy5.pfb
><c:/Program Files (x86)/texlive/2016/texmf-dist/fonts/type1/public/amsfonts/cm
/cmsy6.pfb><c:/Program Files (x86)/texlive/2016/texmf-dist/fonts/type1/public/a
msfonts/cm/cmsy7.pfb><c:/Program Files (x86)/texlive/2016/texmf-dist/fonts/type
1/public/amsfonts/cm/cmti10.pfb>
Output written on IBTSnewPaperBeforeOlav-NatoyaEditedFebruar2018.pdf (20 pages,
 469650 bytes).
PDF statistics:
 176 PDF objects out of 1000 (max. 8388607)
 124 compressed objects within 2 object streams
>>>>>>> f3150d2c6b2352ceaae3b42a8c1ad527a367ca09
 0 named destinations out of 1000 (max. 500000)
 11 words of extra memory for PDF output out of 10000 (max. 10000000)

